<?xml version="1.0" encoding="UTF-8" standalone="no"?><?xml-stylesheet type="text/xsl" href="../../data/frames.xsl"?><frames><node label="Source"><node label="Decls"><node label="VarDecl" lexeme="d"><node label="AtomType" spec="INT"><location loc="1.8--1.10"/><type label="INT"/></node><location loc="1.1--1.10"/></node><node label="VarDecl" lexeme="e"><node label="TypeName" lexeme="c"><location loc="2.8--2.8"/><declaredAt location="46.1--46.10"/><type label="TYPE" name="c"/></node><location loc="2.1--2.8"/></node><node label="VarDecl" lexeme="tab"><node label="TypeName" lexeme="y"><location loc="3.10--3.10"/><declaredAt location="48.1--48.18"/><type label="TYPE" name="y"/></node><location loc="3.1--3.10"/></node><node label="VarDecl" lexeme="tab2"><node label="ArrType"><node label="AtomExpr" lexeme="10" spec="INT"><location loc="4.15--4.16"/><type label="INT"/></node><node label="AtomType" spec="INT"><location loc="4.19--4.21"/><type label="INT"/></node><location loc="4.11--4.21"/><type label="ARR(10)" len="10"><type label="INT"/></type></node><location loc="4.1--4.21"/></node><node label="VarDecl" lexeme="tab3"><node label="ArrType"><node label="AtomExpr" lexeme="13" spec="INT"><location loc="5.15--5.16"/><type label="INT"/></node><node label="AtomType" spec="CHAR"><location loc="5.19--5.22"/><type label="CHAR"/></node><location loc="5.11--5.22"/><type label="ARR(13)" len="13"><type label="CHAR"/></type></node><location loc="5.1--5.22"/></node><node label="VarDecl" lexeme="i"><node label="AtomType" spec="CHAR"><location loc="6.8--6.11"/><type label="CHAR"/></node><location loc="6.1--6.11"/></node><node label="VarDecl" lexeme="j"><node label="TypeName" lexeme="z"><location loc="7.8--7.8"/><declaredAt location="49.1--49.12"/><type label="TYPE" name="z"/></node><location loc="7.1--7.8"/></node><node label="FunDef" lexeme="f1"><node label="ParDecls"><node label="ParDecl" lexeme="d"><node label="TypeName" lexeme="a"><location loc="10.12--10.12"/><declaredAt location="44.1--44.8"/><type label="TYPE" name="a"/></node><location loc="10.8--10.12"/></node><node label="ParDecl" lexeme="e"><node label="TypeName" lexeme="c"><location loc="10.19--10.19"/><declaredAt location="46.1--46.10"/><type label="TYPE" name="c"/></node><location loc="10.15--10.19"/></node><location loc="10.8--10.19"/></node><node label="TypeName" lexeme="c"><location loc="10.24--10.24"/><declaredAt location="46.1--46.10"/><type label="TYPE" name="c"/></node><node label="BlockExpr"><node label="Decls"><node label="VarDecl" lexeme="t"><node label="AtomType" spec="INT"><location loc="38.20--38.22"/><type label="INT"/></node><location loc="38.13--38.22"/></node><node label="TypDecl" lexeme="g"><node label="AtomType" spec="CHAR"><location loc="38.31--38.34"/><type label="CHAR"/></node><location loc="38.24--38.34"/><type label="TYPE" name="g"/></node><location loc="38.13--38.34"/></node><node label="Stmts"><node label="ExprStmt"><node label="ArrExpr"><node label="VarName" lexeme="tab2"><location loc="11.5--11.8"/><declaredAt location="4.1--4.21"/><type label="ARR(10)" len="10"><type label="INT"/></type><addr/></node><node label="VarName" lexeme="tab3"><location loc="11.10--11.13"/><declaredAt location="5.1--5.22"/><type label="ARR(13)" len="13"><type label="CHAR"/></type></node><location loc="11.8--11.14"/><type label="ARR(10)" len="10"><type label="INT"/></type><addr/></node><location loc="11.5--11.14"/></node><node label="AssignStmt"><node label="VarName" lexeme="d"><location loc="12.5--12.5"/><declaredAt location="10.8--10.12"/><type label="TYPE" name="a"/><addr/></node><node label="BinExpr" spec="ADD"><node label="VarName" lexeme="d"><location loc="12.9--12.9"/><declaredAt location="10.8--10.12"/><type label="TYPE" name="a"/><addr/></node><node label="VarName" lexeme="e"><location loc="12.13--12.13"/><declaredAt location="10.15--10.19"/><type label="TYPE" name="c"/><addr/></node><location loc="12.10--12.13"/><type label="INT"/></node><location loc="12.5--12.13"/></node><node label="AssignStmt"><node label="UnExpr" spec="ADDR"><node label="VarName" lexeme="d"><location loc="13.6--13.6"/><declaredAt location="10.8--10.12"/><type label="TYPE" name="a"/></node><location loc="13.4--13.6"/><type label="PTR"><type label="TYPE" name="a"/></type><addr/></node><node label="UnExpr" spec="ADD"><node label="BinExpr" spec="MOD"><node label="VarName" lexeme="d"><location loc="13.12--13.12"/><declaredAt location="10.8--10.12"/><type label="TYPE" name="a"/><addr/></node><node label="AtomExpr" lexeme="2" spec="INT"><location loc="13.16--13.16"/><type label="INT"/></node><location loc="13.13--13.16"/><type label="INT"/></node><location loc="13.9--13.17"/></node><location loc="13.4--13.17"/></node><node label="ExprStmt"><node label="BinExpr" spec="GEQ"><node label="FunName" lexeme="x"><node label="Args"><node label="AtomExpr" lexeme="13" spec="INT"><location loc="14.7--14.8"/><type label="INT"/></node><node label="VarName" lexeme="j"><location loc="14.11--14.11"/><declaredAt location="7.1--7.8"/><type label="TYPE" name="z"/><addr/></node><location loc="14.7--14.11"/></node><location loc="14.5--14.12"/><declaredAt location="40.1--40.24"/><type label="TYPE" name="c"/><addr/></node><node label="AtomExpr" lexeme="3" spec="INT"><location loc="14.17--14.17"/><type label="INT"/></node><location loc="14.13--14.17"/><type label="BOOL"/></node><location loc="14.5--14.17"/></node><node label="ExprStmt"><node label="CastExpr"><node label="VarName" lexeme="i"><location loc="15.7--15.7"/><declaredAt location="6.1--6.11"/><type label="CHAR"/><addr/></node><node label="TypeName" lexeme="c"><location loc="15.11--15.11"/><declaredAt location="46.1--46.10"/><type label="TYPE" name="c"/></node><location loc="15.8--15.11"/><type label="TYPE" name="c"/></node><location loc="15.4--15.13"/></node><node label="AssignStmt"><node label="VarName" lexeme="d"><location loc="16.5--16.5"/><declaredAt location="10.8--10.12"/><type label="TYPE" name="a"/><addr/></node><node label="AtomExpr" lexeme="5" spec="INT"><location loc="16.9--16.9"/><type label="INT"/></node><location loc="16.5--16.9"/></node><node label="AssignStmt"><node label="VarName" lexeme="i"><location loc="17.5--17.5"/><declaredAt location="6.1--6.11"/><type label="CHAR"/><addr/></node><node label="FunName" lexeme="f1"><node label="Args"><location loc="0.0--0.0"/></node><location loc="17.7--17.10"/><declaredAt location="10.1--38.36"/><type label="TYPE" name="c"/><addr/></node><location loc="17.5--17.10"/></node><node label="AssignStmt"><node label="VarName" lexeme="d"><location loc="18.5--18.5"/><declaredAt location="10.8--10.12"/><type label="TYPE" name="a"/><addr/></node><node label="UnExpr" spec="DATA"><node label="VarName" lexeme="j"><location loc="18.11--18.11"/><declaredAt location="7.1--7.8"/><type label="TYPE" name="z"/><addr/></node><location loc="18.8--18.12"/><type label="TYPE" name="z"/><addr/></node><location loc="18.5--18.12"/></node><node label="AssignStmt"><node label="UnExpr" spec="SUB"><node label="FunName" lexeme="x"><node label="Args"><node label="VarName" lexeme="d"><location loc="19.8--19.8"/><declaredAt location="10.8--10.12"/><type label="TYPE" name="a"/></node><node label="VarName" lexeme="j"><location loc="19.11--19.11"/><declaredAt location="7.1--7.8"/><type label="TYPE" name="z"/></node><location loc="19.8--19.11"/></node><location loc="19.6--19.12"/><declaredAt location="40.1--40.24"/><type label="TYPE" name="c"/></node><location loc="19.4--19.12"/><addr/></node><node label="UnExpr" spec="ADD"><node label="AtomExpr" lexeme="1" spec="INT"><location loc="19.17--19.17"/><type label="INT"/></node><location loc="19.15--19.17"/><type label="INT"/></node><location loc="19.4--19.17"/></node><node label="ExprStmt"><node label="FunName" lexeme="nicVrne"><node label="Args"><node label="AtomExpr" lexeme="3" spec="INT"><location loc="20.13--20.13"/><type label="INT"/></node><location loc="20.13--20.13"/></node><location loc="20.5--20.14"/><declaredAt location="42.1--42.26"/><type label="VOID"/><addr/></node><location loc="20.5--20.14"/></node><node label="AssignStmt"><node label="VarName" lexeme="i"><location loc="21.5--21.5"/><declaredAt location="6.1--6.11"/><type label="CHAR"/><addr/></node><node label="CastExpr"><node label="FunName" lexeme="x"><node label="Args"><node label="FunName" lexeme="x"><node label="Args"><node label="AtomExpr" lexeme="3" spec="INT"><location loc="21.14--21.14"/><type label="INT"/></node><node label="VarName" lexeme="j"><location loc="21.17--21.17"/><declaredAt location="7.1--7.8"/><type label="TYPE" name="z"/><addr/></node><location loc="21.14--21.17"/></node><location loc="21.12--21.18"/><declaredAt location="40.1--40.24"/><type label="TYPE" name="c"/><addr/></node><node label="VarName" lexeme="j"><location loc="21.21--21.21"/><declaredAt location="7.1--7.8"/><type label="TYPE" name="z"/><addr/></node><location loc="21.12--21.21"/></node><location loc="21.10--21.22"/><declaredAt location="40.1--40.24"/><type label="TYPE" name="c"/><addr/></node><node label="AtomType" spec="CHAR"><location loc="21.26--21.29"/><type label="CHAR"/></node><location loc="21.23--21.29"/><type label="CHAR"/></node><location loc="21.5--21.30"/></node><node label="WhileStmt"><node label="BinExpr" spec="EQU"><node label="VarName" lexeme="d"><location loc="22.11--22.11"/><declaredAt location="10.8--10.12"/><type label="TYPE" name="a"/><addr/></node><node label="VarName" lexeme="e"><location loc="22.16--22.16"/><declaredAt location="10.15--10.19"/><type label="TYPE" name="c"/><addr/></node><location loc="22.12--22.16"/><type label="BOOL"/></node><node label="Stmts"><node label="IfStmt"><node label="BinExpr" spec="EQU"><node label="BinExpr" spec="SUB"><node label="FunName" lexeme="x"><node label="Args"><node label="AtomExpr" lexeme="10" spec="INT"><location loc="23.20--23.21"/><type label="INT"/></node><node label="VarName" lexeme="j"><location loc="23.24--23.24"/><declaredAt location="7.1--7.8"/><type label="TYPE" name="z"/><addr/></node><location loc="23.20--23.24"/></node><location loc="23.18--23.25"/><declaredAt location="40.1--40.24"/><type label="TYPE" name="c"/><addr/></node><node label="AtomExpr" lexeme="2" spec="INT"><location loc="23.29--23.29"/><type label="INT"/></node><location loc="23.26--23.29"/><type label="INT"/></node><node label="AtomExpr" lexeme="3" spec="INT"><location loc="23.35--23.35"/><type label="INT"/></node><location loc="23.31--23.35"/><type label="BOOL"/></node><node label="Stmts"><node label="AssignStmt"><node label="FunName" lexeme="x"><node label="Args"><node label="AtomExpr" lexeme="10" spec="INT"><location loc="24.19--24.20"/><type label="INT"/></node><node label="VarName" lexeme="j"><location loc="24.23--24.23"/><declaredAt location="7.1--7.8"/><type label="TYPE" name="z"/></node><location loc="24.19--24.23"/></node><location loc="24.17--24.24"/><declaredAt location="40.1--40.24"/><type label="TYPE" name="c"/><addr/></node><node label="UnExpr" spec="ADD"><node label="AtomExpr" lexeme="1" spec="INT"><location loc="24.29--24.29"/><type label="INT"/></node><location loc="24.27--24.29"/><type label="INT"/></node><location loc="24.17--24.29"/></node><node label="ExprStmt"><node label="FunName" lexeme="nicVrne"><node label="Args"><node label="VarName" lexeme="e"><location loc="25.25--25.25"/><declaredAt location="10.15--10.19"/><type label="TYPE" name="c"/><addr/></node><location loc="25.25--25.25"/></node><location loc="25.17--25.26"/><declaredAt location="42.1--42.26"/><type label="VOID"/><addr/></node><location loc="25.17--25.26"/></node><node label="AssignStmt"><node label="VarName" lexeme="d"><location loc="26.17--26.17"/><declaredAt location="10.8--10.12"/><type label="TYPE" name="a"/><addr/></node><node label="BinExpr" spec="ADD"><node label="AtomExpr" lexeme="1" spec="INT"><location loc="26.21--26.21"/><type label="INT"/></node><node label="AtomExpr" lexeme="1" spec="INT"><location loc="26.25--26.25"/><type label="INT"/></node><location loc="26.22--26.25"/><type label="INT"/></node><location loc="26.17--26.25"/></node><location loc="24.17--26.25"/></node><node label="Stmts"><node label="AssignStmt"><node label="VarName" lexeme="e"><location loc="28.17--28.17"/><declaredAt location="10.15--10.19"/><type label="TYPE" name="c"/><addr/></node><node label="FunName" lexeme="x"><node label="Args"><node label="AtomExpr" lexeme="13" spec="INT"><location loc="28.23--28.24"/><type label="INT"/></node><node label="NewExpr"><node label="AtomType" spec="INT"><location loc="28.31--28.33"/><type label="INT"/></node><location loc="28.27--28.34"/><type label="PTR"><type label="INT"/></type></node><location loc="28.23--28.34"/></node><location loc="28.21--28.35"/><declaredAt location="40.1--40.24"/><type label="TYPE" name="c"/><addr/></node><location loc="28.17--28.35"/></node><node label="ExprStmt"><node label="FunName" lexeme="nicVrne"><node label="Args"><node label="VarName" lexeme="e"><location loc="29.25--29.25"/><declaredAt location="10.15--10.19"/><type label="TYPE" name="c"/><addr/></node><location loc="29.25--29.25"/></node><location loc="29.17--29.26"/><declaredAt location="42.1--42.26"/><type label="VOID"/><addr/></node><location loc="29.17--29.26"/></node><node label="AssignStmt"><node label="VarName" lexeme="e"><location loc="30.17--30.17"/><declaredAt location="10.15--10.19"/><type label="TYPE" name="c"/><addr/></node><node label="BinExpr" spec="MUL"><node label="BinExpr" spec="ADD"><node label="VarName" lexeme="e"><location loc="30.22--30.22"/><declaredAt location="10.15--10.19"/><type label="TYPE" name="c"/><addr/></node><node label="AtomExpr" lexeme="2" spec="INT"><location loc="30.26--30.26"/><type label="INT"/></node><location loc="30.23--30.26"/><type label="INT"/></node><node label="AtomExpr" lexeme="2" spec="INT"><location loc="30.31--30.31"/><type label="INT"/></node><location loc="30.28--30.31"/><type label="INT"/></node><location loc="30.17--30.31"/></node><location loc="28.17--30.31"/></node><location loc="23.13--31.15"/></node><location loc="23.13--31.15"/></node><location loc="22.6--32.11"/></node><node label="AssignStmt"><node label="VarName" lexeme="j"><location loc="33.5--33.5"/><declaredAt location="7.1--7.8"/><type label="TYPE" name="z"/><addr/></node><node label="NewExpr"><node label="AtomType" spec="INT"><location loc="33.13--33.15"/><type label="INT"/></node><location loc="33.9--33.16"/><type label="PTR"><type label="INT"/></type></node><location loc="33.5--33.16"/></node><node label="ExprStmt"><node label="DelExpr"><node label="BinExpr" spec="ADD"><node label="VarName" lexeme="i"><location loc="34.9--34.9"/><declaredAt location="6.1--6.11"/><type label="CHAR"/><addr/></node><node label="AtomExpr" lexeme="c" spec="CHAR"><location loc="34.14--34.14"/><type label="CHAR"/></node><location loc="34.10--34.14"/><type label="CHAR"/></node><location loc="34.5--34.16"/><type label="VOID"/></node><location loc="34.5--34.16"/></node><node label="AssignStmt"><node label="VarName" lexeme="i"><location loc="35.5--35.5"/><declaredAt location="6.1--6.11"/><type label="CHAR"/><addr/></node><node label="AtomExpr" lexeme="5" spec="CHAR"><location loc="35.10--35.10"/><type label="CHAR"/></node><location loc="35.5--35.10"/></node><node label="ExprStmt"><node label="ArrExpr"><node label="VarName" lexeme="tab"><location loc="36.5--36.7"/><declaredAt location="3.1--3.10"/><type label="TYPE" name="y"/><addr/></node><node label="UnExpr" spec="DATA"><node label="VarName" lexeme="j"><location loc="36.10--36.10"/><declaredAt location="7.1--7.8"/><type label="TYPE" name="z"/></node><location loc="36.8--36.10"/><type label="TYPE" name="z"/></node><location loc="36.7--36.11"/><type label="TYPE" name="y"/><addr/></node><location loc="36.5--36.11"/></node><node label="AssignStmt"><node label="ArrExpr"><node label="VarName" lexeme="tab2"><location loc="37.5--37.8"/><declaredAt location="4.1--4.21"/><type label="ARR(10)" len="10"><type label="INT"/></type></node><node label="BinExpr" spec="ADD"><node label="AtomExpr" lexeme="0" spec="INT"><location loc="37.10--37.10"/><type label="INT"/></node><node label="AtomExpr" lexeme="1" spec="INT"><location loc="37.12--37.12"/><type label="INT"/></node><location loc="37.10--37.12"/><type label="INT"/></node><location loc="37.8--37.13"/><type label="ARR(10)" len="10"><type label="INT"/></type><addr/></node><node label="BinExpr" spec="DIV"><node label="BinExpr" spec="ADD"><node label="AtomExpr" lexeme="3" spec="INT"><location loc="37.18--37.18"/><type label="INT"/></node><node label="AtomExpr" lexeme="4" spec="INT"><location loc="37.22--37.22"/><type label="INT"/></node><location loc="37.19--37.22"/><type label="INT"/></node><node label="AtomExpr" lexeme="2" spec="INT"><location loc="37.27--37.27"/><type label="INT"/></node><location loc="37.24--37.27"/><type label="INT"/></node><location loc="37.5--37.27"/></node><location loc="11.5--37.27"/></node><node label="VarName" lexeme="e"><location loc="38.3--38.3"/><declaredAt location="10.15--10.19"/><type label="TYPE" name="c"/><addr/></node><location loc="10.25--38.36"/></node><location loc="10.1--38.36"/></node><node label="FunDecl" lexeme="x"><node label="ParDecls"><node label="ParDecl" lexeme="f"><node label="AtomType" spec="INT"><location loc="40.11--40.13"/><type label="INT"/></node><location loc="40.7--40.13"/></node><node label="ParDecl" lexeme="g"><node label="TypeName" lexeme="z"><location loc="40.20--40.20"/><declaredAt location="49.1--49.12"/><type label="TYPE" name="z"/></node><location loc="40.16--40.20"/></node><location loc="40.7--40.20"/></node><node label="TypeName" lexeme="c"><location loc="40.24--40.24"/><declaredAt location="46.1--46.10"/><type label="TYPE" name="c"/></node><location loc="40.1--40.24"/></node><node label="FunDecl" lexeme="nicVrne"><node label="ParDecls"><node label="ParDecl" lexeme="m"><node label="AtomType" spec="INT"><location loc="42.17--42.19"/><type label="INT"/></node><location loc="42.13--42.19"/></node><location loc="42.13--42.19"/></node><node label="AtomType" spec="VOID"><location loc="42.23--42.26"/><type label="VOID"/></node><location loc="42.1--42.26"/></node><node label="TypDecl" lexeme="a"><node label="TypeName" lexeme="b"><location loc="44.8--44.8"/><declaredAt location="45.1--45.10"/><type label="TYPE" name="b"/></node><location loc="44.1--44.8"/><type label="TYPE" name="a"/></node><node label="TypDecl" lexeme="b"><node label="AtomType" spec="INT"><location loc="45.8--45.10"/><type label="INT"/></node><location loc="45.1--45.10"/><type label="TYPE" name="b"/></node><node label="TypDecl" lexeme="c"><node label="AtomType" spec="INT"><location loc="46.8--46.10"/><type label="INT"/></node><location loc="46.1--46.10"/><type label="TYPE" name="c"/></node><node label="TypDecl" lexeme="gg"><node label="AtomType" spec="VOID"><location loc="47.9--47.12"/><type label="VOID"/></node><location loc="47.1--47.12"/><type label="TYPE" name="gg"/></node><node label="TypDecl" lexeme="y"><node label="ArrType"><node label="AtomExpr" lexeme="5" spec="INT"><location loc="48.12--48.12"/><type label="INT"/></node><node label="AtomType" spec="CHAR"><location loc="48.15--48.18"/><type label="CHAR"/></node><location loc="48.8--48.18"/><type label="ARR(5)" len="5"><type label="CHAR"/></type></node><location loc="48.1--48.18"/><type label="TYPE" name="y"/></node><node label="TypDecl" lexeme="z"><node label="PtrType"><node label="TypeName" lexeme="a"><location loc="49.12--49.12"/><declaredAt location="44.1--44.8"/><type label="TYPE" name="a"/></node><location loc="49.8--49.12"/><type label="PTR"><type label="TYPE" name="a"/></type></node><location loc="49.1--49.12"/><type label="TYPE" name="z"/></node><location loc="1.1--49.12"/></node><location loc="1.1--49.12"/></node></frames>