<?xml version="1.0" encoding="UTF-8" standalone="no"?><?xml-stylesheet type="text/xsl" href="../../data/chunks.xsl"?><chunks><codechunk entrylabel="L1" exitlabel="L2"><frame FP="compiler.data.layout.Temp@587d1d39" RV="compiler.data.layout.Temp@58c1670b" argssize="8" depth="2" label="L0" locssize="0" size="24"/><stmt><imc name="LABEL" value="L1"/></stmt><stmt><imc name="MOVE"><imc name="TEMP" value="4"/><imc name="TEMP" value="0"/></imc></stmt><stmt><imc name="MOVE"><imc name="TEMP" value="5"/><imc name="CONST" value="8"/></imc></stmt><stmt><imc name="MOVE"><imc name="TEMP" value="6"/><imc name="BINOP" value="ADD"><imc name="TEMP" value="4"/><imc name="TEMP" value="5"/></imc></imc></stmt><stmt><imc name="MOVE"><imc name="TEMP" value="7"/><imc name="TEMP" value="0"/></imc></stmt><stmt><imc name="MOVE"><imc name="TEMP" value="8"/><imc name="CONST" value="8"/></imc></stmt><stmt><imc name="MOVE"><imc name="TEMP" value="9"/><imc name="MEM"><imc name="BINOP" value="ADD"><imc name="TEMP" value="7"/><imc name="TEMP" value="8"/></imc></imc></imc></stmt><stmt><imc name="MOVE"><imc name="TEMP" value="10"/><imc name="CONST" value="3"/></imc></stmt><stmt><imc name="MOVE"><imc name="TEMP" value="11"/><imc name="BINOP" value="ADD"><imc name="TEMP" value="9"/><imc name="TEMP" value="10"/></imc></imc></stmt><stmt><imc name="MOVE"><imc name="MEM"><imc name="TEMP" value="6"/></imc><imc name="TEMP" value="11"/></imc></stmt><stmt><imc name="MOVE"><imc name="TEMP" value="12"/><imc name="TEMP" value="0"/></imc></stmt><stmt><imc name="MOVE"><imc name="TEMP" value="13"/><imc name="CONST" value="8"/></imc></stmt><stmt><imc name="MOVE"><imc name="TEMP" value="14"/><imc name="MEM"><imc name="BINOP" value="ADD"><imc name="TEMP" value="12"/><imc name="TEMP" value="13"/></imc></imc></imc></stmt><stmt><imc name="MOVE"><imc name="TEMP" value="15"/><imc name="TEMP" value="0"/></imc></stmt><stmt><imc name="MOVE"><imc name="TEMP" value="16"/><imc name="CONST" value="-8"/></imc></stmt><stmt><imc name="MOVE"><imc name="TEMP" value="17"/><imc name="MEM"><imc name="BINOP" value="ADD"><imc name="TEMP" value="15"/><imc name="TEMP" value="16"/></imc></imc></imc></stmt><stmt><imc name="MOVE"><imc name="TEMP" value="18"/><imc name="BINOP" value="SUB"><imc name="TEMP" value="14"/><imc name="TEMP" value="17"/></imc></imc></stmt><stmt><imc name="MOVE"><imc name="TEMP" value="1"/><imc name="TEMP" value="18"/></imc></stmt><stmt><imc name="JUMP" value="L2"/></stmt></codechunk><codechunk entrylabel="L3" exitlabel="L4"><frame FP="compiler.data.layout.Temp@6b57696f" RV="compiler.data.layout.Temp@5bb21b69" argssize="16" depth="1" label="_main" locssize="8" size="40"/><stmt><imc name="LABEL" value="L3"/></stmt><stmt><imc name="MOVE"><imc name="TEMP" value="19"/><imc name="TEMP" value="2"/></imc></stmt><stmt><imc name="MOVE"><imc name="TEMP" value="20"/><imc name="CONST" value="-8"/></imc></stmt><stmt><imc name="MOVE"><imc name="TEMP" value="21"/><imc name="BINOP" value="ADD"><imc name="TEMP" value="19"/><imc name="TEMP" value="20"/></imc></imc></stmt><stmt><imc name="MOVE"><imc name="TEMP" value="22"/><imc name="CONST" value="5"/></imc></stmt><stmt><imc name="MOVE"><imc name="MEM"><imc name="TEMP" value="21"/></imc><imc name="TEMP" value="22"/></imc></stmt><stmt><imc name="MOVE"><imc name="TEMP" value="23"/><imc name="TEMP" value="2"/></imc></stmt><stmt><imc name="MOVE"><imc name="TEMP" value="24"/><imc name="CONST" value="-8"/></imc></stmt><stmt><imc name="MOVE"><imc name="TEMP" value="25"/><imc name="BINOP" value="ADD"><imc name="TEMP" value="23"/><imc name="TEMP" value="24"/></imc></imc></stmt><stmt><imc name="MOVE"><imc name="TEMP" value="26"/><imc name="TEMP" value="2"/></imc></stmt><stmt><imc name="MOVE"><imc name="TEMP" value="27"/><imc name="TEMP" value="2"/></imc></stmt><stmt><imc name="MOVE"><imc name="TEMP" value="28"/><imc name="CONST" value="-8"/></imc></stmt><stmt><imc name="MOVE"><imc name="TEMP" value="29"/><imc name="MEM"><imc name="BINOP" value="ADD"><imc name="TEMP" value="27"/><imc name="TEMP" value="28"/></imc></imc></imc></stmt><stmt><imc name="MOVE"><imc name="TEMP" value="30"/><imc name="CALL" value="L0"><imc name="TEMP" value="26"/><imc name="TEMP" value="29"/></imc></imc></stmt><stmt><imc name="MOVE"><imc name="TEMP" value="31"/><imc name="TEMP" value="30"/></imc></stmt><stmt><imc name="MOVE"><imc name="MEM"><imc name="TEMP" value="25"/></imc><imc name="TEMP" value="31"/></imc></stmt><stmt><imc name="MOVE"><imc name="TEMP" value="32"/><imc name="TEMP" value="2"/></imc></stmt><stmt><imc name="MOVE"><imc name="TEMP" value="33"/><imc name="CONST" value="-8"/></imc></stmt><stmt><imc name="MOVE"><imc name="TEMP" value="34"/><imc name="MEM"><imc name="BINOP" value="ADD"><imc name="TEMP" value="32"/><imc name="TEMP" value="33"/></imc></imc></imc></stmt><stmt><imc name="MOVE"><imc name="TEMP" value="3"/><imc name="TEMP" value="34"/></imc></stmt><stmt><imc name="JUMP" value="L4"/></stmt></codechunk></chunks>