<?xml version="1.0" encoding="UTF-8" standalone="no"?><?xml-stylesheet type="text/xsl" href="../../data/frames.xsl"?><frames><node label="Source"><node label="Decls"><node label="VarDecl" lexeme="a"><node label="AtomType" spec="INT"><location loc="1.8--1.10"/><type label="INT"/></node><location loc="1.1--1.10"/><access label="_a" size="8"/></node><node label="VarDecl" lexeme="p"><node label="PtrType"><node label="AtomType" spec="VOID"><location loc="2.13--2.16"/><type label="VOID"/></node><location loc="2.9--2.16"/><type label="PTR"><type label="VOID"/></type></node><location loc="2.1--2.16"/><access label="_p" size="8"/></node><node label="FunDef" lexeme="main"><node label="ParDecls"><location loc="0.0--0.0"/></node><node label="AtomType" spec="INT"><location loc="4.14--4.16"/><type label="INT"/></node><node label="BlockExpr"><node label="Decls"><location loc="4.17--15.5"/></node><node label="Stmts"><node label="AssignStmt"><node label="VarName" lexeme="a"><location loc="5.5--5.5"/><declaredAt location="1.1--1.10"/><type label="INT"/><addr/></node><node label="BinExpr" spec="ADD"><node label="VarName" lexeme="a"><location loc="5.9--5.9"/><declaredAt location="1.1--1.10"/><type label="INT"/><addr/></node><node label="AtomExpr" lexeme="1" spec="INT"><location loc="5.13--5.13"/><type label="INT"/></node><location loc="5.10--5.13"/><type label="INT"/></node><location loc="5.5--5.13"/></node><node label="AssignStmt"><node label="VarName" lexeme="a"><location loc="6.5--6.5"/><declaredAt location="1.1--1.10"/><type label="INT"/><addr/></node><node label="AtomExpr" lexeme="3" spec="INT"><location loc="6.9--6.9"/><type label="INT"/></node><location loc="6.5--6.9"/></node><node label="WhileStmt"><node label="BinExpr" spec="GTH"><node label="UnExpr" spec="DATA"><node label="VarName" lexeme="a"><location loc="7.12--7.12"/><declaredAt location="1.1--1.10"/><type label="INT"/><addr/></node><location loc="7.10--7.12"/><addr/></node><node label="AtomExpr" lexeme="3" spec="INT"><location loc="7.16--7.16"/><type label="INT"/></node><location loc="7.13--7.16"/></node><node label="Stmts"><node label="IfStmt"><node label="BinExpr" spec="EQU"><node label="BinExpr" spec="MOD"><node label="AtomExpr" lexeme="3" spec="INT"><location loc="8.16--8.16"/><type label="INT"/></node><node label="AtomExpr" lexeme="2" spec="INT"><location loc="8.20--8.20"/><type label="INT"/></node><location loc="8.17--8.20"/><type label="INT"/></node><node label="AtomExpr" lexeme="0" spec="INT"><location loc="8.25--8.25"/><type label="INT"/></node><location loc="8.21--8.25"/><type label="BOOL"/></node><node label="Stmts"><node label="AssignStmt"><node label="VarName" lexeme="p"><location loc="10.17--10.17"/><declaredAt location="2.1--2.16"/><type label="PTR"><type label="VOID"/></type><addr/></node><node label="BinExpr" spec="ADD"><node label="VarName" lexeme="a"><location loc="10.21--10.21"/><declaredAt location="1.1--1.10"/><type label="INT"/><addr/></node><node label="VarName" lexeme="a"><location loc="10.25--10.25"/><declaredAt location="1.1--1.10"/><type label="INT"/><addr/></node><location loc="10.22--10.25"/><type label="INT"/></node><location loc="10.17--10.25"/></node><location loc="10.17--10.25"/></node><node label="Stmts"><node label="AssignStmt"><node label="VarName" lexeme="p"><location loc="12.17--12.17"/><declaredAt location="2.1--2.16"/><type label="PTR"><type label="VOID"/></type><addr/></node><node label="BinExpr" spec="ADD"><node label="VarName" lexeme="a"><location loc="12.21--12.21"/><declaredAt location="1.1--1.10"/><type label="INT"/><addr/></node><node label="VarName" lexeme="a"><location loc="12.25--12.25"/><declaredAt location="1.1--1.10"/><type label="INT"/><addr/></node><location loc="12.22--12.25"/><type label="INT"/></node><location loc="12.17--12.25"/></node><location loc="12.17--12.25"/></node><location loc="8.13--13.15"/></node><location loc="8.13--13.15"/></node><location loc="7.6--14.11"/></node><location loc="5.5--14.11"/></node><node label="BinExpr" spec="ADD"><node label="VarName" lexeme="a"><location loc="15.3--15.3"/><declaredAt location="1.1--1.10"/><type label="INT"/><addr/></node><node label="AtomExpr" lexeme="1" spec="INT"><location loc="15.5--15.5"/><type label="INT"/></node><location loc="15.3--15.5"/><type label="INT"/></node><location loc="4.17--15.5"/></node><location loc="4.1--15.5"/><frame argssize="0" depth="1" label="_main" locssize="0" size="16"/></node><node label="FunDef" lexeme="main2"><node label="ParDecls"><location loc="0.0--0.0"/></node><node label="AtomType" spec="INT"><location loc="17.15--17.17"/><type label="INT"/></node><node label="BlockExpr"><node label="Decls"><location loc="17.18--29.5"/></node><node label="Stmts"><node label="AssignStmt"><node label="VarName" lexeme="a"><location loc="18.5--18.5"/><declaredAt location="1.1--1.10"/><type label="INT"/><addr/></node><node label="BinExpr" spec="ADD"><node label="VarName" lexeme="a"><location loc="18.9--18.9"/><declaredAt location="1.1--1.10"/><type label="INT"/><addr/></node><node label="AtomExpr" lexeme="1" spec="INT"><location loc="18.13--18.13"/><type label="INT"/></node><location loc="18.10--18.13"/><type label="INT"/></node><location loc="18.5--18.13"/></node><node label="AssignStmt"><node label="VarName" lexeme="a"><location loc="19.5--19.5"/><declaredAt location="1.1--1.10"/><type label="INT"/><addr/></node><node label="AtomExpr" lexeme="3" spec="INT"><location loc="19.9--19.9"/><type label="INT"/></node><location loc="19.5--19.9"/></node><node label="ExprStmt"><node label="FunName" lexeme="main2"><node label="Args"><location loc="0.0--0.0"/></node><location loc="20.5--20.11"/><declaredAt location="17.1--29.5"/><type label="INT"/><addr/></node><location loc="20.5--20.11"/></node><node label="WhileStmt"><node label="BinExpr" spec="GTH"><node label="UnExpr" spec="DATA"><node label="VarName" lexeme="a"><location loc="21.12--21.12"/><declaredAt location="1.1--1.10"/><type label="INT"/><addr/></node><location loc="21.10--21.12"/><addr/></node><node label="AtomExpr" lexeme="3" spec="INT"><location loc="21.16--21.16"/><type label="INT"/></node><location loc="21.13--21.16"/></node><node label="Stmts"><node label="IfStmt"><node label="BinExpr" spec="EQU"><node label="BinExpr" spec="MOD"><node label="AtomExpr" lexeme="3" spec="INT"><location loc="22.16--22.16"/><type label="INT"/></node><node label="AtomExpr" lexeme="2" spec="INT"><location loc="22.20--22.20"/><type label="INT"/></node><location loc="22.17--22.20"/><type label="INT"/></node><node label="AtomExpr" lexeme="0" spec="INT"><location loc="22.25--22.25"/><type label="INT"/></node><location loc="22.21--22.25"/><type label="BOOL"/></node><node label="Stmts"><node label="AssignStmt"><node label="VarName" lexeme="p"><location loc="24.17--24.17"/><declaredAt location="2.1--2.16"/><type label="PTR"><type label="VOID"/></type><addr/></node><node label="BinExpr" spec="ADD"><node label="VarName" lexeme="a"><location loc="24.21--24.21"/><declaredAt location="1.1--1.10"/><type label="INT"/><addr/></node><node label="VarName" lexeme="a"><location loc="24.25--24.25"/><declaredAt location="1.1--1.10"/><type label="INT"/><addr/></node><location loc="24.22--24.25"/><type label="INT"/></node><location loc="24.17--24.25"/></node><location loc="24.17--24.25"/></node><node label="Stmts"><node label="AssignStmt"><node label="VarName" lexeme="p"><location loc="26.17--26.17"/><declaredAt location="2.1--2.16"/><type label="PTR"><type label="VOID"/></type><addr/></node><node label="BinExpr" spec="ADD"><node label="VarName" lexeme="a"><location loc="26.21--26.21"/><declaredAt location="1.1--1.10"/><type label="INT"/><addr/></node><node label="VarName" lexeme="a"><location loc="26.25--26.25"/><declaredAt location="1.1--1.10"/><type label="INT"/><addr/></node><location loc="26.22--26.25"/><type label="INT"/></node><location loc="26.17--26.25"/></node><location loc="26.17--26.25"/></node><location loc="22.13--27.15"/></node><location loc="22.13--27.15"/></node><location loc="21.6--28.11"/></node><location loc="18.5--28.11"/></node><node label="BinExpr" spec="ADD"><node label="VarName" lexeme="a"><location loc="29.3--29.3"/><declaredAt location="1.1--1.10"/><type label="INT"/><addr/></node><node label="AtomExpr" lexeme="1" spec="INT"><location loc="29.5--29.5"/><type label="INT"/></node><location loc="29.3--29.5"/><type label="INT"/></node><location loc="17.18--29.5"/></node><location loc="17.1--29.5"/><frame argssize="8" depth="1" label="_main2" locssize="0" size="24"/></node><location loc="1.1--29.5"/></node><location loc="1.1--29.5"/></node></frames>