<?xml version="1.0" encoding="UTF-8" standalone="no"?><?xml-stylesheet type="text/xsl" href="../../data/imcgen.xsl"?><imcgen><node label="Source"><node label="Decls"><node label="VarDecl" lexeme="x"><node label="AtomType" spec="INT"><location loc="1.9--1.11"/><type label="INT"/></node><location loc="1.1--1.11"/><access label="_x" size="8"/></node><node label="FunDef" lexeme="f"><node label="ParDecls"><node label="ParDecl" lexeme="a"><node label="AtomType" spec="INT"><location loc="3.9--3.11"/><type label="INT"/></node><location loc="3.7--3.11"/><access depth="2" offset="8" size="8"/></node><location loc="3.7--3.11"/></node><node label="AtomType" spec="INT"><location loc="3.16--3.18"/><type label="INT"/></node><node label="BlockExpr"><node label="Decls"><location loc="0.0--0.0"/></node><node label="Stmts"><node label="ExprStmt"><node label="VarName" lexeme="a"><location loc="4.5--4.5"/><declaredAt location="3.7--3.11"/><type label="INT"/><addr/><imc name="MEM"><imc name="BINOP" value="ADD"><imc name="TEMP" value="0"/><imc name="CONST" value="8"/></imc></imc></node><location loc="4.5--4.5"/><imc name="ESTMT"><imc name="MEM"><imc name="BINOP" value="ADD"><imc name="TEMP" value="0"/><imc name="CONST" value="8"/></imc></imc></imc></node><node label="AssignStmt"><node label="VarName" lexeme="a"><location loc="5.5--5.5"/><declaredAt location="3.7--3.11"/><type label="INT"/><addr/><imc name="MEM"><imc name="BINOP" value="ADD"><imc name="TEMP" value="0"/><imc name="CONST" value="8"/></imc></imc></node><node label="BinExpr" spec="ADD"><node label="VarName" lexeme="a"><location loc="5.9--5.9"/><declaredAt location="3.7--3.11"/><type label="INT"/><addr/><imc name="MEM"><imc name="BINOP" value="ADD"><imc name="TEMP" value="0"/><imc name="CONST" value="8"/></imc></imc></node><node label="AtomExpr" lexeme="2" spec="INT"><location loc="5.13--5.13"/><type label="INT"/><imc name="CONST" value="2"/></node><location loc="5.9--5.13"/><type label="INT"/><imc name="BINOP" value="ADD"><imc name="MEM"><imc name="BINOP" value="ADD"><imc name="TEMP" value="0"/><imc name="CONST" value="8"/></imc></imc><imc name="CONST" value="2"/></imc></node><location loc="5.5--5.13"/><imc name="MOVE"><imc name="MEM"><imc name="BINOP" value="ADD"><imc name="TEMP" value="0"/><imc name="CONST" value="8"/></imc></imc><imc name="BINOP" value="ADD"><imc name="MEM"><imc name="BINOP" value="ADD"><imc name="TEMP" value="0"/><imc name="CONST" value="8"/></imc></imc><imc name="CONST" value="2"/></imc></imc></node><location loc="4.5--5.13"/></node><node label="VarName" lexeme="a"><location loc="6.3--6.3"/><declaredAt location="3.7--3.11"/><type label="INT"/><addr/><imc name="MEM"><imc name="BINOP" value="ADD"><imc name="TEMP" value="0"/><imc name="CONST" value="8"/></imc></imc></node><location loc="3.20--6.3"/></node><location loc="3.5--3.5"/><frame argssize="0" depth="1" label="_f" locssize="0" size="16"/></node><location loc="1.1--3.5"/></node><location loc="1.1--3.5"/></node></imcgen>