<?xml version="1.0" encoding="UTF-8" standalone="no"?><?xml-stylesheet type="text/xsl" href="../../data/imcgen.xsl"?><imcgen><node label="Source"><node label="Decls"><node label="FunDecl" lexeme="onlyDeclLulz"><node label="ParDecls"><node label="ParDecl" lexeme="a"><node label="AtomType" spec="CHAR"><location loc="1.20--1.23"/><type label="CHAR"/></node><location loc="1.18--1.23"/></node><node label="ParDecl" lexeme="b"><node label="AtomType" spec="CHAR"><location loc="1.28--1.31"/><type label="CHAR"/></node><location loc="1.26--1.31"/></node><location loc="1.18--1.31"/></node><node label="AtomType" spec="BOOL"><location loc="1.36--1.39"/><type label="BOOL"/></node><location loc="1.5--1.16"/></node><node label="VarDecl" lexeme="arr2d"><node label="ArrType"><node label="AtomExpr" lexeme="10" spec="INT"><location loc="5.17--5.18"/><type label="INT"/></node><node label="ArrType"><node label="AtomExpr" lexeme="10" spec="INT"><location loc="5.25--5.26"/><type label="INT"/></node><node label="AtomType" spec="INT"><location loc="5.29--5.31"/><type label="INT"/></node><location loc="5.21--5.31"/><type label="ARR(10)" len="10"><type label="INT"/></type></node><location loc="5.13--5.31"/><type label="ARR(10)" len="10"><type label="ARR(10)" len="10"><type label="INT"/></type></type></node><location loc="5.1--5.31"/><access label="_arr2d" size="800"/></node><node label="FunDef" lexeme="testArr2d"><node label="ParDecls"><location loc="0.0--0.0"/></node><node label="AtomType" spec="INT"><location loc="6.19--6.21"/><type label="INT"/></node><node label="BlockExpr"><node label="Decls"><location loc="0.0--0.0"/></node><node label="Stmts"><node label="ExprStmt"><node label="AtomExpr" lexeme="none" spec="VOID"><location loc="7.5--7.8"/><type label="VOID"/><imc name="CONST" value="0"/></node><location loc="7.5--7.8"/><imc name="ESTMT"><imc name="CONST" value="0"/></imc></node><location loc="7.5--7.8"/></node><node label="ArrExpr"><node label="ArrExpr"><node label="VarName" lexeme="arr2d"><location loc="8.3--8.7"/><declaredAt location="5.1--5.31"/><type label="ARR(10)" len="10"><type label="ARR(10)" len="10"><type label="INT"/></type></type><addr/><imc name="MEM"><imc name="NAME" value="_arr2d"/></imc></node><node label="AtomExpr" lexeme="2" spec="INT"><location loc="8.9--8.9"/><type label="INT"/><imc name="CONST" value="2"/></node><location loc="8.8--8.13"/><type label="ARR(10)" len="10"><type label="INT"/></type><addr/><imc name="MEM"><imc name="BINOP" value="ADD"><imc name="NAME" value="_arr2d"/><imc name="BINOP" value="MUL"><imc name="CONST" value="2"/><imc name="CONST" value="80"/></imc></imc></imc></node><node label="AtomExpr" lexeme="3" spec="INT"><location loc="8.12--8.12"/><type label="INT"/><imc name="CONST" value="3"/></node><location loc="8.11--8.13"/><type label="INT"/><addr/><imc name="MEM"><imc name="BINOP" value="ADD"><imc name="BINOP" value="ADD"><imc name="NAME" value="_arr2d"/><imc name="BINOP" value="MUL"><imc name="CONST" value="2"/><imc name="CONST" value="80"/></imc></imc><imc name="BINOP" value="MUL"><imc name="CONST" value="3"/><imc name="CONST" value="8"/></imc></imc></imc></node><location loc="6.23--8.13"/></node><location loc="6.5--6.13"/><frame argssize="0" depth="1" label="_testArr2d" locssize="0" size="16"/></node><node label="TypDecl" lexeme="arrTyp"><node label="ArrType"><node label="AtomExpr" lexeme="10" spec="INT"><location loc="12.17--12.18"/><type label="INT"/></node><node label="AtomType" spec="INT"><location loc="12.21--12.23"/><type label="INT"/></node><location loc="12.13--12.23"/><type label="ARR(10)" len="10"><type label="INT"/></type></node><location loc="12.1--12.23"/><type label="TYPE" name="arrTyp"/></node><node label="TypDecl" lexeme="arrPtrTyp"><node label="PtrType"><node label="TypeName" lexeme="arrTyp"><location loc="13.21--13.26"/><declaredAt location="12.1--12.23"/><type label="TYPE" name="arrTyp"/></node><location loc="13.17--13.26"/><type label="PTR"><type label="TYPE" name="arrTyp"/></type></node><location loc="13.1--13.26"/><type label="TYPE" name="arrPtrTyp"/></node><node label="VarDecl" lexeme="someArrPtr"><node label="TypeName" lexeme="arrPtrTyp"><location loc="14.18--14.26"/><declaredAt location="13.1--13.26"/><type label="TYPE" name="arrPtrTyp"/></node><location loc="14.1--14.26"/><access label="_someArrPtr" size="8"/></node><node label="VarDecl" lexeme="arr0"><node label="TypeName" lexeme="arrTyp"><location loc="16.11--16.16"/><declaredAt location="12.1--12.23"/><type label="TYPE" name="arrTyp"/></node><location loc="16.1--16.16"/><access label="_arr0" size="80"/></node><node label="VarDecl" lexeme="dereferencedArr0"><node label="TypeName" lexeme="arrTyp"><location loc="17.23--17.28"/><declaredAt location="12.1--12.23"/><type label="TYPE" name="arrTyp"/></node><location loc="17.1--17.28"/><access label="_dereferencedArr0" size="80"/></node><node label="FunDef" lexeme="gimmeAddress"><node label="ParDecls"><location loc="0.0--0.0"/></node><node label="TypeName" lexeme="arrPtrTyp"><location loc="18.22--18.30"/><declaredAt location="13.1--13.26"/><type label="TYPE" name="arrPtrTyp"/></node><node label="BlockExpr"><node label="Decls"><location loc="0.0--0.0"/></node><node label="Stmts"><node label="AssignStmt"><node label="VarName" lexeme="someArrPtr"><location loc="19.5--19.14"/><declaredAt location="14.1--14.26"/><type label="TYPE" name="arrPtrTyp"/><addr/><imc name="MEM"><imc name="NAME" value="_someArrPtr"/></imc></node><node label="UnExpr" spec="ADDR"><node label="VarName" lexeme="arr0"><location loc="19.19--19.22"/><declaredAt location="16.1--16.16"/><type label="TYPE" name="arrTyp"/><addr/><imc name="MEM"><imc name="NAME" value="_arr0"/></imc></node><location loc="19.18--19.22"/><type label="PTR"><type label="TYPE" name="arrTyp"/></type><imc name="NAME" value="_arr0"/></node><location loc="19.5--19.22"/><imc name="MOVE"><imc name="MEM"><imc name="NAME" value="_someArrPtr"/></imc><imc name="NAME" value="_arr0"/></imc></node><location loc="19.5--19.22"/></node><node label="VarName" lexeme="someArrPtr"><location loc="20.7--20.16"/><declaredAt location="14.1--14.26"/><type label="TYPE" name="arrPtrTyp"/><addr/><imc name="MEM"><imc name="NAME" value="_someArrPtr"/></imc></node><location loc="18.32--20.16"/></node><location loc="18.5--18.16"/><frame argssize="0" depth="1" label="_gimmeAddress" locssize="0" size="16"/></node><node label="FunDef" lexeme="whileTest"><node label="ParDecls"><node label="ParDecl" lexeme="p"><node label="PtrType"><node label="AtomType" spec="INT"><location loc="25.23--25.25"/><type label="INT"/></node><location loc="25.19--25.25"/><type label="PTR"><type label="INT"/></type></node><location loc="25.15--25.25"/><access depth="2" offset="8" size="8"/></node><node label="ParDecl" lexeme="b"><node label="AtomType" spec="INT"><location loc="25.32--25.34"/><type label="INT"/></node><location loc="25.28--25.34"/><access depth="2" offset="16" size="8"/></node><location loc="25.15--25.34"/></node><node label="PtrType"><node label="AtomType" spec="INT"><location loc="25.43--25.45"/><type label="INT"/></node><location loc="25.39--25.45"/><type label="PTR"><type label="INT"/></type></node><node label="BlockExpr"><node label="Decls"><node label="VarDecl" lexeme="tabela"><node label="ArrType"><node label="AtomExpr" lexeme="10" spec="INT"><location loc="34.26--34.27"/><type label="INT"/></node><node label="AtomType" spec="INT"><location loc="34.30--34.32"/><type label="INT"/></node><location loc="34.22--34.32"/><type label="ARR(10)" len="10"><type label="INT"/></type></node><location loc="34.9--34.32"/><access depth="2" offset="-80" size="80"/></node><location loc="34.9--34.32"/></node><node label="Stmts"><node label="WhileStmt"><node label="BinExpr" spec="EQU"><node label="UnExpr" spec="DATA"><node label="VarName" lexeme="p"><location loc="26.12--26.12"/><declaredAt location="25.15--25.25"/><type label="PTR"><type label="INT"/></type><addr/><imc name="MEM"><imc name="BINOP" value="ADD"><imc name="TEMP" value="0"/><imc name="CONST" value="8"/></imc></imc></node><location loc="26.11--26.12"/><type label="INT"/><addr/><imc name="MEM"><imc name="MEM"><imc name="BINOP" value="ADD"><imc name="TEMP" value="0"/><imc name="CONST" value="8"/></imc></imc></imc></node><node label="AtomExpr" lexeme="100" spec="INT"><location loc="26.17--26.19"/><type label="INT"/><imc name="CONST" value="100"/></node><location loc="26.11--26.19"/><type label="INT"/><imc name="BINOP" value="EQU"><imc name="MEM"><imc name="MEM"><imc name="BINOP" value="ADD"><imc name="TEMP" value="0"/><imc name="CONST" value="8"/></imc></imc></imc><imc name="CONST" value="100"/></imc></node><node label="Stmts"><node label="AssignStmt"><node label="VarName" lexeme="b"><location loc="27.9--27.9"/><declaredAt location="25.28--25.34"/><type label="INT"/><addr/><imc name="MEM"><imc name="BINOP" value="ADD"><imc name="TEMP" value="0"/><imc name="CONST" value="16"/></imc></imc></node><node label="UnExpr" spec="DATA"><node label="NewExpr"><node label="AtomType" spec="INT"><location loc="27.18--27.20"/><type label="INT"/></node><location loc="27.14--27.21"/><imc name="CALL" value="_new"><imc name="CONST" value="0"/><imc name="CONST" value="8"/></imc></node><location loc="27.13--27.21"/><type label="INT"/><addr/><imc name="MEM"><imc name="CALL" value="_new"><imc name="CONST" value="0"/><imc name="CONST" value="8"/></imc></imc></node><location loc="27.9--27.21"/><imc name="MOVE"><imc name="MEM"><imc name="BINOP" value="ADD"><imc name="TEMP" value="0"/><imc name="CONST" value="16"/></imc></imc><imc name="MEM"><imc name="CALL" value="_new"><imc name="CONST" value="0"/><imc name="CONST" value="8"/></imc></imc></imc></node><node label="AssignStmt"><node label="VarName" lexeme="b"><location loc="28.9--28.9"/><declaredAt location="25.28--25.34"/><type label="INT"/><addr/><imc name="MEM"><imc name="BINOP" value="ADD"><imc name="TEMP" value="0"/><imc name="CONST" value="16"/></imc></imc></node><node label="BinExpr" spec="ADD"><node label="UnExpr" spec="DATA"><node label="VarName" lexeme="p"><location loc="28.14--28.14"/><declaredAt location="25.15--25.25"/><type label="PTR"><type label="INT"/></type><addr/><imc name="MEM"><imc name="BINOP" value="ADD"><imc name="TEMP" value="0"/><imc name="CONST" value="8"/></imc></imc></node><location loc="28.13--28.14"/><type label="INT"/><addr/><imc name="MEM"><imc name="MEM"><imc name="BINOP" value="ADD"><imc name="TEMP" value="0"/><imc name="CONST" value="8"/></imc></imc></imc></node><node label="AtomExpr" lexeme="10" spec="INT"><location loc="28.18--28.19"/><type label="INT"/><imc name="CONST" value="10"/></node><location loc="28.13--28.19"/><type label="INT"/><imc name="BINOP" value="ADD"><imc name="MEM"><imc name="MEM"><imc name="BINOP" value="ADD"><imc name="TEMP" value="0"/><imc name="CONST" value="8"/></imc></imc></imc><imc name="CONST" value="10"/></imc></node><location loc="28.9--28.19"/><imc name="MOVE"><imc name="MEM"><imc name="BINOP" value="ADD"><imc name="TEMP" value="0"/><imc name="CONST" value="16"/></imc></imc><imc name="BINOP" value="ADD"><imc name="MEM"><imc name="MEM"><imc name="BINOP" value="ADD"><imc name="TEMP" value="0"/><imc name="CONST" value="8"/></imc></imc></imc><imc name="CONST" value="10"/></imc></imc></node><node label="AssignStmt"><node label="UnExpr" spec="DATA"><node label="VarName" lexeme="p"><location loc="29.10--29.10"/><declaredAt location="25.15--25.25"/><type label="PTR"><type label="INT"/></type><addr/><imc name="MEM"><imc name="BINOP" value="ADD"><imc name="TEMP" value="0"/><imc name="CONST" value="8"/></imc></imc></node><location loc="29.9--29.10"/><type label="INT"/><addr/><imc name="MEM"><imc name="MEM"><imc name="BINOP" value="ADD"><imc name="TEMP" value="0"/><imc name="CONST" value="8"/></imc></imc></imc></node><node label="BinExpr" spec="ADD"><node label="UnExpr" spec="DATA"><node label="VarName" lexeme="p"><location loc="29.15--29.15"/><declaredAt location="25.15--25.25"/><type label="PTR"><type label="INT"/></type><addr/><imc name="MEM"><imc name="BINOP" value="ADD"><imc name="TEMP" value="0"/><imc name="CONST" value="8"/></imc></imc></node><location loc="29.14--29.15"/><type label="INT"/><addr/><imc name="MEM"><imc name="MEM"><imc name="BINOP" value="ADD"><imc name="TEMP" value="0"/><imc name="CONST" value="8"/></imc></imc></imc></node><node label="AtomExpr" lexeme="10" spec="INT"><location loc="29.19--29.20"/><type label="INT"/><imc name="CONST" value="10"/></node><location loc="29.14--29.20"/><type label="INT"/><imc name="BINOP" value="ADD"><imc name="MEM"><imc name="MEM"><imc name="BINOP" value="ADD"><imc name="TEMP" value="0"/><imc name="CONST" value="8"/></imc></imc></imc><imc name="CONST" value="10"/></imc></node><location loc="29.9--29.20"/><imc name="MOVE"><imc name="MEM"><imc name="MEM"><imc name="BINOP" value="ADD"><imc name="TEMP" value="0"/><imc name="CONST" value="8"/></imc></imc></imc><imc name="BINOP" value="ADD"><imc name="MEM"><imc name="MEM"><imc name="BINOP" value="ADD"><imc name="TEMP" value="0"/><imc name="CONST" value="8"/></imc></imc></imc><imc name="CONST" value="10"/></imc></imc></node><node label="AssignStmt"><node label="ArrExpr"><node label="VarName" lexeme="tabela"><location loc="30.9--30.14"/><declaredAt location="34.9--34.32"/><type label="ARR(10)" len="10"><type label="INT"/></type><addr/><imc name="MEM"><imc name="BINOP" value="ADD"><imc name="TEMP" value="0"/><imc name="CONST" value="-80"/></imc></imc></node><node label="AtomExpr" lexeme="5" spec="INT"><location loc="30.16--30.16"/><type label="INT"/><imc name="CONST" value="5"/></node><location loc="30.15--30.17"/><type label="INT"/><addr/><imc name="MEM"><imc name="BINOP" value="ADD"><imc name="BINOP" value="ADD"><imc name="TEMP" value="0"/><imc name="CONST" value="-80"/></imc><imc name="BINOP" value="MUL"><imc name="CONST" value="5"/><imc name="CONST" value="8"/></imc></imc></imc></node><node label="VarName" lexeme="b"><location loc="30.21--30.21"/><declaredAt location="25.28--25.34"/><type label="INT"/><addr/><imc name="MEM"><imc name="BINOP" value="ADD"><imc name="TEMP" value="0"/><imc name="CONST" value="16"/></imc></imc></node><location loc="30.9--30.21"/><imc name="MOVE"><imc name="MEM"><imc name="BINOP" value="ADD"><imc name="BINOP" value="ADD"><imc name="TEMP" value="0"/><imc name="CONST" value="-80"/></imc><imc name="BINOP" value="MUL"><imc name="CONST" value="5"/><imc name="CONST" value="8"/></imc></imc></imc><imc name="MEM"><imc name="BINOP" value="ADD"><imc name="TEMP" value="0"/><imc name="CONST" value="16"/></imc></imc></imc></node><location loc="27.9--30.21"/></node><location loc="26.5--31.7"/><imc name="STMTS"><imc name="LABEL" value="L1"/><imc name="CJUMP" value="L2:L3"><imc name="BINOP" value="EQU"><imc name="MEM"><imc name="MEM"><imc name="BINOP" value="ADD"><imc name="TEMP" value="0"/><imc name="CONST" value="8"/></imc></imc></imc><imc name="CONST" value="100"/></imc></imc><imc name="LABEL" value="L2"/><imc name="MOVE"><imc name="MEM"><imc name="BINOP" value="ADD"><imc name="TEMP" value="0"/><imc name="CONST" value="16"/></imc></imc><imc name="MEM"><imc name="CALL" value="_new"><imc name="CONST" value="0"/><imc name="CONST" value="8"/></imc></imc></imc><imc name="MOVE"><imc name="MEM"><imc name="BINOP" value="ADD"><imc name="TEMP" value="0"/><imc name="CONST" value="16"/></imc></imc><imc name="BINOP" value="ADD"><imc name="MEM"><imc name="MEM"><imc name="BINOP" value="ADD"><imc name="TEMP" value="0"/><imc name="CONST" value="8"/></imc></imc></imc><imc name="CONST" value="10"/></imc></imc><imc name="MOVE"><imc name="MEM"><imc name="MEM"><imc name="BINOP" value="ADD"><imc name="TEMP" value="0"/><imc name="CONST" value="8"/></imc></imc></imc><imc name="BINOP" value="ADD"><imc name="MEM"><imc name="MEM"><imc name="BINOP" value="ADD"><imc name="TEMP" value="0"/><imc name="CONST" value="8"/></imc></imc></imc><imc name="CONST" value="10"/></imc></imc><imc name="MOVE"><imc name="MEM"><imc name="BINOP" value="ADD"><imc name="BINOP" value="ADD"><imc name="TEMP" value="0"/><imc name="CONST" value="-80"/></imc><imc name="BINOP" value="MUL"><imc name="CONST" value="5"/><imc name="CONST" value="8"/></imc></imc></imc><imc name="MEM"><imc name="BINOP" value="ADD"><imc name="TEMP" value="0"/><imc name="CONST" value="16"/></imc></imc></imc><imc name="JUMP" value="L1"/><imc name="LABEL" value="L3"/></imc></node><location loc="26.5--31.7"/></node><node label="UnExpr" spec="ADDR"><node label="ArrExpr"><node label="VarName" lexeme="tabela"><location loc="32.8--32.13"/><declaredAt location="34.9--34.32"/><type label="ARR(10)" len="10"><type label="INT"/></type><addr/><imc name="MEM"><imc name="BINOP" value="ADD"><imc name="TEMP" value="0"/><imc name="CONST" value="-80"/></imc></imc></node><node label="AtomExpr" lexeme="5" spec="INT"><location loc="32.15--32.15"/><type label="INT"/><imc name="CONST" value="5"/></node><location loc="32.14--32.16"/><type label="INT"/><addr/><imc name="MEM"><imc name="BINOP" value="ADD"><imc name="BINOP" value="ADD"><imc name="TEMP" value="0"/><imc name="CONST" value="-80"/></imc><imc name="BINOP" value="MUL"><imc name="CONST" value="5"/><imc name="CONST" value="8"/></imc></imc></imc></node><location loc="32.7--32.16"/><type label="PTR"><type label="INT"/></type><imc name="BINOP" value="ADD"><imc name="BINOP" value="ADD"><imc name="TEMP" value="0"/><imc name="CONST" value="-80"/></imc><imc name="BINOP" value="MUL"><imc name="CONST" value="5"/><imc name="CONST" value="8"/></imc></imc></node><location loc="25.47--35.5"/></node><location loc="25.5--25.13"/><frame argssize="16" depth="1" label="_whileTest" locssize="80" size="112"/></node><node label="FunDef" lexeme="blabla"><node label="ParDecls"><location loc="0.0--0.0"/></node><node label="AtomType" spec="INT"><location loc="39.16--39.18"/><type label="INT"/></node><node label="BlockExpr"><node label="Decls"><node label="VarDecl" lexeme="p"><node label="PtrType"><node label="AtomType" spec="INT"><location loc="43.21--43.23"/><type label="INT"/></node><location loc="43.17--43.23"/><type label="PTR"><type label="INT"/></type></node><location loc="43.9--43.23"/><access depth="2" offset="-8" size="8"/></node><node label="VarDecl" lexeme="aaaa"><node label="ArrType"><node label="AtomExpr" lexeme="10" spec="INT"><location loc="44.24--44.25"/><type label="INT"/></node><node label="AtomType" spec="INT"><location loc="44.28--44.30"/><type label="INT"/></node><location loc="44.20--44.30"/><type label="ARR(10)" len="10"><type label="INT"/></type></node><location loc="44.9--44.30"/><access depth="2" offset="-88" size="80"/></node><location loc="43.9--44.30"/></node><node label="Stmts"><node label="WhileStmt"><node label="BinExpr" spec="EQU"><node label="UnExpr" spec="DATA"><node label="VarName" lexeme="p"><location loc="40.12--40.12"/><declaredAt location="43.9--43.23"/><type label="PTR"><type label="INT"/></type><addr/><imc name="MEM"><imc name="BINOP" value="ADD"><imc name="TEMP" value="0"/><imc name="CONST" value="-8"/></imc></imc></node><location loc="40.11--40.12"/><type label="INT"/><addr/><imc name="MEM"><imc name="MEM"><imc name="BINOP" value="ADD"><imc name="TEMP" value="0"/><imc name="CONST" value="-8"/></imc></imc></imc></node><node label="AtomExpr" lexeme="0" spec="INT"><location loc="40.17--40.17"/><type label="INT"/><imc name="CONST" value="0"/></node><location loc="40.11--40.17"/><type label="INT"/><imc name="BINOP" value="EQU"><imc name="MEM"><imc name="MEM"><imc name="BINOP" value="ADD"><imc name="TEMP" value="0"/><imc name="CONST" value="-8"/></imc></imc></imc><imc name="CONST" value="0"/></imc></node><node label="Stmts"><node label="AssignStmt"><node label="VarName" lexeme="p"><location loc="40.22--40.22"/><declaredAt location="43.9--43.23"/><type label="PTR"><type label="INT"/></type><addr/><imc name="MEM"><imc name="BINOP" value="ADD"><imc name="TEMP" value="0"/><imc name="CONST" value="-8"/></imc></imc></node><node label="CastExpr"><node label="AtomExpr" lexeme="null" spec="PTR"><location loc="40.25--40.28"/><type label="PTR"><type label="VOID"/></type><imc name="CONST" value="0"/></node><node label="PtrType"><node label="AtomType" spec="INT"><location loc="40.35--40.37"/><type label="INT"/></node><location loc="40.31--40.37"/><type label="PTR"><type label="INT"/></type></node><location loc="40.25--40.37"/><imc name="CONST" value="0"/></node><location loc="40.22--40.38"/><imc name="MOVE"><imc name="MEM"><imc name="BINOP" value="ADD"><imc name="TEMP" value="0"/><imc name="CONST" value="-8"/></imc></imc><imc name="CONST" value="0"/></imc></node><location loc="40.22--40.38"/></node><location loc="40.5--40.42"/><imc name="STMTS"><imc name="LABEL" value="L4"/><imc name="CJUMP" value="L5:L6"><imc name="BINOP" value="EQU"><imc name="MEM"><imc name="MEM"><imc name="BINOP" value="ADD"><imc name="TEMP" value="0"/><imc name="CONST" value="-8"/></imc></imc></imc><imc name="CONST" value="0"/></imc></imc><imc name="LABEL" value="L5"/><imc name="MOVE"><imc name="MEM"><imc name="BINOP" value="ADD"><imc name="TEMP" value="0"/><imc name="CONST" value="-8"/></imc></imc><imc name="CONST" value="0"/></imc><imc name="JUMP" value="L4"/><imc name="LABEL" value="L6"/></imc></node><location loc="40.5--40.42"/></node><node label="UnExpr" spec="DATA"><node label="VarName" lexeme="p"><location loc="41.8--41.8"/><declaredAt location="43.9--43.23"/><type label="PTR"><type label="INT"/></type><addr/><imc name="MEM"><imc name="BINOP" value="ADD"><imc name="TEMP" value="0"/><imc name="CONST" value="-8"/></imc></imc></node><location loc="41.7--41.8"/><type label="INT"/><addr/><imc name="MEM"><imc name="MEM"><imc name="BINOP" value="ADD"><imc name="TEMP" value="0"/><imc name="CONST" value="-8"/></imc></imc></imc></node><location loc="39.20--45.6"/></node><location loc="39.5--39.10"/><frame argssize="0" depth="1" label="_blabla" locssize="88" size="104"/></node><node label="VarDecl" lexeme="aa"><node label="AtomType" spec="INT"><location loc="49.9--49.11"/><type label="INT"/></node><location loc="49.1--49.11"/><access label="_aa" size="8"/></node><node label="VarDecl" lexeme="pp"><node label="PtrType"><node label="AtomType" spec="VOID"><location loc="50.14--50.17"/><type label="VOID"/></node><location loc="50.10--50.17"/><type label="PTR"><type label="VOID"/></type></node><location loc="50.1--50.17"/><access label="_pp" size="8"/></node><node label="FunDef" lexeme="ok"><node label="ParDecls"><location loc="0.0--0.0"/></node><node label="AtomType" spec="INT"><location loc="52.12--52.14"/><type label="INT"/></node><node label="BlockExpr"><node label="Decls"><location loc="0.0--0.0"/></node><node label="Stmts"><node label="AssignStmt"><node label="VarName" lexeme="aa"><location loc="53.5--53.6"/><declaredAt location="49.1--49.11"/><type label="INT"/><addr/><imc name="MEM"><imc name="NAME" value="_aa"/></imc></node><node label="BinExpr" spec="ADD"><node label="VarName" lexeme="aa"><location loc="53.10--53.11"/><declaredAt location="49.1--49.11"/><type label="INT"/><addr/><imc name="MEM"><imc name="NAME" value="_aa"/></imc></node><node label="AtomExpr" lexeme="1" spec="INT"><location loc="53.15--53.15"/><type label="INT"/><imc name="CONST" value="1"/></node><location loc="53.10--53.15"/><type label="INT"/><imc name="BINOP" value="ADD"><imc name="MEM"><imc name="NAME" value="_aa"/></imc><imc name="CONST" value="1"/></imc></node><location loc="53.5--53.15"/><imc name="MOVE"><imc name="MEM"><imc name="NAME" value="_aa"/></imc><imc name="BINOP" value="ADD"><imc name="MEM"><imc name="NAME" value="_aa"/></imc><imc name="CONST" value="1"/></imc></imc></node><node label="AssignStmt"><node label="VarName" lexeme="aa"><location loc="54.5--54.6"/><declaredAt location="49.1--49.11"/><type label="INT"/><addr/><imc name="MEM"><imc name="NAME" value="_aa"/></imc></node><node label="AtomExpr" lexeme="3" spec="INT"><location loc="54.10--54.10"/><type label="INT"/><imc name="CONST" value="3"/></node><location loc="54.5--54.10"/><imc name="MOVE"><imc name="MEM"><imc name="NAME" value="_aa"/></imc><imc name="CONST" value="3"/></imc></node><node label="ExprStmt"><node label="FunName" lexeme="ok"><node label="Args"><location loc="0.0--0.0"/></node><location loc="55.5--55.6"/><declaredAt location="52.5--52.6"/><imc name="CALL" value="_ok"><imc name="MEM"><imc name="TEMP" value="0"/></imc></imc></node><location loc="55.5--55.8"/><imc name="ESTMT"><imc name="CALL" value="_ok"><imc name="MEM"><imc name="TEMP" value="0"/></imc></imc></imc></node><location loc="53.5--55.8"/></node><node label="VarName" lexeme="aa"><location loc="56.3--56.4"/><declaredAt location="49.1--49.11"/><type label="INT"/><addr/><imc name="MEM"><imc name="NAME" value="_aa"/></imc></node><location loc="52.16--56.4"/></node><location loc="52.5--52.6"/><frame argssize="8" depth="1" label="_ok" locssize="0" size="24"/></node><node label="FunDef" lexeme="f"><node label="ParDecls"><node label="ParDecl" lexeme="aa"><node label="AtomType" spec="INT"><location loc="58.12--58.14"/><type label="INT"/></node><location loc="58.7--58.14"/><access depth="2" offset="8" size="8"/></node><node label="ParDecl" lexeme="bb"><node label="AtomType" spec="INT"><location loc="58.21--58.23"/><type label="INT"/></node><location loc="58.17--58.23"/><access depth="2" offset="16" size="8"/></node><node label="ParDecl" lexeme="cc"><node label="AtomType" spec="INT"><location loc="58.29--58.31"/><type label="INT"/></node><location loc="58.26--58.31"/><access depth="2" offset="24" size="8"/></node><location loc="58.7--58.31"/></node><node label="AtomType" spec="INT"><location loc="58.36--58.38"/><type label="INT"/></node><node label="BlockExpr"><node label="Decls"><node label="VarDecl" lexeme="sum"><node label="AtomType" spec="INT"><location loc="61.14--61.16"/><type label="INT"/></node><location loc="61.5--61.16"/><access depth="2" offset="-8" size="8"/></node><node label="VarDecl" lexeme="array"><node label="ArrType"><node label="AtomExpr" lexeme="10" spec="INT"><location loc="62.21--62.22"/><type label="INT"/></node><node label="ArrType"><node label="AtomExpr" lexeme="10" spec="INT"><location loc="62.30--62.31"/><type label="INT"/></node><node label="AtomType" spec="INT"><location loc="62.34--62.36"/><type label="INT"/></node><location loc="62.25--62.36"/><type label="ARR(10)" len="10"><type label="INT"/></type></node><location loc="62.16--62.36"/><type label="ARR(10)" len="10"><type label="ARR(10)" len="10"><type label="INT"/></type></type></node><location loc="62.5--62.36"/><access depth="2" offset="-808" size="800"/></node><node label="FunDef" lexeme="g"><node label="ParDecls"><node label="ParDecl" lexeme="aa"><node label="AtomType" spec="INT"><location loc="63.15--63.17"/><type label="INT"/></node><location loc="63.11--63.17"/><access depth="3" offset="8" size="8"/></node><node label="ParDecl" lexeme="bb"><node label="AtomType" spec="CHAR"><location loc="63.24--63.27"/><type label="CHAR"/></node><location loc="63.20--63.27"/><access depth="3" offset="16" size="8"/></node><node label="ParDecl" lexeme="cc"><node label="PtrType"><node label="AtomType" spec="INT"><location loc="63.38--63.40"/><type label="INT"/></node><location loc="63.34--63.40"/><type label="PTR"><type label="INT"/></type></node><location loc="63.30--63.40"/><access depth="3" offset="24" size="8"/></node><location loc="63.11--63.40"/></node><node label="PtrType"><node label="AtomType" spec="VOID"><location loc="63.49--63.52"/><type label="VOID"/></node><location loc="63.45--63.52"/><type label="PTR"><type label="VOID"/></type></node><node label="BlockExpr"><node label="Decls"><node label="VarDecl" lexeme="i"><node label="PtrType"><node label="AtomType" spec="VOID"><location loc="66.21--66.24"/><type label="VOID"/></node><location loc="66.17--66.24"/><type label="PTR"><type label="VOID"/></type></node><location loc="66.9--66.24"/><access depth="3" offset="-8" size="8"/></node><location loc="66.9--66.24"/></node><node label="Stmts"><node label="AssignStmt"><node label="VarName" lexeme="i"><location loc="64.9--64.9"/><declaredAt location="66.9--66.24"/><type label="PTR"><type label="VOID"/></type><addr/><imc name="MEM"><imc name="BINOP" value="ADD"><imc name="TEMP" value="0"/><imc name="CONST" value="-8"/></imc></imc></node><node label="AtomExpr" lexeme="null" spec="PTR"><location loc="64.13--64.16"/><type label="PTR"><type label="VOID"/></type><imc name="CONST" value="0"/></node><location loc="64.9--64.16"/><imc name="MOVE"><imc name="MEM"><imc name="BINOP" value="ADD"><imc name="TEMP" value="0"/><imc name="CONST" value="-8"/></imc></imc><imc name="CONST" value="0"/></imc></node><location loc="64.9--64.16"/></node><node label="VarName" lexeme="i"><location loc="65.7--65.7"/><declaredAt location="66.9--66.24"/><type label="PTR"><type label="VOID"/></type><addr/><imc name="MEM"><imc name="BINOP" value="ADD"><imc name="TEMP" value="0"/><imc name="CONST" value="-8"/></imc></imc></node><location loc="63.54--67.5"/></node><location loc="63.9--63.9"/><frame argssize="0" depth="2" label="L0" locssize="8" size="24"/></node><location loc="61.5--63.9"/></node><node label="Stmts"><node label="AssignStmt"><node label="VarName" lexeme="sum"><location loc="59.5--59.7"/><declaredAt location="61.5--61.16"/><type label="INT"/><addr/><imc name="MEM"><imc name="BINOP" value="ADD"><imc name="TEMP" value="0"/><imc name="CONST" value="-8"/></imc></imc></node><node label="FunName" lexeme="f"><node label="Args"><node label="VarName" lexeme="aa"><location loc="59.13--59.14"/><declaredAt location="58.7--58.14"/><type label="INT"/><addr/><imc name="MEM"><imc name="BINOP" value="ADD"><imc name="TEMP" value="0"/><imc name="CONST" value="8"/></imc></imc></node><node label="VarName" lexeme="bb"><location loc="59.17--59.18"/><declaredAt location="58.17--58.23"/><type label="INT"/><addr/><imc name="MEM"><imc name="BINOP" value="ADD"><imc name="TEMP" value="0"/><imc name="CONST" value="16"/></imc></imc></node><node label="VarName" lexeme="cc"><location loc="59.21--59.22"/><declaredAt location="58.26--58.31"/><type label="INT"/><addr/><imc name="MEM"><imc name="BINOP" value="ADD"><imc name="TEMP" value="0"/><imc name="CONST" value="24"/></imc></imc></node><location loc="59.13--59.22"/></node><location loc="59.11--59.11"/><declaredAt location="58.5--58.5"/><imc name="CALL" value="_f"><imc name="MEM"><imc name="TEMP" value="0"/></imc><imc name="MEM"><imc name="BINOP" value="ADD"><imc name="TEMP" value="0"/><imc name="CONST" value="8"/></imc></imc><imc name="MEM"><imc name="BINOP" value="ADD"><imc name="TEMP" value="0"/><imc name="CONST" value="16"/></imc></imc><imc name="MEM"><imc name="BINOP" value="ADD"><imc name="TEMP" value="0"/><imc name="CONST" value="24"/></imc></imc></imc></node><location loc="59.5--59.23"/><imc name="MOVE"><imc name="MEM"><imc name="BINOP" value="ADD"><imc name="TEMP" value="0"/><imc name="CONST" value="-8"/></imc></imc><imc name="CALL" value="_f"><imc name="MEM"><imc name="TEMP" value="0"/></imc><imc name="MEM"><imc name="BINOP" value="ADD"><imc name="TEMP" value="0"/><imc name="CONST" value="8"/></imc></imc><imc name="MEM"><imc name="BINOP" value="ADD"><imc name="TEMP" value="0"/><imc name="CONST" value="16"/></imc></imc><imc name="MEM"><imc name="BINOP" value="ADD"><imc name="TEMP" value="0"/><imc name="CONST" value="24"/></imc></imc></imc></imc></node><location loc="59.5--59.23"/></node><node label="VarName" lexeme="sum"><location loc="60.3--60.5"/><declaredAt location="61.5--61.16"/><type label="INT"/><addr/><imc name="MEM"><imc name="BINOP" value="ADD"><imc name="TEMP" value="0"/><imc name="CONST" value="-8"/></imc></imc></node><location loc="58.40--68.1"/></node><location loc="58.5--58.5"/><frame argssize="32" depth="1" label="_f" locssize="808" size="856"/></node><node label="VarDecl" lexeme="nekint"><node label="AtomType" spec="INT"><location loc="72.14--72.16"/><type label="INT"/></node><location loc="72.1--72.16"/><access label="_nekint" size="8"/></node><node label="TypDecl" lexeme="epicType"><node label="AtomType" spec="INT"><location loc="73.16--73.18"/><type label="INT"/></node><location loc="73.1--73.18"/><type label="TYPE" name="epicType"/></node><node label="VarDecl" lexeme="epicVar"><node label="TypeName" lexeme="epicType"><location loc="75.15--75.22"/><declaredAt location="73.1--73.18"/><type label="TYPE" name="epicType"/></node><location loc="75.1--75.22"/><access label="_epicVar" size="8"/></node><node label="FunDef" lexeme="castDatShit"><node label="ParDecls"><location loc="0.0--0.0"/></node><node label="TypeName" lexeme="epicType"><location loc="77.21--77.28"/><declaredAt location="73.1--73.18"/><type label="TYPE" name="epicType"/></node><node label="BlockExpr"><node label="Decls"><location loc="0.0--0.0"/></node><node label="Stmts"><node label="AssignStmt"><node label="VarName" lexeme="epicVar"><location loc="78.5--78.11"/><declaredAt location="75.1--75.22"/><type label="TYPE" name="epicType"/><addr/><imc name="MEM"><imc name="NAME" value="_epicVar"/></imc></node><node label="BinExpr" spec="ADD"><node label="FunName" lexeme="epicFunction"><node label="Args"><node label="CastExpr"><node label="VarName" lexeme="nekint"><location loc="78.28--78.33"/><declaredAt location="72.1--72.16"/><type label="INT"/><addr/><imc name="MEM"><imc name="NAME" value="_nekint"/></imc></node><node label="TypeName" lexeme="epicType"><location loc="78.37--78.44"/><declaredAt location="73.1--73.18"/><type label="TYPE" name="epicType"/></node><location loc="78.28--78.44"/><imc name="MEM"><imc name="NAME" value="_nekint"/></imc></node><location loc="78.27--78.45"/></node><location loc="78.14--78.25"/><declaredAt location="81.5--81.16"/><imc name="CALL" value="_epicFunction"><imc name="MEM"><imc name="TEMP" value="0"/></imc><imc name="MEM"><imc name="NAME" value="_nekint"/></imc></imc></node><node label="AtomExpr" lexeme="20" spec="INT"><location loc="78.50--78.51"/><type label="INT"/><imc name="CONST" value="20"/></node><location loc="78.14--78.51"/><type label="INT"/><imc name="BINOP" value="ADD"><imc name="CALL" value="_epicFunction"><imc name="MEM"><imc name="TEMP" value="0"/></imc><imc name="MEM"><imc name="NAME" value="_nekint"/></imc></imc><imc name="CONST" value="20"/></imc></node><location loc="78.5--78.51"/><imc name="MOVE"><imc name="MEM"><imc name="NAME" value="_epicVar"/></imc><imc name="BINOP" value="ADD"><imc name="CALL" value="_epicFunction"><imc name="MEM"><imc name="TEMP" value="0"/></imc><imc name="MEM"><imc name="NAME" value="_nekint"/></imc></imc><imc name="CONST" value="20"/></imc></imc></node><location loc="78.5--78.51"/></node><node label="VarName" lexeme="epicVar"><location loc="79.7--79.13"/><declaredAt location="75.1--75.22"/><type label="TYPE" name="epicType"/><addr/><imc name="MEM"><imc name="NAME" value="_epicVar"/></imc></node><location loc="77.30--79.13"/></node><location loc="77.5--77.15"/><frame argssize="16" depth="1" label="_castDatShit" locssize="0" size="32"/></node><node label="FunDef" lexeme="epicFunction"><node label="ParDecls"><node label="ParDecl" lexeme="datEpicParam"><node label="TypeName" lexeme="epicType"><location loc="81.33--81.40"/><declaredAt location="73.1--73.18"/><type label="TYPE" name="epicType"/></node><location loc="81.18--81.40"/><access depth="2" offset="8" size="8"/></node><location loc="81.18--81.40"/></node><node label="AtomType" spec="INT"><location loc="81.45--81.47"/><type label="INT"/></node><node label="BlockExpr"><node label="Decls"><location loc="0.0--0.0"/></node><node label="Stmts"><node label="AssignStmt"><node label="VarName" lexeme="datEpicParam"><location loc="82.5--82.16"/><declaredAt location="81.18--81.40"/><type label="TYPE" name="epicType"/><addr/><imc name="MEM"><imc name="BINOP" value="ADD"><imc name="TEMP" value="0"/><imc name="CONST" value="8"/></imc></imc></node><node label="AtomExpr" lexeme="6" spec="INT"><location loc="82.20--82.20"/><type label="INT"/><imc name="CONST" value="6"/></node><location loc="82.5--82.20"/><imc name="MOVE"><imc name="MEM"><imc name="BINOP" value="ADD"><imc name="TEMP" value="0"/><imc name="CONST" value="8"/></imc></imc><imc name="CONST" value="6"/></imc></node><node label="AssignStmt"><node label="VarName" lexeme="nekint"><location loc="83.5--83.10"/><declaredAt location="72.1--72.16"/><type label="INT"/><addr/><imc name="MEM"><imc name="NAME" value="_nekint"/></imc></node><node label="CastExpr"><node label="VarName" lexeme="datEpicParam"><location loc="83.15--83.26"/><declaredAt location="81.18--81.40"/><type label="TYPE" name="epicType"/><addr/><imc name="MEM"><imc name="BINOP" value="ADD"><imc name="TEMP" value="0"/><imc name="CONST" value="8"/></imc></imc></node><node label="AtomType" spec="INT"><location loc="83.30--83.32"/><type label="INT"/></node><location loc="83.15--83.32"/><imc name="MEM"><imc name="BINOP" value="ADD"><imc name="TEMP" value="0"/><imc name="CONST" value="8"/></imc></imc></node><location loc="83.5--83.33"/><imc name="MOVE"><imc name="MEM"><imc name="NAME" value="_nekint"/></imc><imc name="MEM"><imc name="BINOP" value="ADD"><imc name="TEMP" value="0"/><imc name="CONST" value="8"/></imc></imc></imc></node><location loc="82.5--83.33"/></node><node label="VarName" lexeme="datEpicParam"><location loc="84.7--84.18"/><declaredAt location="81.18--81.40"/><type label="TYPE" name="epicType"/><addr/><imc name="MEM"><imc name="BINOP" value="ADD"><imc name="TEMP" value="0"/><imc name="CONST" value="8"/></imc></imc></node><location loc="81.49--84.18"/></node><location loc="81.5--81.16"/><frame argssize="0" depth="1" label="_epicFunction" locssize="0" size="16"/></node><node label="VarDecl" lexeme="aVariable"><node label="AtomType" spec="INT"><location loc="89.17--89.19"/><type label="INT"/></node><location loc="89.1--89.19"/><access label="_aVariable" size="8"/></node><node label="VarDecl" lexeme="ultraPointer"><node label="PtrType"><node label="AtomType" spec="INT"><location loc="90.24--90.26"/><type label="INT"/></node><location loc="90.20--90.26"/><type label="PTR"><type label="INT"/></type></node><location loc="90.1--90.26"/><access label="_ultraPointer" size="8"/></node><node label="VarDecl" lexeme="dereferenced"><node label="AtomType" spec="INT"><location loc="92.20--92.22"/><type label="INT"/></node><location loc="92.1--92.22"/><access label="_dereferenced" size="8"/></node><node label="FunDef" lexeme="brothermanBill"><node label="ParDecls"><location loc="0.0--0.0"/></node><node label="AtomType" spec="INT"><location loc="94.24--94.26"/><type label="INT"/></node><node label="BlockExpr"><node label="Decls"><location loc="0.0--0.0"/></node><node label="Stmts"><node label="AssignStmt"><node label="VarName" lexeme="aVariable"><location loc="95.5--95.13"/><declaredAt location="89.1--89.19"/><type label="INT"/><addr/><imc name="MEM"><imc name="NAME" value="_aVariable"/></imc></node><node label="AtomExpr" lexeme="120" spec="INT"><location loc="95.17--95.19"/><type label="INT"/><imc name="CONST" value="120"/></node><location loc="95.5--95.19"/><imc name="MOVE"><imc name="MEM"><imc name="NAME" value="_aVariable"/></imc><imc name="CONST" value="120"/></imc></node><node label="AssignStmt"><node label="VarName" lexeme="ultraPointer"><location loc="96.5--96.16"/><declaredAt location="90.1--90.26"/><type label="PTR"><type label="INT"/></type><addr/><imc name="MEM"><imc name="NAME" value="_ultraPointer"/></imc></node><node label="UnExpr" spec="ADDR"><node label="VarName" lexeme="aVariable"><location loc="96.21--96.29"/><declaredAt location="89.1--89.19"/><type label="INT"/><addr/><imc name="MEM"><imc name="NAME" value="_aVariable"/></imc></node><location loc="96.20--96.29"/><type label="PTR"><type label="INT"/></type><imc name="NAME" value="_aVariable"/></node><location loc="96.5--96.29"/><imc name="MOVE"><imc name="MEM"><imc name="NAME" value="_ultraPointer"/></imc><imc name="NAME" value="_aVariable"/></imc></node><node label="AssignStmt"><node label="VarName" lexeme="dereferenced"><location loc="97.5--97.16"/><declaredAt location="92.1--92.22"/><type label="INT"/><addr/><imc name="MEM"><imc name="NAME" value="_dereferenced"/></imc></node><node label="UnExpr" spec="DATA"><node label="VarName" lexeme="ultraPointer"><location loc="97.21--97.32"/><declaredAt location="90.1--90.26"/><type label="PTR"><type label="INT"/></type><addr/><imc name="MEM"><imc name="NAME" value="_ultraPointer"/></imc></node><location loc="97.20--97.32"/><type label="INT"/><addr/><imc name="MEM"><imc name="MEM"><imc name="NAME" value="_ultraPointer"/></imc></imc></node><location loc="97.5--97.32"/><imc name="MOVE"><imc name="MEM"><imc name="NAME" value="_dereferenced"/></imc><imc name="MEM"><imc name="MEM"><imc name="NAME" value="_ultraPointer"/></imc></imc></imc></node><location loc="95.5--97.32"/></node><node label="VarName" lexeme="dereferenced"><location loc="98.7--98.18"/><declaredAt location="92.1--92.22"/><type label="INT"/><addr/><imc name="MEM"><imc name="NAME" value="_dereferenced"/></imc></node><location loc="94.28--98.18"/></node><location loc="94.5--94.18"/><frame argssize="0" depth="1" label="_brothermanBill" locssize="0" size="16"/></node><node label="FunDef" lexeme="paramerama"><node label="ParDecls"><node label="ParDecl" lexeme="a"><node label="AtomType" spec="INT"><location loc="102.20--102.22"/><type label="INT"/></node><location loc="102.16--102.22"/><access depth="2" offset="8" size="8"/></node><node label="ParDecl" lexeme="b"><node label="AtomType" spec="CHAR"><location loc="102.29--102.32"/><type label="CHAR"/></node><location loc="102.25--102.32"/><access depth="2" offset="16" size="8"/></node><node label="ParDecl" lexeme="c"><node label="PtrType"><node label="AtomType" spec="INT"><location loc="102.43--102.45"/><type label="INT"/></node><location loc="102.39--102.45"/><type label="PTR"><type label="INT"/></type></node><location loc="102.35--102.45"/><access depth="2" offset="24" size="8"/></node><location loc="102.16--102.45"/></node><node label="AtomType" spec="VOID"><location loc="102.50--102.53"/><type label="VOID"/></node><node label="BlockExpr"><node label="Decls"><location loc="0.0--0.0"/></node><node label="Stmts"><node label="AssignStmt"><node label="VarName" lexeme="a"><location loc="103.9--103.9"/><declaredAt location="102.16--102.22"/><type label="INT"/><addr/><imc name="MEM"><imc name="BINOP" value="ADD"><imc name="TEMP" value="0"/><imc name="CONST" value="8"/></imc></imc></node><node label="BinExpr" spec="ADD"><node label="AtomExpr" lexeme="4" spec="INT"><location loc="103.13--103.13"/><type label="INT"/><imc name="CONST" value="4"/></node><node label="AtomExpr" lexeme="20" spec="INT"><location loc="103.17--103.18"/><type label="INT"/><imc name="CONST" value="20"/></node><location loc="103.13--103.18"/><type label="INT"/><imc name="BINOP" value="ADD"><imc name="CONST" value="4"/><imc name="CONST" value="20"/></imc></node><location loc="103.9--103.18"/><imc name="MOVE"><imc name="MEM"><imc name="BINOP" value="ADD"><imc name="TEMP" value="0"/><imc name="CONST" value="8"/></imc></imc><imc name="BINOP" value="ADD"><imc name="CONST" value="4"/><imc name="CONST" value="20"/></imc></imc></node><location loc="103.9--103.18"/></node><node label="AtomExpr" lexeme="none" spec="VOID"><location loc="104.11--104.14"/><type label="VOID"/><imc name="CONST" value="0"/></node><location loc="102.55--104.14"/></node><location loc="102.5--102.14"/><frame argssize="0" depth="1" label="_paramerama" locssize="0" size="16"/></node><node label="FunDef" lexeme="callinig"><node label="ParDecls"><location loc="0.0--0.0"/></node><node label="AtomType" spec="VOID"><location loc="106.18--106.21"/><type label="VOID"/></node><node label="BlockExpr"><node label="Decls"><location loc="0.0--0.0"/></node><node label="Stmts"><node label="ExprStmt"><node label="FunName" lexeme="paramerama"><node label="Args"><node label="AtomExpr" lexeme="1" spec="INT"><location loc="107.16--107.16"/><type label="INT"/><imc name="CONST" value="1"/></node><node label="AtomExpr" lexeme="'c'" spec="CHAR"><location loc="107.19--107.21"/><type label="CHAR"/><imc name="CONST" value="99"/></node><node label="NewExpr"><node label="AtomType" spec="INT"><location loc="107.28--107.30"/><type label="INT"/></node><location loc="107.24--107.31"/><imc name="CALL" value="_new"><imc name="CONST" value="0"/><imc name="CONST" value="8"/></imc></node><location loc="107.16--107.31"/></node><location loc="107.5--107.14"/><declaredAt location="102.5--102.14"/><imc name="CALL" value="_paramerama"><imc name="MEM"><imc name="TEMP" value="0"/></imc><imc name="CONST" value="1"/><imc name="CONST" value="99"/><imc name="CALL" value="_new"><imc name="CONST" value="0"/><imc name="CONST" value="8"/></imc></imc></node><location loc="107.5--107.32"/><imc name="ESTMT"><imc name="CALL" value="_paramerama"><imc name="MEM"><imc name="TEMP" value="0"/></imc><imc name="CONST" value="1"/><imc name="CONST" value="99"/><imc name="CALL" value="_new"><imc name="CONST" value="0"/><imc name="CONST" value="8"/></imc></imc></imc></node><location loc="107.5--107.32"/></node><node label="AtomExpr" lexeme="none" spec="VOID"><location loc="108.7--108.10"/><type label="VOID"/><imc name="CONST" value="0"/></node><location loc="106.23--108.10"/></node><location loc="106.5--106.12"/><frame argssize="32" depth="1" label="_callinig" locssize="0" size="48"/></node><node label="FunDef" lexeme="ifbrezelse"><node label="ParDecls"><node label="ParDecl" lexeme="a"><node label="AtomType" spec="INT"><location loc="113.20--113.22"/><type label="INT"/></node><location loc="113.16--113.22"/><access depth="2" offset="8" size="8"/></node><node label="ParDecl" lexeme="b"><node label="AtomType" spec="CHAR"><location loc="113.29--113.32"/><type label="CHAR"/></node><location loc="113.25--113.32"/><access depth="2" offset="16" size="8"/></node><location loc="113.16--113.32"/></node><node label="AtomType" spec="CHAR"><location loc="113.37--113.40"/><type label="CHAR"/></node><node label="BlockExpr"><node label="Decls"><location loc="0.0--0.0"/></node><node label="Stmts"><node label="IfStmt"><node label="BinExpr" spec="EQU"><node label="BinExpr" spec="MOD"><node label="VarName" lexeme="a"><location loc="114.8--114.8"/><declaredAt location="113.16--113.22"/><type label="INT"/><addr/><imc name="MEM"><imc name="BINOP" value="ADD"><imc name="TEMP" value="0"/><imc name="CONST" value="8"/></imc></imc></node><node label="AtomExpr" lexeme="5" spec="INT"><location loc="114.12--114.12"/><type label="INT"/><imc name="CONST" value="5"/></node><location loc="114.8--114.12"/><type label="INT"/><imc name="BINOP" value="MOD"><imc name="MEM"><imc name="BINOP" value="ADD"><imc name="TEMP" value="0"/><imc name="CONST" value="8"/></imc></imc><imc name="CONST" value="5"/></imc></node><node label="AtomExpr" lexeme="0" spec="INT"><location loc="114.17--114.17"/><type label="INT"/><imc name="CONST" value="0"/></node><location loc="114.8--114.17"/><type label="INT"/><imc name="BINOP" value="EQU"><imc name="BINOP" value="MOD"><imc name="MEM"><imc name="BINOP" value="ADD"><imc name="TEMP" value="0"/><imc name="CONST" value="8"/></imc></imc><imc name="CONST" value="5"/></imc><imc name="CONST" value="0"/></imc></node><node label="Stmts"><node label="AssignStmt"><node label="VarName" lexeme="b"><location loc="114.24--114.24"/><declaredAt location="113.25--113.32"/><type label="CHAR"/><addr/><imc name="MEM"><imc name="BINOP" value="ADD"><imc name="TEMP" value="0"/><imc name="CONST" value="16"/></imc></imc></node><node label="AtomExpr" lexeme="'x'" spec="CHAR"><location loc="114.28--114.30"/><type label="CHAR"/><imc name="CONST" value="120"/></node><location loc="114.24--114.30"/><imc name="MOVE"><imc name="MEM"><imc name="BINOP" value="ADD"><imc name="TEMP" value="0"/><imc name="CONST" value="16"/></imc></imc><imc name="CONST" value="120"/></imc></node><location loc="114.24--114.30"/></node><node label="Stmts"><location loc="0.0--0.0"/></node><location loc="114.5--114.34"/><imc name="STMTS"><imc name="CJUMP" value="L7:L8"><imc name="BINOP" value="EQU"><imc name="BINOP" value="MOD"><imc name="MEM"><imc name="BINOP" value="ADD"><imc name="TEMP" value="0"/><imc name="CONST" value="8"/></imc></imc><imc name="CONST" value="5"/></imc><imc name="CONST" value="0"/></imc></imc><imc name="LABEL" value="L7"/><imc name="MOVE"><imc name="MEM"><imc name="BINOP" value="ADD"><imc name="TEMP" value="0"/><imc name="CONST" value="16"/></imc></imc><imc name="CONST" value="120"/></imc><imc name="LABEL" value="L8"/></imc></node><location loc="114.5--114.34"/></node><node label="VarName" lexeme="b"><location loc="115.7--115.7"/><declaredAt location="113.25--113.32"/><type label="CHAR"/><addr/><imc name="MEM"><imc name="BINOP" value="ADD"><imc name="TEMP" value="0"/><imc name="CONST" value="16"/></imc></imc></node><location loc="113.42--115.7"/></node><location loc="113.5--113.14"/><frame argssize="0" depth="1" label="_ifbrezelse" locssize="0" size="16"/></node><node label="VarDecl" lexeme="x"><node label="AtomType" spec="CHAR"><location loc="120.9--120.12"/><type label="CHAR"/></node><location loc="120.1--120.12"/><access label="_x" size="8"/></node><node label="VarDecl" lexeme="counter"><node label="AtomType" spec="INT"><location loc="121.15--121.17"/><type label="INT"/></node><location loc="121.1--121.17"/><access label="_counter" size="8"/></node><node label="VarDecl" lexeme="array"><node label="ArrType"><node label="AtomExpr" lexeme="20" spec="INT"><location loc="122.17--122.18"/><type label="INT"/></node><node label="AtomType" spec="CHAR"><location loc="122.21--122.24"/><type label="CHAR"/></node><location loc="122.13--122.24"/><type label="ARR(20)" len="20"><type label="CHAR"/></type></node><location loc="122.1--122.24"/><access label="_array" size="160"/></node><node label="FunDef" lexeme="insaneArrayFunctionLOL"><node label="ParDecls"><location loc="0.0--0.0"/></node><node label="AtomType" spec="CHAR"><location loc="123.32--123.35"/><type label="CHAR"/></node><node label="BlockExpr"><node label="Decls"><location loc="0.0--0.0"/></node><node label="Stmts"><node label="WhileStmt"><node label="BinExpr" spec="LEQ"><node label="VarName" lexeme="counter"><location loc="124.11--124.17"/><declaredAt location="121.1--121.17"/><type label="INT"/><addr/><imc name="MEM"><imc name="NAME" value="_counter"/></imc></node><node label="AtomExpr" lexeme="20" spec="INT"><location loc="124.22--124.23"/><type label="INT"/><imc name="CONST" value="20"/></node><location loc="124.11--124.23"/><type label="INT"/><imc name="BINOP" value="LEQ"><imc name="MEM"><imc name="NAME" value="_counter"/></imc><imc name="CONST" value="20"/></imc></node><node label="Stmts"><node label="AssignStmt"><node label="ArrExpr"><node label="VarName" lexeme="array"><location loc="125.9--125.13"/><declaredAt location="122.1--122.24"/><type label="ARR(20)" len="20"><type label="CHAR"/></type><addr/><imc name="MEM"><imc name="NAME" value="_array"/></imc></node><node label="VarName" lexeme="counter"><location loc="125.15--125.21"/><declaredAt location="121.1--121.17"/><type label="INT"/><addr/><imc name="MEM"><imc name="NAME" value="_counter"/></imc></node><location loc="125.14--125.22"/><type label="CHAR"/><addr/><imc name="MEM"><imc name="BINOP" value="ADD"><imc name="NAME" value="_array"/><imc name="BINOP" value="MUL"><imc name="MEM"><imc name="NAME" value="_counter"/></imc><imc name="CONST" value="8"/></imc></imc></imc></node><node label="AtomExpr" lexeme="'x'" spec="CHAR"><location loc="125.26--125.28"/><type label="CHAR"/><imc name="CONST" value="120"/></node><location loc="125.9--125.28"/><imc name="MOVE"><imc name="MEM"><imc name="BINOP" value="ADD"><imc name="NAME" value="_array"/><imc name="BINOP" value="MUL"><imc name="MEM"><imc name="NAME" value="_counter"/></imc><imc name="CONST" value="8"/></imc></imc></imc><imc name="CONST" value="120"/></imc></node><node label="AssignStmt"><node label="VarName" lexeme="counter"><location loc="126.9--126.15"/><declaredAt location="121.1--121.17"/><type label="INT"/><addr/><imc name="MEM"><imc name="NAME" value="_counter"/></imc></node><node label="BinExpr" spec="ADD"><node label="VarName" lexeme="counter"><location loc="126.19--126.25"/><declaredAt location="121.1--121.17"/><type label="INT"/><addr/><imc name="MEM"><imc name="NAME" value="_counter"/></imc></node><node label="AtomExpr" lexeme="1" spec="INT"><location loc="126.29--126.29"/><type label="INT"/><imc name="CONST" value="1"/></node><location loc="126.19--126.29"/><type label="INT"/><imc name="BINOP" value="ADD"><imc name="MEM"><imc name="NAME" value="_counter"/></imc><imc name="CONST" value="1"/></imc></node><location loc="126.9--126.29"/><imc name="MOVE"><imc name="MEM"><imc name="NAME" value="_counter"/></imc><imc name="BINOP" value="ADD"><imc name="MEM"><imc name="NAME" value="_counter"/></imc><imc name="CONST" value="1"/></imc></imc></node><location loc="125.9--126.29"/></node><location loc="124.5--127.7"/><imc name="STMTS"><imc name="LABEL" value="L9"/><imc name="CJUMP" value="L10:L11"><imc name="BINOP" value="LEQ"><imc name="MEM"><imc name="NAME" value="_counter"/></imc><imc name="CONST" value="20"/></imc></imc><imc name="LABEL" value="L10"/><imc name="MOVE"><imc name="MEM"><imc name="BINOP" value="ADD"><imc name="NAME" value="_array"/><imc name="BINOP" value="MUL"><imc name="MEM"><imc name="NAME" value="_counter"/></imc><imc name="CONST" value="8"/></imc></imc></imc><imc name="CONST" value="120"/></imc><imc name="MOVE"><imc name="MEM"><imc name="NAME" value="_counter"/></imc><imc name="BINOP" value="ADD"><imc name="MEM"><imc name="NAME" value="_counter"/></imc><imc name="CONST" value="1"/></imc></imc><imc name="JUMP" value="L9"/><imc name="LABEL" value="L11"/></imc></node><node label="AssignStmt"><node label="VarName" lexeme="x"><location loc="128.5--128.5"/><declaredAt location="120.1--120.12"/><type label="CHAR"/><addr/><imc name="MEM"><imc name="NAME" value="_x"/></imc></node><node label="ArrExpr"><node label="VarName" lexeme="array"><location loc="128.9--128.13"/><declaredAt location="122.1--122.24"/><type label="ARR(20)" len="20"><type label="CHAR"/></type><addr/><imc name="MEM"><imc name="NAME" value="_array"/></imc></node><node label="AtomExpr" lexeme="4" spec="INT"><location loc="128.15--128.15"/><type label="INT"/><imc name="CONST" value="4"/></node><location loc="128.14--128.16"/><type label="CHAR"/><addr/><imc name="MEM"><imc name="BINOP" value="ADD"><imc name="NAME" value="_array"/><imc name="BINOP" value="MUL"><imc name="CONST" value="4"/><imc name="CONST" value="8"/></imc></imc></imc></node><location loc="128.5--128.16"/><imc name="MOVE"><imc name="MEM"><imc name="NAME" value="_x"/></imc><imc name="MEM"><imc name="BINOP" value="ADD"><imc name="NAME" value="_array"/><imc name="BINOP" value="MUL"><imc name="CONST" value="4"/><imc name="CONST" value="8"/></imc></imc></imc></imc></node><location loc="124.5--128.16"/></node><node label="VarName" lexeme="x"><location loc="129.7--129.7"/><declaredAt location="120.1--120.12"/><type label="CHAR"/><addr/><imc name="MEM"><imc name="NAME" value="_x"/></imc></node><location loc="123.37--129.7"/></node><location loc="123.5--123.26"/><frame argssize="0" depth="1" label="_insaneArrayFunctionLOL" locssize="0" size="16"/></node><node label="TypDecl" lexeme="bollywood"><node label="AtomType" spec="BOOL"><location loc="133.17--133.20"/><type label="BOOL"/></node><location loc="133.1--133.20"/><type label="TYPE" name="bollywood"/></node><node label="FunDef" lexeme="func0"><node label="ParDecls"><node label="ParDecl" lexeme="a"><node label="AtomType" spec="INT"><location loc="135.15--135.17"/><type label="INT"/></node><location loc="135.11--135.17"/><access depth="2" offset="8" size="8"/></node><node label="ParDecl" lexeme="b"><node label="AtomType" spec="CHAR"><location loc="135.24--135.27"/><type label="CHAR"/></node><location loc="135.20--135.27"/><access depth="2" offset="16" size="8"/></node><node label="ParDecl" lexeme="c"><node label="TypeName" lexeme="bollywood"><location loc="135.34--135.42"/><declaredAt location="133.1--133.20"/><type label="TYPE" name="bollywood"/></node><location loc="135.30--135.42"/><access depth="2" offset="24" size="8"/></node><node label="ParDecl" lexeme="d"><node label="PtrType"><node label="AtomType" spec="INT"><location loc="135.53--135.55"/><type label="INT"/></node><location loc="135.49--135.55"/><type label="PTR"><type label="INT"/></type></node><location loc="135.45--135.55"/><access depth="2" offset="32" size="8"/></node><location loc="135.11--135.55"/></node><node label="AtomType" spec="INT"><location loc="135.60--135.62"/><type label="INT"/></node><node label="BlockExpr"><node label="Decls"><location loc="0.0--0.0"/></node><node label="Stmts"><node label="AssignStmt"><node label="VarName" lexeme="a"><location loc="136.5--136.5"/><declaredAt location="135.11--135.17"/><type label="INT"/><addr/><imc name="MEM"><imc name="BINOP" value="ADD"><imc name="TEMP" value="0"/><imc name="CONST" value="8"/></imc></imc></node><node label="BinExpr" spec="ADD"><node label="BinExpr" spec="ADD"><node label="AtomExpr" lexeme="5" spec="INT"><location loc="136.9--136.9"/><type label="INT"/><imc name="CONST" value="5"/></node><node label="AtomExpr" lexeme="10" spec="INT"><location loc="136.13--136.14"/><type label="INT"/><imc name="CONST" value="10"/></node><location loc="136.9--136.14"/><type label="INT"/><imc name="BINOP" value="ADD"><imc name="CONST" value="5"/><imc name="CONST" value="10"/></imc></node><node label="BinExpr" spec="MUL"><node label="AtomExpr" lexeme="20" spec="INT"><location loc="136.18--136.19"/><type label="INT"/><imc name="CONST" value="20"/></node><node label="AtomExpr" lexeme="2" spec="INT"><location loc="136.23--136.23"/><type label="INT"/><imc name="CONST" value="2"/></node><location loc="136.18--136.23"/><type label="INT"/><imc name="BINOP" value="MUL"><imc name="CONST" value="20"/><imc name="CONST" value="2"/></imc></node><location loc="136.9--136.23"/><type label="INT"/><imc name="BINOP" value="ADD"><imc name="BINOP" value="ADD"><imc name="CONST" value="5"/><imc name="CONST" value="10"/></imc><imc name="BINOP" value="MUL"><imc name="CONST" value="20"/><imc name="CONST" value="2"/></imc></imc></node><location loc="136.5--136.23"/><imc name="MOVE"><imc name="MEM"><imc name="BINOP" value="ADD"><imc name="TEMP" value="0"/><imc name="CONST" value="8"/></imc></imc><imc name="BINOP" value="ADD"><imc name="BINOP" value="ADD"><imc name="CONST" value="5"/><imc name="CONST" value="10"/></imc><imc name="BINOP" value="MUL"><imc name="CONST" value="20"/><imc name="CONST" value="2"/></imc></imc></imc></node><location loc="136.5--136.23"/></node><node label="BinExpr" spec="ADD"><node label="AtomExpr" lexeme="1" spec="INT"><location loc="137.7--137.7"/><type label="INT"/><imc name="CONST" value="1"/></node><node label="VarName" lexeme="a"><location loc="137.11--137.11"/><declaredAt location="135.11--135.17"/><type label="INT"/><addr/><imc name="MEM"><imc name="BINOP" value="ADD"><imc name="TEMP" value="0"/><imc name="CONST" value="8"/></imc></imc></node><location loc="137.7--137.11"/><type label="INT"/><imc name="BINOP" value="ADD"><imc name="CONST" value="1"/><imc name="MEM"><imc name="BINOP" value="ADD"><imc name="TEMP" value="0"/><imc name="CONST" value="8"/></imc></imc></imc></node><location loc="135.64--137.11"/></node><location loc="135.5--135.9"/><frame argssize="0" depth="1" label="_func0" locssize="0" size="16"/></node><node label="FunDef" lexeme="func1"><node label="ParDecls"><node label="ParDecl" lexeme="g"><node label="AtomType" spec="INT"><location loc="139.15--139.17"/><type label="INT"/></node><location loc="139.11--139.17"/><access depth="2" offset="8" size="8"/></node><location loc="139.11--139.17"/></node><node label="AtomType" spec="INT"><location loc="139.22--139.24"/><type label="INT"/></node><node label="BlockExpr"><node label="Decls"><node label="VarDecl" lexeme="res"><node label="AtomType" spec="INT"><location loc="143.19--143.21"/><type label="INT"/></node><location loc="143.9--143.21"/><access depth="2" offset="-8" size="8"/></node><location loc="143.9--143.21"/></node><node label="Stmts"><node label="AssignStmt"><node label="VarName" lexeme="res"><location loc="140.5--140.7"/><declaredAt location="143.9--143.21"/><type label="INT"/><addr/><imc name="MEM"><imc name="BINOP" value="ADD"><imc name="TEMP" value="0"/><imc name="CONST" value="-8"/></imc></imc></node><node label="BinExpr" spec="ADD"><node label="FunName" lexeme="func0"><node label="Args"><node label="FunName" lexeme="func2"><node label="Args"><node label="AtomExpr" lexeme="10" spec="INT"><location loc="140.23--140.24"/><type label="INT"/><imc name="CONST" value="10"/></node><location loc="140.23--140.24"/></node><location loc="140.17--140.21"/><declaredAt location="146.5--146.9"/><imc name="CALL" value="_func2"><imc name="MEM"><imc name="TEMP" value="0"/></imc><imc name="CONST" value="10"/></imc></node><node label="AtomExpr" lexeme="'c'" spec="CHAR"><location loc="140.28--140.30"/><type label="CHAR"/><imc name="CONST" value="99"/></node><node label="AtomExpr" lexeme="true" spec="BOOL"><location loc="140.33--140.36"/><type label="BOOL"/><imc name="CONST" value="1"/></node><node label="NewExpr"><node label="AtomType" spec="INT"><location loc="140.44--140.46"/><type label="INT"/></node><location loc="140.39--140.47"/><imc name="CALL" value="_new"><imc name="CONST" value="0"/><imc name="CONST" value="8"/></imc></node><location loc="140.17--140.47"/></node><location loc="140.11--140.15"/><declaredAt location="135.5--135.9"/><imc name="CALL" value="_func0"><imc name="MEM"><imc name="TEMP" value="0"/></imc><imc name="CALL" value="_func2"><imc name="MEM"><imc name="TEMP" value="0"/></imc><imc name="CONST" value="10"/></imc><imc name="CONST" value="99"/><imc name="CONST" value="1"/><imc name="CALL" value="_new"><imc name="CONST" value="0"/><imc name="CONST" value="8"/></imc></imc></node><node label="VarName" lexeme="g"><location loc="140.52--140.52"/><declaredAt location="139.11--139.17"/><type label="INT"/><addr/><imc name="MEM"><imc name="BINOP" value="ADD"><imc name="TEMP" value="0"/><imc name="CONST" value="8"/></imc></imc></node><location loc="140.11--140.52"/><type label="INT"/><imc name="BINOP" value="ADD"><imc name="CALL" value="_func0"><imc name="MEM"><imc name="TEMP" value="0"/></imc><imc name="CALL" value="_func2"><imc name="MEM"><imc name="TEMP" value="0"/></imc><imc name="CONST" value="10"/></imc><imc name="CONST" value="99"/><imc name="CONST" value="1"/><imc name="CALL" value="_new"><imc name="CONST" value="0"/><imc name="CONST" value="8"/></imc></imc><imc name="MEM"><imc name="BINOP" value="ADD"><imc name="TEMP" value="0"/><imc name="CONST" value="8"/></imc></imc></imc></node><location loc="140.5--140.52"/><imc name="MOVE"><imc name="MEM"><imc name="BINOP" value="ADD"><imc name="TEMP" value="0"/><imc name="CONST" value="-8"/></imc></imc><imc name="BINOP" value="ADD"><imc name="CALL" value="_func0"><imc name="MEM"><imc name="TEMP" value="0"/></imc><imc name="CALL" value="_func2"><imc name="MEM"><imc name="TEMP" value="0"/></imc><imc name="CONST" value="10"/></imc><imc name="CONST" value="99"/><imc name="CONST" value="1"/><imc name="CALL" value="_new"><imc name="CONST" value="0"/><imc name="CONST" value="8"/></imc></imc><imc name="MEM"><imc name="BINOP" value="ADD"><imc name="TEMP" value="0"/><imc name="CONST" value="8"/></imc></imc></imc></imc></node><location loc="140.5--140.52"/></node><node label="VarName" lexeme="res"><location loc="141.7--141.9"/><declaredAt location="143.9--143.21"/><type label="INT"/><addr/><imc name="MEM"><imc name="BINOP" value="ADD"><imc name="TEMP" value="0"/><imc name="CONST" value="-8"/></imc></imc></node><location loc="139.26--144.9"/></node><location loc="139.5--139.9"/><frame argssize="40" depth="1" label="_func1" locssize="8" size="64"/></node><node label="FunDef" lexeme="func2"><node label="ParDecls"><node label="ParDecl" lexeme="whatever"><node label="AtomType" spec="INT"><location loc="146.22--146.24"/><type label="INT"/></node><location loc="146.11--146.24"/><access depth="2" offset="8" size="8"/></node><location loc="146.11--146.24"/></node><node label="AtomType" spec="INT"><location loc="146.29--146.31"/><type label="INT"/></node><node label="BlockExpr"><node label="Decls"><location loc="0.0--0.0"/></node><node label="Stmts"><node label="AssignStmt"><node label="VarName" lexeme="whatever"><location loc="147.6--147.13"/><declaredAt location="146.11--146.24"/><type label="INT"/><addr/><imc name="MEM"><imc name="BINOP" value="ADD"><imc name="TEMP" value="0"/><imc name="CONST" value="8"/></imc></imc></node><node label="BinExpr" spec="ADD"><node label="VarName" lexeme="whatever"><location loc="147.17--147.24"/><declaredAt location="146.11--146.24"/><type label="INT"/><addr/><imc name="MEM"><imc name="BINOP" value="ADD"><imc name="TEMP" value="0"/><imc name="CONST" value="8"/></imc></imc></node><node label="AtomExpr" lexeme="10" spec="INT"><location loc="147.28--147.29"/><type label="INT"/><imc name="CONST" value="10"/></node><location loc="147.17--147.29"/><type label="INT"/><imc name="BINOP" value="ADD"><imc name="MEM"><imc name="BINOP" value="ADD"><imc name="TEMP" value="0"/><imc name="CONST" value="8"/></imc></imc><imc name="CONST" value="10"/></imc></node><location loc="147.6--147.29"/><imc name="MOVE"><imc name="MEM"><imc name="BINOP" value="ADD"><imc name="TEMP" value="0"/><imc name="CONST" value="8"/></imc></imc><imc name="BINOP" value="ADD"><imc name="MEM"><imc name="BINOP" value="ADD"><imc name="TEMP" value="0"/><imc name="CONST" value="8"/></imc></imc><imc name="CONST" value="10"/></imc></imc></node><location loc="147.6--147.29"/></node><node label="VarName" lexeme="whatever"><location loc="148.8--148.15"/><declaredAt location="146.11--146.24"/><type label="INT"/><addr/><imc name="MEM"><imc name="BINOP" value="ADD"><imc name="TEMP" value="0"/><imc name="CONST" value="8"/></imc></imc></node><location loc="146.33--148.15"/></node><location loc="146.5--146.9"/><frame argssize="0" depth="1" label="_func2" locssize="0" size="16"/></node><node label="TypDecl" lexeme="shitType"><node label="AtomType" spec="CHAR"><location loc="152.16--152.19"/><type label="CHAR"/></node><location loc="152.1--152.19"/><type label="TYPE" name="shitType"/></node><node label="VarDecl" lexeme="ptrToNewShit"><node label="PtrType"><node label="TypeName" lexeme="shitType"><location loc="154.24--154.31"/><declaredAt location="152.1--152.19"/><type label="TYPE" name="shitType"/></node><location loc="154.20--154.31"/><type label="PTR"><type label="TYPE" name="shitType"/></type></node><location loc="154.1--154.31"/><access label="_ptrToNewShit" size="8"/></node><node label="FunDef" lexeme="gimmeSomeNewShit"><node label="ParDecls"><location loc="0.0--0.0"/></node><node label="PtrType"><node label="AtomType" spec="CHAR"><location loc="156.30--156.33"/><type label="CHAR"/></node><location loc="156.26--156.33"/><type label="PTR"><type label="CHAR"/></type></node><node label="BlockExpr"><node label="Decls"><location loc="0.0--0.0"/></node><node label="Stmts"><node label="AssignStmt"><node label="VarName" lexeme="ptrToNewShit"><location loc="157.5--157.16"/><declaredAt location="154.1--154.31"/><type label="PTR"><type label="TYPE" name="shitType"/></type><addr/><imc name="MEM"><imc name="NAME" value="_ptrToNewShit"/></imc></node><node label="NewExpr"><node label="TypeName" lexeme="shitType"><location loc="157.26--157.33"/><declaredAt location="152.1--152.19"/><type label="TYPE" name="shitType"/></node><location loc="157.20--157.35"/><imc name="CALL" value="_new"><imc name="CONST" value="0"/><imc name="CONST" value="8"/></imc></node><location loc="157.5--157.35"/><imc name="MOVE"><imc name="MEM"><imc name="NAME" value="_ptrToNewShit"/></imc><imc name="CALL" value="_new"><imc name="CONST" value="0"/><imc name="CONST" value="8"/></imc></imc></node><location loc="157.5--157.35"/></node><node label="VarName" lexeme="ptrToNewShit"><location loc="158.7--158.18"/><declaredAt location="154.1--154.31"/><type label="PTR"><type label="TYPE" name="shitType"/></type><addr/><imc name="MEM"><imc name="NAME" value="_ptrToNewShit"/></imc></node><location loc="156.35--158.18"/></node><location loc="156.5--156.20"/><frame argssize="16" depth="1" label="_gimmeSomeNewShit" locssize="0" size="32"/></node><node label="FunDef" lexeme="delDatShit"><node label="ParDecls"><node label="ParDecl" lexeme="pointer"><node label="PtrType"><node label="TypeName" lexeme="shitType"><location loc="160.30--160.37"/><declaredAt location="152.1--152.19"/><type label="TYPE" name="shitType"/></node><location loc="160.26--160.37"/><type label="PTR"><type label="TYPE" name="shitType"/></type></node><location loc="160.16--160.37"/><access depth="2" offset="8" size="8"/></node><location loc="160.16--160.37"/></node><node label="AtomType" spec="VOID"><location loc="160.42--160.45"/><type label="VOID"/></node><node label="BlockExpr"><node label="Decls"><location loc="0.0--0.0"/></node><node label="Stmts"><node label="ExprStmt"><node label="DelExpr"><node label="VarName" lexeme="pointer"><location loc="161.11--161.17"/><declaredAt location="160.16--160.37"/><type label="PTR"><type label="TYPE" name="shitType"/></type><addr/><imc name="MEM"><imc name="BINOP" value="ADD"><imc name="TEMP" value="0"/><imc name="CONST" value="8"/></imc></imc></node><location loc="161.5--161.19"/><imc name="CALL" value="_del"><imc name="CONST" value="0"/><imc name="MEM"><imc name="BINOP" value="ADD"><imc name="TEMP" value="0"/><imc name="CONST" value="8"/></imc></imc></imc></node><location loc="161.5--161.19"/><imc name="ESTMT"><imc name="CALL" value="_del"><imc name="CONST" value="0"/><imc name="MEM"><imc name="BINOP" value="ADD"><imc name="TEMP" value="0"/><imc name="CONST" value="8"/></imc></imc></imc></imc></node><location loc="161.5--161.19"/></node><node label="AtomExpr" lexeme="none" spec="VOID"><location loc="162.7--162.10"/><type label="VOID"/><imc name="CONST" value="0"/></node><location loc="160.47--162.10"/></node><location loc="160.5--160.14"/><frame argssize="16" depth="1" label="_delDatShit" locssize="0" size="32"/></node><node label="TypDecl" lexeme="datNewType"><node label="AtomType" spec="INT"><location loc="166.18--166.20"/><type label="INT"/></node><location loc="166.1--166.20"/><type label="TYPE" name="datNewType"/></node><node label="VarDecl" lexeme="oldone"><node label="AtomType" spec="INT"><location loc="168.14--168.16"/><type label="INT"/></node><location loc="168.1--168.16"/><access label="_oldone" size="8"/></node><node label="VarDecl" lexeme="datNewBoi"><node label="TypeName" lexeme="datNewType"><location loc="169.17--169.26"/><declaredAt location="166.1--166.20"/><type label="TYPE" name="datNewType"/></node><location loc="169.1--169.26"/><access label="_datNewBoi" size="8"/></node><node label="FunDef" lexeme="wauuu"><node label="ParDecls"><location loc="0.0--0.0"/></node><node label="AtomType" spec="VOID"><location loc="171.15--171.18"/><type label="VOID"/></node><node label="BlockExpr"><node label="Decls"><location loc="0.0--0.0"/></node><node label="Stmts"><node label="AssignStmt"><node label="VarName" lexeme="datNewBoi"><location loc="172.6--172.14"/><declaredAt location="169.1--169.26"/><type label="TYPE" name="datNewType"/><addr/><imc name="MEM"><imc name="NAME" value="_datNewBoi"/></imc></node><node label="CastExpr"><node label="VarName" lexeme="oldone"><location loc="172.19--172.24"/><declaredAt location="168.1--168.16"/><type label="INT"/><addr/><imc name="MEM"><imc name="NAME" value="_oldone"/></imc></node><node label="TypeName" lexeme="datNewType"><location loc="172.28--172.37"/><declaredAt location="166.1--166.20"/><type label="TYPE" name="datNewType"/></node><location loc="172.19--172.37"/><imc name="MEM"><imc name="NAME" value="_oldone"/></imc></node><location loc="172.6--172.38"/><imc name="MOVE"><imc name="MEM"><imc name="NAME" value="_datNewBoi"/></imc><imc name="MEM"><imc name="NAME" value="_oldone"/></imc></imc></node><location loc="172.6--172.38"/></node><node label="AtomExpr" lexeme="none" spec="VOID"><location loc="173.8--173.11"/><type label="VOID"/><imc name="CONST" value="0"/></node><location loc="171.20--173.11"/></node><location loc="171.5--171.9"/><frame argssize="0" depth="1" label="_wauuu" locssize="0" size="16"/></node><node label="FunDef" lexeme="kek"><node label="ParDecls"><node label="ParDecl" lexeme="i"><node label="AtomType" spec="INT"><location loc="178.11--178.13"/><type label="INT"/></node><location loc="178.9--178.13"/><access depth="2" offset="8" size="8"/></node><node label="ParDecl" lexeme="b"><node label="AtomType" spec="INT"><location loc="178.18--178.20"/><type label="INT"/></node><location loc="178.16--178.20"/><access depth="2" offset="16" size="8"/></node><location loc="178.9--178.20"/></node><node label="AtomType" spec="INT"><location loc="178.25--178.27"/><type label="INT"/></node><node label="BlockExpr"><node label="Decls"><node label="VarDecl" lexeme="m"><node label="AtomType" spec="INT"><location loc="181.24--181.26"/><type label="INT"/></node><location loc="181.17--181.26"/><access depth="2" offset="-8" size="8"/></node><node label="VarDecl" lexeme="a"><node label="AtomType" spec="INT"><location loc="182.24--182.26"/><type label="INT"/></node><location loc="182.17--182.26"/><access depth="2" offset="-16" size="8"/></node><node label="TypDecl" lexeme="useless"><node label="AtomType" spec="CHAR"><location loc="183.30--183.33"/><type label="CHAR"/></node><location loc="183.17--183.33"/><type label="TYPE" name="useless"/></node><location loc="181.17--183.33"/></node><node label="Stmts"><node label="AssignStmt"><node label="VarName" lexeme="m"><location loc="179.5--179.5"/><declaredAt location="181.17--181.26"/><type label="INT"/><addr/><imc name="MEM"><imc name="BINOP" value="ADD"><imc name="TEMP" value="0"/><imc name="CONST" value="-8"/></imc></imc></node><node label="BinExpr" spec="ADD"><node label="BinExpr" spec="ADD"><node label="VarName" lexeme="i"><location loc="179.9--179.9"/><declaredAt location="178.9--178.13"/><type label="INT"/><addr/><imc name="MEM"><imc name="BINOP" value="ADD"><imc name="TEMP" value="0"/><imc name="CONST" value="8"/></imc></imc></node><node label="VarName" lexeme="b"><location loc="179.13--179.13"/><declaredAt location="178.16--178.20"/><type label="INT"/><addr/><imc name="MEM"><imc name="BINOP" value="ADD"><imc name="TEMP" value="0"/><imc name="CONST" value="16"/></imc></imc></node><location loc="179.9--179.13"/><type label="INT"/><imc name="BINOP" value="ADD"><imc name="MEM"><imc name="BINOP" value="ADD"><imc name="TEMP" value="0"/><imc name="CONST" value="8"/></imc></imc><imc name="MEM"><imc name="BINOP" value="ADD"><imc name="TEMP" value="0"/><imc name="CONST" value="16"/></imc></imc></imc></node><node label="UnExpr" spec="ADD"><node label="UnExpr" spec="ADD"><node label="UnExpr" spec="ADD"><node label="AtomExpr" lexeme="1" spec="INT"><location loc="179.20--179.20"/><type label="INT"/><imc name="CONST" value="1"/></node><location loc="179.19--179.20"/><type label="INT"/><imc name="CONST" value="1"/></node><location loc="179.18--179.20"/><type label="INT"/><imc name="CONST" value="1"/></node><location loc="179.17--179.20"/><type label="INT"/><imc name="CONST" value="1"/></node><location loc="179.9--179.20"/><type label="INT"/><imc name="BINOP" value="ADD"><imc name="BINOP" value="ADD"><imc name="MEM"><imc name="BINOP" value="ADD"><imc name="TEMP" value="0"/><imc name="CONST" value="8"/></imc></imc><imc name="MEM"><imc name="BINOP" value="ADD"><imc name="TEMP" value="0"/><imc name="CONST" value="16"/></imc></imc></imc><imc name="CONST" value="1"/></imc></node><location loc="179.5--179.20"/><imc name="MOVE"><imc name="MEM"><imc name="BINOP" value="ADD"><imc name="TEMP" value="0"/><imc name="CONST" value="-8"/></imc></imc><imc name="BINOP" value="ADD"><imc name="BINOP" value="ADD"><imc name="MEM"><imc name="BINOP" value="ADD"><imc name="TEMP" value="0"/><imc name="CONST" value="8"/></imc></imc><imc name="MEM"><imc name="BINOP" value="ADD"><imc name="TEMP" value="0"/><imc name="CONST" value="16"/></imc></imc></imc><imc name="CONST" value="1"/></imc></imc></node><location loc="179.5--179.20"/></node><node label="VarName" lexeme="m"><location loc="180.11--180.11"/><declaredAt location="181.17--181.26"/><type label="INT"/><addr/><imc name="MEM"><imc name="BINOP" value="ADD"><imc name="TEMP" value="0"/><imc name="CONST" value="-8"/></imc></imc></node><location loc="178.29--183.35"/></node><location loc="178.5--178.7"/><frame argssize="0" depth="1" label="_kek" locssize="16" size="32"/></node><node label="VarDecl" lexeme="a"><node label="AtomType" spec="INT"><location loc="186.8--186.10"/><type label="INT"/></node><location loc="186.1--186.10"/><access label="_a" size="8"/></node><node label="VarDecl" lexeme="b"><node label="AtomType" spec="CHAR"><location loc="187.8--187.11"/><type label="CHAR"/></node><location loc="187.1--187.11"/><access label="_b" size="8"/></node><node label="TypDecl" lexeme="intedzer"><node label="AtomType" spec="INT"><location loc="188.16--188.18"/><type label="INT"/></node><location loc="188.1--188.18"/><type label="TYPE" name="intedzer"/></node><node label="VarDecl" lexeme="result"><node label="TypeName" lexeme="intedzer"><location loc="190.13--190.20"/><declaredAt location="188.1--188.18"/><type label="TYPE" name="intedzer"/></node><location loc="190.1--190.20"/><access label="_result" size="8"/></node><node label="TypDecl" lexeme="polje"><node label="ArrType"><node label="AtomExpr" lexeme="20" spec="INT"><location loc="192.17--192.18"/><type label="INT"/></node><node label="TypeName" lexeme="intedzer"><location loc="192.21--192.28"/><declaredAt location="188.1--188.18"/><type label="TYPE" name="intedzer"/></node><location loc="192.13--192.28"/><type label="ARR(20)" len="20"><type label="TYPE" name="intedzer"/></type></node><location loc="192.1--192.28"/><type label="TYPE" name="polje"/></node><node label="FunDef" lexeme="main"><node label="ParDecls"><location loc="0.0--0.0"/></node><node label="TypeName" lexeme="intedzer"><location loc="194.14--194.21"/><declaredAt location="188.1--188.18"/><type label="TYPE" name="intedzer"/></node><node label="BlockExpr"><node label="Decls"><node label="TypDecl" lexeme="limType"><node label="AtomType" spec="INT"><location loc="212.23--212.25"/><type label="INT"/></node><location loc="212.9--212.25"/><type label="TYPE" name="limType"/></node><node label="VarDecl" lexeme="limit"><node label="TypeName" lexeme="limType"><location loc="213.21--213.27"/><declaredAt location="212.9--212.25"/><type label="TYPE" name="limType"/></node><location loc="213.9--213.27"/><access depth="2" offset="-8" size="8"/></node><location loc="212.9--213.27"/></node><node label="Stmts"><node label="AssignStmt"><node label="VarName" lexeme="a"><location loc="195.5--195.5"/><declaredAt location="186.1--186.10"/><type label="INT"/><addr/><imc name="MEM"><imc name="NAME" value="_a"/></imc></node><node label="UnExpr" spec="SUB"><node label="AtomExpr" lexeme="5" spec="INT"><location loc="195.10--195.10"/><type label="INT"/><imc name="CONST" value="5"/></node><location loc="195.9--195.10"/><type label="INT"/><imc name="UNOP" value="NEG"><imc name="CONST" value="5"/></imc></node><location loc="195.5--195.10"/><imc name="MOVE"><imc name="MEM"><imc name="NAME" value="_a"/></imc><imc name="UNOP" value="NEG"><imc name="CONST" value="5"/></imc></imc></node><node label="AssignStmt"><node label="VarName" lexeme="b"><location loc="196.5--196.5"/><declaredAt location="187.1--187.11"/><type label="CHAR"/><addr/><imc name="MEM"><imc name="NAME" value="_b"/></imc></node><node label="AtomExpr" lexeme="'o'" spec="CHAR"><location loc="196.9--196.11"/><type label="CHAR"/><imc name="CONST" value="111"/></node><location loc="196.5--196.11"/><imc name="MOVE"><imc name="MEM"><imc name="NAME" value="_b"/></imc><imc name="CONST" value="111"/></imc></node><node label="AssignStmt"><node label="VarName" lexeme="i"><location loc="197.5--197.5"/><declaredAt location="217.1--217.10"/><type label="INT"/><addr/><imc name="MEM"><imc name="NAME" value="_i"/></imc></node><node label="BinExpr" spec="MUL"><node label="VarName" lexeme="a"><location loc="197.9--197.9"/><declaredAt location="186.1--186.10"/><type label="INT"/><addr/><imc name="MEM"><imc name="NAME" value="_a"/></imc></node><node label="AtomExpr" lexeme="12" spec="INT"><location loc="197.13--197.14"/><type label="INT"/><imc name="CONST" value="12"/></node><location loc="197.9--197.14"/><type label="INT"/><imc name="BINOP" value="MUL"><imc name="MEM"><imc name="NAME" value="_a"/></imc><imc name="CONST" value="12"/></imc></node><location loc="197.5--197.14"/><imc name="MOVE"><imc name="MEM"><imc name="NAME" value="_i"/></imc><imc name="BINOP" value="MUL"><imc name="MEM"><imc name="NAME" value="_a"/></imc><imc name="CONST" value="12"/></imc></imc></node><node label="AssignStmt"><node label="VarName" lexeme="i"><location loc="198.5--198.5"/><declaredAt location="217.1--217.10"/><type label="INT"/><addr/><imc name="MEM"><imc name="NAME" value="_i"/></imc></node><node label="FunName" lexeme="main"><node label="Args"><location loc="0.0--0.0"/></node><location loc="198.9--198.12"/><declaredAt location="194.5--194.8"/><imc name="CALL" value="_main"><imc name="MEM"><imc name="TEMP" value="0"/></imc></imc></node><location loc="198.5--198.14"/><imc name="MOVE"><imc name="MEM"><imc name="NAME" value="_i"/></imc><imc name="CALL" value="_main"><imc name="MEM"><imc name="TEMP" value="0"/></imc></imc></imc></node><node label="AssignStmt"><node label="VarName" lexeme="i"><location loc="199.5--199.5"/><declaredAt location="217.1--217.10"/><type label="INT"/><addr/><imc name="MEM"><imc name="NAME" value="_i"/></imc></node><node label="AtomExpr" lexeme="0" spec="INT"><location loc="199.9--199.9"/><type label="INT"/><imc name="CONST" value="0"/></node><location loc="199.5--199.9"/><imc name="MOVE"><imc name="MEM"><imc name="NAME" value="_i"/></imc><imc name="CONST" value="0"/></imc></node><node label="AssignStmt"><node label="VarName" lexeme="limit"><location loc="200.5--200.9"/><declaredAt location="213.9--213.27"/><type label="TYPE" name="limType"/><addr/><imc name="MEM"><imc name="BINOP" value="ADD"><imc name="TEMP" value="0"/><imc name="CONST" value="-8"/></imc></imc></node><node label="AtomExpr" lexeme="10" spec="INT"><location loc="200.13--200.14"/><type label="INT"/><imc name="CONST" value="10"/></node><location loc="200.5--200.14"/><imc name="MOVE"><imc name="MEM"><imc name="BINOP" value="ADD"><imc name="TEMP" value="0"/><imc name="CONST" value="-8"/></imc></imc><imc name="CONST" value="10"/></imc></node><node label="WhileStmt"><node label="BinExpr" spec="LEQ"><node label="VarName" lexeme="i"><location loc="201.11--201.11"/><declaredAt location="217.1--217.10"/><type label="INT"/><addr/><imc name="MEM"><imc name="NAME" value="_i"/></imc></node><node label="VarName" lexeme="limit"><location loc="201.16--201.20"/><declaredAt location="213.9--213.27"/><type label="TYPE" name="limType"/><addr/><imc name="MEM"><imc name="BINOP" value="ADD"><imc name="TEMP" value="0"/><imc name="CONST" value="-8"/></imc></imc></node><location loc="201.11--201.20"/><type label="INT"/><imc name="BINOP" value="LEQ"><imc name="MEM"><imc name="NAME" value="_i"/></imc><imc name="MEM"><imc name="BINOP" value="ADD"><imc name="TEMP" value="0"/><imc name="CONST" value="-8"/></imc></imc></imc></node><node label="Stmts"><node label="AssignStmt"><node label="VarName" lexeme="i"><location loc="202.9--202.9"/><declaredAt location="217.1--217.10"/><type label="INT"/><addr/><imc name="MEM"><imc name="NAME" value="_i"/></imc></node><node label="BinExpr" spec="ADD"><node label="VarName" lexeme="i"><location loc="202.13--202.13"/><declaredAt location="217.1--217.10"/><type label="INT"/><addr/><imc name="MEM"><imc name="NAME" value="_i"/></imc></node><node label="AtomExpr" lexeme="1" spec="INT"><location loc="202.17--202.17"/><type label="INT"/><imc name="CONST" value="1"/></node><location loc="202.13--202.17"/><type label="INT"/><imc name="BINOP" value="ADD"><imc name="MEM"><imc name="NAME" value="_i"/></imc><imc name="CONST" value="1"/></imc></node><location loc="202.9--202.17"/><imc name="MOVE"><imc name="MEM"><imc name="NAME" value="_i"/></imc><imc name="BINOP" value="ADD"><imc name="MEM"><imc name="NAME" value="_i"/></imc><imc name="CONST" value="1"/></imc></imc></node><node label="IfStmt"><node label="BinExpr" spec="EQU"><node label="VarName" lexeme="i"><location loc="203.12--203.12"/><declaredAt location="217.1--217.10"/><type label="INT"/><addr/><imc name="MEM"><imc name="NAME" value="_i"/></imc></node><node label="BinExpr" spec="ADD"><node label="AtomExpr" lexeme="3" spec="INT"><location loc="203.18--203.18"/><type label="INT"/><imc name="CONST" value="3"/></node><node label="AtomExpr" lexeme="3" spec="INT"><location loc="203.22--203.22"/><type label="INT"/><imc name="CONST" value="3"/></node><location loc="203.18--203.22"/><type label="INT"/><imc name="BINOP" value="ADD"><imc name="CONST" value="3"/><imc name="CONST" value="3"/></imc></node><location loc="203.12--203.22"/><type label="INT"/><imc name="BINOP" value="EQU"><imc name="MEM"><imc name="NAME" value="_i"/></imc><imc name="BINOP" value="ADD"><imc name="CONST" value="3"/><imc name="CONST" value="3"/></imc></imc></node><node label="Stmts"><node label="AssignStmt"><node label="VarName" lexeme="b"><location loc="204.13--204.13"/><declaredAt location="187.1--187.11"/><type label="CHAR"/><addr/><imc name="MEM"><imc name="NAME" value="_b"/></imc></node><node label="BinExpr" spec="ADD"><node label="VarName" lexeme="b"><location loc="204.17--204.17"/><declaredAt location="187.1--187.11"/><type label="CHAR"/><addr/><imc name="MEM"><imc name="NAME" value="_b"/></imc></node><node label="BinExpr" spec="MUL"><node label="AtomExpr" lexeme="'x'" spec="CHAR"><location loc="204.21--204.23"/><type label="CHAR"/><imc name="CONST" value="120"/></node><node label="AtomExpr" lexeme="'G'" spec="CHAR"><location loc="204.27--204.29"/><type label="CHAR"/><imc name="CONST" value="71"/></node><location loc="204.21--204.29"/><type label="CHAR"/><imc name="BINOP" value="MUL"><imc name="CONST" value="120"/><imc name="CONST" value="71"/></imc></node><location loc="204.17--204.29"/><type label="CHAR"/><imc name="BINOP" value="ADD"><imc name="MEM"><imc name="NAME" value="_b"/></imc><imc name="BINOP" value="MUL"><imc name="CONST" value="120"/><imc name="CONST" value="71"/></imc></imc></node><location loc="204.13--204.29"/><imc name="MOVE"><imc name="MEM"><imc name="NAME" value="_b"/></imc><imc name="BINOP" value="ADD"><imc name="MEM"><imc name="NAME" value="_b"/></imc><imc name="BINOP" value="MUL"><imc name="CONST" value="120"/><imc name="CONST" value="71"/></imc></imc></imc></node><node label="AssignStmt"><node label="VarName" lexeme="b"><location loc="205.13--205.13"/><declaredAt location="187.1--187.11"/><type label="CHAR"/><addr/><imc name="MEM"><imc name="NAME" value="_b"/></imc></node><node label="BinExpr" spec="DIV"><node label="VarName" lexeme="b"><location loc="205.17--205.17"/><declaredAt location="187.1--187.11"/><type label="CHAR"/><addr/><imc name="MEM"><imc name="NAME" value="_b"/></imc></node><node label="AtomExpr" lexeme="'3'" spec="CHAR"><location loc="205.21--205.23"/><type label="CHAR"/><imc name="CONST" value="51"/></node><location loc="205.17--205.23"/><type label="CHAR"/><imc name="BINOP" value="DIV"><imc name="MEM"><imc name="NAME" value="_b"/></imc><imc name="CONST" value="51"/></imc></node><location loc="205.13--205.23"/><imc name="MOVE"><imc name="MEM"><imc name="NAME" value="_b"/></imc><imc name="BINOP" value="DIV"><imc name="MEM"><imc name="NAME" value="_b"/></imc><imc name="CONST" value="51"/></imc></imc></node><location loc="204.13--205.23"/></node><node label="Stmts"><node label="ExprStmt"><node label="FunName" lexeme="kek"><node label="Args"><node label="BinExpr" spec="ADD"><node label="VarName" lexeme="i"><location loc="207.17--207.17"/><declaredAt location="217.1--217.10"/><type label="INT"/><addr/><imc name="MEM"><imc name="NAME" value="_i"/></imc></node><node label="AtomExpr" lexeme="1" spec="INT"><location loc="207.21--207.21"/><type label="INT"/><imc name="CONST" value="1"/></node><location loc="207.17--207.21"/><type label="INT"/><imc name="BINOP" value="ADD"><imc name="MEM"><imc name="NAME" value="_i"/></imc><imc name="CONST" value="1"/></imc></node><node label="BinExpr" spec="MUL"><node label="VarName" lexeme="i"><location loc="207.24--207.24"/><declaredAt location="217.1--217.10"/><type label="INT"/><addr/><imc name="MEM"><imc name="NAME" value="_i"/></imc></node><node label="AtomExpr" lexeme="4" spec="INT"><location loc="207.28--207.28"/><type label="INT"/><imc name="CONST" value="4"/></node><location loc="207.24--207.28"/><type label="INT"/><imc name="BINOP" value="MUL"><imc name="MEM"><imc name="NAME" value="_i"/></imc><imc name="CONST" value="4"/></imc></node><location loc="207.17--207.28"/></node><location loc="207.13--207.15"/><declaredAt location="178.5--178.7"/><imc name="CALL" value="_kek"><imc name="MEM"><imc name="TEMP" value="0"/></imc><imc name="BINOP" value="ADD"><imc name="MEM"><imc name="NAME" value="_i"/></imc><imc name="CONST" value="1"/></imc><imc name="BINOP" value="MUL"><imc name="MEM"><imc name="NAME" value="_i"/></imc><imc name="CONST" value="4"/></imc></imc></node><location loc="207.13--207.29"/><imc name="ESTMT"><imc name="CALL" value="_kek"><imc name="MEM"><imc name="TEMP" value="0"/></imc><imc name="BINOP" value="ADD"><imc name="MEM"><imc name="NAME" value="_i"/></imc><imc name="CONST" value="1"/></imc><imc name="BINOP" value="MUL"><imc name="MEM"><imc name="NAME" value="_i"/></imc><imc name="CONST" value="4"/></imc></imc></imc></node><location loc="207.13--207.29"/></node><location loc="203.9--208.11"/><imc name="STMTS"><imc name="CJUMP" value="L15:L16"><imc name="BINOP" value="EQU"><imc name="MEM"><imc name="NAME" value="_i"/></imc><imc name="BINOP" value="ADD"><imc name="CONST" value="3"/><imc name="CONST" value="3"/></imc></imc></imc><imc name="LABEL" value="L15"/><imc name="MOVE"><imc name="MEM"><imc name="NAME" value="_b"/></imc><imc name="BINOP" value="ADD"><imc name="MEM"><imc name="NAME" value="_b"/></imc><imc name="BINOP" value="MUL"><imc name="CONST" value="120"/><imc name="CONST" value="71"/></imc></imc></imc><imc name="MOVE"><imc name="MEM"><imc name="NAME" value="_b"/></imc><imc name="BINOP" value="DIV"><imc name="MEM"><imc name="NAME" value="_b"/></imc><imc name="CONST" value="51"/></imc></imc><imc name="JUMP" value="L17"/><imc name="LABEL" value="L16"/><imc name="ESTMT"><imc name="CALL" value="_kek"><imc name="MEM"><imc name="TEMP" value="0"/></imc><imc name="BINOP" value="ADD"><imc name="MEM"><imc name="NAME" value="_i"/></imc><imc name="CONST" value="1"/></imc><imc name="BINOP" value="MUL"><imc name="MEM"><imc name="NAME" value="_i"/></imc><imc name="CONST" value="4"/></imc></imc></imc><imc name="LABEL" value="L17"/></imc></node><location loc="202.9--208.11"/></node><location loc="201.5--209.7"/><imc name="STMTS"><imc name="LABEL" value="L12"/><imc name="CJUMP" value="L13:L14"><imc name="BINOP" value="LEQ"><imc name="MEM"><imc name="NAME" value="_i"/></imc><imc name="MEM"><imc name="BINOP" value="ADD"><imc name="TEMP" value="0"/><imc name="CONST" value="-8"/></imc></imc></imc></imc><imc name="LABEL" value="L13"/><imc name="MOVE"><imc name="MEM"><imc name="NAME" value="_i"/></imc><imc name="BINOP" value="ADD"><imc name="MEM"><imc name="NAME" value="_i"/></imc><imc name="CONST" value="1"/></imc></imc><imc name="STMTS"><imc name="CJUMP" value="L15:L16"><imc name="BINOP" value="EQU"><imc name="MEM"><imc name="NAME" value="_i"/></imc><imc name="BINOP" value="ADD"><imc name="CONST" value="3"/><imc name="CONST" value="3"/></imc></imc></imc><imc name="LABEL" value="L15"/><imc name="MOVE"><imc name="MEM"><imc name="NAME" value="_b"/></imc><imc name="BINOP" value="ADD"><imc name="MEM"><imc name="NAME" value="_b"/></imc><imc name="BINOP" value="MUL"><imc name="CONST" value="120"/><imc name="CONST" value="71"/></imc></imc></imc><imc name="MOVE"><imc name="MEM"><imc name="NAME" value="_b"/></imc><imc name="BINOP" value="DIV"><imc name="MEM"><imc name="NAME" value="_b"/></imc><imc name="CONST" value="51"/></imc></imc><imc name="JUMP" value="L17"/><imc name="LABEL" value="L16"/><imc name="ESTMT"><imc name="CALL" value="_kek"><imc name="MEM"><imc name="TEMP" value="0"/></imc><imc name="BINOP" value="ADD"><imc name="MEM"><imc name="NAME" value="_i"/></imc><imc name="CONST" value="1"/></imc><imc name="BINOP" value="MUL"><imc name="MEM"><imc name="NAME" value="_i"/></imc><imc name="CONST" value="4"/></imc></imc></imc><imc name="LABEL" value="L17"/></imc><imc name="JUMP" value="L12"/><imc name="LABEL" value="L14"/></imc></node><location loc="195.5--209.7"/></node><node label="BinExpr" spec="ADD"><node label="VarName" lexeme="result"><location loc="210.7--210.12"/><declaredAt location="190.1--190.20"/><type label="TYPE" name="intedzer"/><addr/><imc name="MEM"><imc name="NAME" value="_result"/></imc></node><node label="AtomExpr" lexeme="100" spec="INT"><location loc="210.16--210.18"/><type label="INT"/><imc name="CONST" value="100"/></node><location loc="210.7--210.18"/><type label="TYPE" name="intedzer"/><imc name="BINOP" value="ADD"><imc name="MEM"><imc name="NAME" value="_result"/></imc><imc name="CONST" value="100"/></imc></node><location loc="194.23--214.5"/></node><location loc="194.5--194.8"/><frame argssize="24" depth="1" label="_main" locssize="8" size="48"/></node><node label="VarDecl" lexeme="i"><node label="AtomType" spec="INT"><location loc="217.8--217.10"/><type label="INT"/></node><location loc="217.1--217.10"/><access label="_i" size="8"/></node><location loc="1.5--217.10"/></node><location loc="1.5--217.10"/></node></imcgen>