<?xml version="1.0" encoding="UTF-8" standalone="no"?><?xml-stylesheet type="text/xsl" href="../../data/synan.xsl"?><synan><nont label="Source"><nont label="Decls"><nont label="Decl"><term lexeme="var" token="VAR"><location loc="4.5--4.7"/></term><term lexeme="operator" token="IDENTIFIER"><location loc="4.9--4.16"/></term><term lexeme=":" token="COLON"><location loc="4.17--4.18"/></term><nont label="Type"><term lexeme="char" token="CHAR"><location loc="4.20--4.23"/></term><location loc="4.20--4.23"/></nont><location loc="4.5--4.23"/></nont><nont label="DeclsRest"><nont label="Decls"><nont label="Decl"><term lexeme="var" token="VAR"><location loc="5.5--5.7"/></term><term lexeme="firstNumber" token="IDENTIFIER"><location loc="5.9--5.19"/></term><term lexeme=":" token="COLON"><location loc="5.20--5.21"/></term><nont label="Type"><term lexeme="int" token="INT"><location loc="5.23--5.25"/></term><location loc="5.23--5.25"/></nont><location loc="5.5--5.25"/></nont><nont label="DeclsRest"><nont label="Decls"><nont label="Decl"><term lexeme="var" token="VAR"><location loc="6.5--6.7"/></term><term lexeme="secondNumber" token="IDENTIFIER"><location loc="6.9--6.20"/></term><term lexeme=":" token="COLON"><location loc="6.20--6.21"/></term><nont label="Type"><term lexeme="int" token="INT"><location loc="6.22--6.24"/></term><location loc="6.22--6.24"/></nont><location loc="6.5--6.24"/></nont><nont label="DeclsRest"><nont label="Decls"><nont label="Decl"><term lexeme="typ" token="TYP"><location loc="7.5--7.7"/></term><term lexeme="bla" token="IDENTIFIER"><location loc="7.9--7.11"/></term><term lexeme=":" token="COLON"><location loc="7.11--7.12"/></term><nont label="Type"><term lexeme="bool" token="BOOL"><location loc="7.13--7.16"/></term><location loc="7.13--7.16"/></nont><location loc="7.5--7.16"/></nont><nont label="DeclsRest"><nont label="Decls"><nont label="Decl"><term lexeme="fun" token="FUN"><location loc="9.1--9.3"/></term><term lexeme="testnafunkcija" token="IDENTIFIER"><location loc="9.5--9.18"/></term><term lexeme="(" token="LPARENTHESIS"><location loc="9.19--9.20"/></term><nont label="ParDeclsEps"/><term lexeme=")" token="RPARENTHESIS"><location loc="9.20--9.21"/></term><term lexeme=":" token="COLON"><location loc="9.22--9.23"/></term><nont label="Type"><term lexeme="char" token="CHAR"><location loc="9.25--9.28"/></term><location loc="9.25--9.28"/></nont><nont label="BodyEps"/><location loc="9.1--9.28"/></nont><nont label="DeclsRest"><nont label="Decls"><nont label="Decl"><term lexeme="fun" token="FUN"><location loc="11.1--11.3"/></term><term lexeme="testna2" token="IDENTIFIER"><location loc="11.5--11.11"/></term><term lexeme="(" token="LPARENTHESIS"><location loc="11.12--11.13"/></term><nont label="ParDeclsEps"><nont label="ParDecls"><nont label="ParDecl"><term lexeme="balota" token="IDENTIFIER"><location loc="11.15--11.20"/></term><term lexeme=":" token="COLON"><location loc="11.21--11.22"/></term><nont label="Type"><term lexeme="int" token="INT"><location loc="11.24--11.26"/></term><location loc="11.24--11.26"/></nont><location loc="11.15--11.26"/></nont><nont label="ParDeclsRest"><term lexeme="," token="COMMA"><location loc="11.26--11.27"/></term><nont label="ParDecls"><nont label="ParDecl"><term lexeme="balota2" token="IDENTIFIER"><location loc="11.29--11.35"/></term><term lexeme=":" token="COLON"><location loc="11.35--11.36"/></term><nont label="Type"><term lexeme="bool" token="BOOL"><location loc="11.38--11.41"/></term><location loc="11.38--11.41"/></nont><location loc="11.29--11.41"/></nont><nont label="ParDeclsRest"><term lexeme="," token="COMMA"><location loc="11.41--11.42"/></term><nont label="ParDecls"><nont label="ParDecl"><term lexeme="test3" token="IDENTIFIER"><location loc="11.44--11.48"/></term><term lexeme=":" token="COLON"><location loc="11.48--11.49"/></term><nont label="Type"><term lexeme="char" token="CHAR"><location loc="11.50--11.53"/></term><location loc="11.50--11.53"/></nont><location loc="11.44--11.53"/></nont><nont label="ParDeclsRest"/><location loc="11.44--11.53"/></nont><location loc="11.41--11.53"/></nont><location loc="11.29--11.53"/></nont><location loc="11.26--11.53"/></nont><location loc="11.15--11.53"/></nont><location loc="11.15--11.53"/></nont><term lexeme=")" token="RPARENTHESIS"><location loc="11.53--11.54"/></term><term lexeme=":" token="COLON"><location loc="11.55--11.56"/></term><nont label="Type"><term lexeme="ptr" token="PTR"><location loc="11.58--11.60"/></term><nont label="Type"><term lexeme="int" token="INT"><location loc="11.62--11.64"/></term><location loc="11.62--11.64"/></nont><location loc="11.58--11.64"/></nont><nont label="BodyEps"><term lexeme="=" token="ASSIGN"><location loc="11.65--11.66"/></term><nont label="Stmts"><nont label="Stmt"><nont label="RelExpr"><nont label="AddExpr"><nont label="MulExpr"><nont label="PrefExpr"><nont label="PstfExpr"><nont label="Expr"><nont label="AtomExpr"><term lexeme="2492" token="INTCONST"><location loc="11.68--11.71"/></term><location loc="11.68--11.71"/></nont><location loc="11.68--11.71"/></nont><nont label="PstfExprRest"/><location loc="11.68--11.71"/></nont><location loc="11.68--11.71"/></nont><nont label="MulExprRest"/><location loc="11.68--11.71"/></nont><nont label="AddExprRest"/><location loc="11.68--11.71"/></nont><nont label="RelExprRest"/><location loc="11.68--11.71"/></nont><nont label="AssignEps"/><location loc="11.68--11.71"/></nont><nont label="StmtsRest"/><location loc="11.68--11.71"/></nont><term lexeme=":" token="COLON"><location loc="11.72--11.73"/></term><nont label="RelExpr"><nont label="AddExpr"><nont label="MulExpr"><nont label="PrefExpr"><nont label="PstfExpr"><nont label="Expr"><nont label="AtomExpr"><term lexeme="randomneki" token="IDENTIFIER"><location loc="11.75--11.84"/></term><nont label="CallEps"/><location loc="11.75--11.84"/></nont><location loc="11.75--11.84"/></nont><nont label="PstfExprRest"/><location loc="11.75--11.84"/></nont><location loc="11.75--11.84"/></nont><nont label="MulExprRest"/><location loc="11.75--11.84"/></nont><nont label="AddExprRest"/><location loc="11.75--11.84"/></nont><nont label="RelExprRest"/><location loc="11.75--11.84"/></nont><nont label="WhereEps"/><location loc="11.65--11.84"/></nont><location loc="11.1--11.84"/></nont><nont label="DeclsRest"><nont label="Decls"><nont label="Decl"><term lexeme="fun" token="FUN"><location loc="14.1--14.3"/></term><term lexeme="inc1" token="IDENTIFIER"><location loc="14.5--14.8"/></term><term lexeme="(" token="LPARENTHESIS"><location loc="14.9--14.10"/></term><nont label="ParDeclsEps"><nont label="ParDecls"><nont label="ParDecl"><term lexeme="n" token="IDENTIFIER"><location loc="14.12--14.12"/></term><term lexeme=":" token="COLON"><location loc="14.13--14.14"/></term><nont label="Type"><term lexeme="int" token="INT"><location loc="14.16--14.18"/></term><location loc="14.16--14.18"/></nont><location loc="14.12--14.18"/></nont><nont label="ParDeclsRest"/><location loc="14.12--14.18"/></nont><location loc="14.12--14.18"/></nont><term lexeme=")" token="RPARENTHESIS"><location loc="14.18--14.19"/></term><term lexeme=":" token="COLON"><location loc="14.20--14.21"/></term><nont label="Type"><term lexeme="int" token="INT"><location loc="14.23--14.25"/></term><location loc="14.23--14.25"/></nont><nont label="BodyEps"><term lexeme="=" token="ASSIGN"><location loc="14.26--14.27"/></term><nont label="Stmts"><nont label="Stmt"><nont label="RelExpr"><nont label="AddExpr"><nont label="MulExpr"><nont label="PrefExpr"><nont label="PstfExpr"><nont label="Expr"><nont label="AtomExpr"><term lexeme="n" token="IDENTIFIER"><location loc="14.29--14.29"/></term><nont label="CallEps"/><location loc="14.29--14.29"/></nont><location loc="14.29--14.29"/></nont><nont label="PstfExprRest"/><location loc="14.29--14.29"/></nont><location loc="14.29--14.29"/></nont><nont label="MulExprRest"/><location loc="14.29--14.29"/></nont><nont label="AddExprRest"/><location loc="14.29--14.29"/></nont><nont label="RelExprRest"/><location loc="14.29--14.29"/></nont><nont label="AssignEps"><term lexeme="=" token="ASSIGN"><location loc="14.30--14.31"/></term><nont label="RelExpr"><nont label="AddExpr"><nont label="MulExpr"><nont label="PrefExpr"><nont label="PstfExpr"><nont label="Expr"><nont label="AtomExpr"><term lexeme="n" token="IDENTIFIER"><location loc="14.33--14.33"/></term><nont label="CallEps"/><location loc="14.33--14.33"/></nont><location loc="14.33--14.33"/></nont><nont label="PstfExprRest"/><location loc="14.33--14.33"/></nont><location loc="14.33--14.33"/></nont><nont label="MulExprRest"/><location loc="14.33--14.33"/></nont><nont label="AddExprRest"><term lexeme="+" token="ADD"><location loc="14.33--14.34"/></term><nont label="MulExpr"><nont label="PrefExpr"><nont label="PstfExpr"><nont label="Expr"><nont label="AtomExpr"><term lexeme="1" token="INTCONST"><location loc="14.35--14.35"/></term><location loc="14.35--14.35"/></nont><location loc="14.35--14.35"/></nont><nont label="PstfExprRest"/><location loc="14.35--14.35"/></nont><location loc="14.35--14.35"/></nont><nont label="MulExprRest"/><location loc="14.35--14.35"/></nont><nont label="AddExprRest"/><location loc="14.33--14.35"/></nont><location loc="14.33--14.35"/></nont><nont label="RelExprRest"/><location loc="14.33--14.35"/></nont><location loc="14.30--14.35"/></nont><location loc="14.29--14.35"/></nont><nont label="StmtsRest"/><location loc="14.29--14.35"/></nont><term lexeme=":" token="COLON"><location loc="14.36--14.37"/></term><nont label="RelExpr"><nont label="AddExpr"><nont label="MulExpr"><nont label="PrefExpr"><nont label="PstfExpr"><nont label="Expr"><nont label="AtomExpr"><term lexeme="n" token="IDENTIFIER"><location loc="14.39--14.39"/></term><nont label="CallEps"/><location loc="14.39--14.39"/></nont><location loc="14.39--14.39"/></nont><nont label="PstfExprRest"/><location loc="14.39--14.39"/></nont><location loc="14.39--14.39"/></nont><nont label="MulExprRest"/><location loc="14.39--14.39"/></nont><nont label="AddExprRest"/><location loc="14.39--14.39"/></nont><nont label="RelExprRest"/><location loc="14.39--14.39"/></nont><nont label="WhereEps"/><location loc="14.26--14.39"/></nont><location loc="14.1--14.39"/></nont><nont label="DeclsRest"><nont label="Decls"><nont label="Decl"><term lexeme="fun" token="FUN"><location loc="15.1--15.3"/></term><term lexeme="inc2" token="IDENTIFIER"><location loc="15.5--15.8"/></term><term lexeme="(" token="LPARENTHESIS"><location loc="15.9--15.10"/></term><nont label="ParDeclsEps"><nont label="ParDecls"><nont label="ParDecl"><term lexeme="n" token="IDENTIFIER"><location loc="15.12--15.12"/></term><term lexeme=":" token="COLON"><location loc="15.12--15.13"/></term><nont label="Type"><term lexeme="int" token="INT"><location loc="15.14--15.16"/></term><location loc="15.14--15.16"/></nont><location loc="15.12--15.16"/></nont><nont label="ParDeclsRest"/><location loc="15.12--15.16"/></nont><location loc="15.12--15.16"/></nont><term lexeme=")" token="RPARENTHESIS"><location loc="15.16--15.17"/></term><term lexeme=":" token="COLON"><location loc="15.18--15.19"/></term><nont label="Type"><term lexeme="int" token="INT"><location loc="15.21--15.23"/></term><location loc="15.21--15.23"/></nont><nont label="BodyEps"><term lexeme="=" token="ASSIGN"><location loc="15.24--15.25"/></term><nont label="Stmts"><nont label="Stmt"><nont label="RelExpr"><nont label="AddExpr"><nont label="MulExpr"><nont label="PrefExpr"><nont label="PstfExpr"><nont label="Expr"><nont label="AtomExpr"><term lexeme="m" token="IDENTIFIER"><location loc="15.27--15.27"/></term><nont label="CallEps"/><location loc="15.27--15.27"/></nont><location loc="15.27--15.27"/></nont><nont label="PstfExprRest"/><location loc="15.27--15.27"/></nont><location loc="15.27--15.27"/></nont><nont label="MulExprRest"/><location loc="15.27--15.27"/></nont><nont label="AddExprRest"/><location loc="15.27--15.27"/></nont><nont label="RelExprRest"/><location loc="15.27--15.27"/></nont><nont label="AssignEps"><term lexeme="=" token="ASSIGN"><location loc="15.28--15.29"/></term><nont label="RelExpr"><nont label="AddExpr"><nont label="MulExpr"><nont label="PrefExpr"><nont label="PstfExpr"><nont label="Expr"><nont label="AtomExpr"><term lexeme="n" token="IDENTIFIER"><location loc="15.31--15.31"/></term><nont label="CallEps"/><location loc="15.31--15.31"/></nont><location loc="15.31--15.31"/></nont><nont label="PstfExprRest"/><location loc="15.31--15.31"/></nont><location loc="15.31--15.31"/></nont><nont label="MulExprRest"/><location loc="15.31--15.31"/></nont><nont label="AddExprRest"><term lexeme="+" token="ADD"><location loc="15.31--15.32"/></term><nont label="MulExpr"><nont label="PrefExpr"><nont label="PstfExpr"><nont label="Expr"><nont label="AtomExpr"><term lexeme="1" token="INTCONST"><location loc="15.33--15.33"/></term><location loc="15.33--15.33"/></nont><location loc="15.33--15.33"/></nont><nont label="PstfExprRest"/><location loc="15.33--15.33"/></nont><location loc="15.33--15.33"/></nont><nont label="MulExprRest"/><location loc="15.33--15.33"/></nont><nont label="AddExprRest"/><location loc="15.31--15.33"/></nont><location loc="15.31--15.33"/></nont><nont label="RelExprRest"/><location loc="15.31--15.33"/></nont><location loc="15.28--15.33"/></nont><location loc="15.27--15.33"/></nont><nont label="StmtsRest"/><location loc="15.27--15.33"/></nont><term lexeme=":" token="COLON"><location loc="15.33--15.34"/></term><nont label="RelExpr"><nont label="AddExpr"><nont label="MulExpr"><nont label="PrefExpr"><nont label="PstfExpr"><nont label="Expr"><nont label="AtomExpr"><term lexeme="m" token="IDENTIFIER"><location loc="15.35--15.35"/></term><nont label="CallEps"/><location loc="15.35--15.35"/></nont><location loc="15.35--15.35"/></nont><nont label="PstfExprRest"/><location loc="15.35--15.35"/></nont><location loc="15.35--15.35"/></nont><nont label="MulExprRest"/><location loc="15.35--15.35"/></nont><nont label="AddExprRest"/><location loc="15.35--15.35"/></nont><nont label="RelExprRest"/><location loc="15.35--15.35"/></nont><nont label="WhereEps"><term lexeme="{" token="LBRACE"><location loc="15.36--15.37"/></term><term lexeme="where" token="WHERE"><location loc="15.40--15.43"/></term><nont label="Decls"><nont label="Decl"><term lexeme="var" token="VAR"><location loc="15.45--15.47"/></term><term lexeme="m" token="IDENTIFIER"><location loc="15.49--15.49"/></term><term lexeme=":" token="COLON"><location loc="15.49--15.50"/></term><nont label="Type"><term lexeme="int" token="INT"><location loc="15.51--15.53"/></term><location loc="15.51--15.53"/></nont><location loc="15.45--15.53"/></nont><nont label="DeclsRest"/><location loc="15.45--15.53"/></nont><term lexeme="}" token="RBRACE"><location loc="15.53--15.54"/></term><location loc="15.36--15.54"/></nont><location loc="15.24--15.54"/></nont><location loc="15.1--15.54"/></nont><nont label="DeclsRest"><nont label="Decls"><nont label="Decl"><term lexeme="fun" token="FUN"><location loc="16.1--16.3"/></term><term lexeme="inc2" token="IDENTIFIER"><location loc="16.5--16.8"/></term><term lexeme="(" token="LPARENTHESIS"><location loc="16.9--16.10"/></term><nont label="ParDeclsEps"><nont label="ParDecls"><nont label="ParDecl"><term lexeme="n" token="IDENTIFIER"><location loc="16.12--16.12"/></term><term lexeme=":" token="COLON"><location loc="16.12--16.13"/></term><nont label="Type"><term lexeme="int" token="INT"><location loc="16.14--16.16"/></term><location loc="16.14--16.16"/></nont><location loc="16.12--16.16"/></nont><nont label="ParDeclsRest"/><location loc="16.12--16.16"/></nont><location loc="16.12--16.16"/></nont><term lexeme=")" token="RPARENTHESIS"><location loc="16.16--16.17"/></term><term lexeme=":" token="COLON"><location loc="16.18--16.19"/></term><nont label="Type"><term lexeme="int" token="INT"><location loc="16.21--16.23"/></term><location loc="16.21--16.23"/></nont><nont label="BodyEps"><term lexeme="=" token="ASSIGN"><location loc="16.24--16.25"/></term><nont label="Stmts"><nont label="Stmt"><term lexeme="while" token="WHILE"><location loc="16.28--16.31"/></term><nont label="RelExpr"><nont label="AddExpr"><nont label="MulExpr"><nont label="PrefExpr"><nont label="PstfExpr"><nont label="Expr"><nont label="AtomExpr"><term lexeme="true" token="BOOLCONST"><location loc="16.33--16.36"/></term><location loc="16.33--16.36"/></nont><location loc="16.33--16.36"/></nont><nont label="PstfExprRest"/><location loc="16.33--16.36"/></nont><location loc="16.33--16.36"/></nont><nont label="MulExprRest"/><location loc="16.33--16.36"/></nont><nont label="AddExprRest"/><location loc="16.33--16.36"/></nont><nont label="RelExprRest"/><location loc="16.33--16.36"/></nont><term lexeme="do" token="DO"><location loc="16.38--16.39"/></term><nont label="Stmts"><nont label="Stmt"><term lexeme="if" token="IF"><location loc="17.3--17.4"/></term><nont label="RelExpr"><nont label="AddExpr"><nont label="MulExpr"><nont label="PrefExpr"><nont label="PstfExpr"><nont label="Expr"><nont label="AtomExpr"><term lexeme="count" token="IDENTIFIER"><location loc="17.6--17.10"/></term><nont label="CallEps"/><location loc="17.6--17.10"/></nont><location loc="17.6--17.10"/></nont><nont label="PstfExprRest"/><location loc="17.6--17.10"/></nont><location loc="17.6--17.10"/></nont><nont label="MulExprRest"><term lexeme="%" token="MOD"><location loc="17.11--17.12"/></term><nont label="PrefExpr"><nont label="PstfExpr"><nont label="Expr"><nont label="AtomExpr"><term lexeme="2" token="INTCONST"><location loc="17.14--17.14"/></term><location loc="17.14--17.14"/></nont><location loc="17.14--17.14"/></nont><nont label="PstfExprRest"/><location loc="17.14--17.14"/></nont><location loc="17.14--17.14"/></nont><nont label="MulExprRest"/><location loc="17.11--17.14"/></nont><location loc="17.6--17.14"/></nont><nont label="AddExprRest"/><location loc="17.6--17.14"/></nont><nont label="RelExprRest"><term lexeme="==" token="EQU"><location loc="17.15--17.17"/></term><nont label="AddExpr"><nont label="MulExpr"><nont label="PrefExpr"><nont label="PstfExpr"><nont label="Expr"><nont label="AtomExpr"><term lexeme="0" token="INTCONST"><location loc="17.19--17.19"/></term><location loc="17.19--17.19"/></nont><location loc="17.19--17.19"/></nont><nont label="PstfExprRest"/><location loc="17.19--17.19"/></nont><location loc="17.19--17.19"/></nont><nont label="MulExprRest"/><location loc="17.19--17.19"/></nont><nont label="AddExprRest"/><location loc="17.19--17.19"/></nont><location loc="17.15--17.19"/></nont><location loc="17.6--17.19"/></nont><term lexeme="then" token="THEN"><location loc="18.3--18.6"/></term><nont label="Stmts"><nont label="Stmt"><nont label="RelExpr"><nont label="AddExpr"><nont label="MulExpr"><nont label="PrefExpr"><nont label="PstfExpr"><nont label="Expr"><nont label="AtomExpr"><term lexeme="i1" token="IDENTIFIER"><location loc="19.5--19.6"/></term><nont label="CallEps"/><location loc="19.5--19.6"/></nont><location loc="19.5--19.6"/></nont><nont label="PstfExprRest"/><location loc="19.5--19.6"/></nont><location loc="19.5--19.6"/></nont><nont label="MulExprRest"/><location loc="19.5--19.6"/></nont><nont label="AddExprRest"/><location loc="19.5--19.6"/></nont><nont label="RelExprRest"/><location loc="19.5--19.6"/></nont><nont label="AssignEps"><term lexeme="=" token="ASSIGN"><location loc="19.7--19.8"/></term><nont label="RelExpr"><nont label="AddExpr"><nont label="MulExpr"><nont label="PrefExpr"><nont label="PstfExpr"><nont label="Expr"><nont label="AtomExpr"><term lexeme="i2" token="IDENTIFIER"><location loc="19.10--19.11"/></term><nont label="CallEps"/><location loc="19.10--19.11"/></nont><location loc="19.10--19.11"/></nont><nont label="PstfExprRest"/><location loc="19.10--19.11"/></nont><location loc="19.10--19.11"/></nont><nont label="MulExprRest"/><location loc="19.10--19.11"/></nont><nont label="AddExprRest"><term lexeme="+" token="ADD"><location loc="19.12--19.13"/></term><nont label="MulExpr"><nont label="PrefExpr"><nont label="PstfExpr"><nont label="Expr"><nont label="AtomExpr"><term lexeme="i3" token="IDENTIFIER"><location loc="19.15--19.16"/></term><nont label="CallEps"/><location loc="19.15--19.16"/></nont><location loc="19.15--19.16"/></nont><nont label="PstfExprRest"/><location loc="19.15--19.16"/></nont><location loc="19.15--19.16"/></nont><nont label="MulExprRest"/><location loc="19.15--19.16"/></nont><nont label="AddExprRest"/><location loc="19.12--19.16"/></nont><location loc="19.10--19.16"/></nont><nont label="RelExprRest"/><location loc="19.10--19.16"/></nont><location loc="19.7--19.16"/></nont><location loc="19.5--19.16"/></nont><nont label="StmtsRest"/><location loc="19.5--19.16"/></nont><nont label="ElseEps"><term lexeme="else" token="ELSE"><location loc="20.3--20.6"/></term><nont label="Stmts"><nont label="Stmt"><nont label="RelExpr"><nont label="AddExpr"><nont label="MulExpr"><nont label="PrefExpr"><nont label="PstfExpr"><nont label="Expr"><nont label="AtomExpr"><term lexeme="i2" token="IDENTIFIER"><location loc="21.5--21.6"/></term><nont label="CallEps"/><location loc="21.5--21.6"/></nont><location loc="21.5--21.6"/></nont><nont label="PstfExprRest"/><location loc="21.5--21.6"/></nont><location loc="21.5--21.6"/></nont><nont label="MulExprRest"/><location loc="21.5--21.6"/></nont><nont label="AddExprRest"/><location loc="21.5--21.6"/></nont><nont label="RelExprRest"/><location loc="21.5--21.6"/></nont><nont label="AssignEps"><term lexeme="=" token="ASSIGN"><location loc="21.7--21.8"/></term><nont label="RelExpr"><nont label="AddExpr"><nont label="MulExpr"><nont label="PrefExpr"><nont label="PstfExpr"><nont label="Expr"><nont label="AtomExpr"><term lexeme="i1" token="IDENTIFIER"><location loc="21.10--21.11"/></term><nont label="CallEps"/><location loc="21.10--21.11"/></nont><location loc="21.10--21.11"/></nont><nont label="PstfExprRest"/><location loc="21.10--21.11"/></nont><location loc="21.10--21.11"/></nont><nont label="MulExprRest"/><location loc="21.10--21.11"/></nont><nont label="AddExprRest"><term lexeme="+" token="ADD"><location loc="21.12--21.13"/></term><nont label="MulExpr"><nont label="PrefExpr"><nont label="PstfExpr"><nont label="Expr"><nont label="AtomExpr"><term lexeme="i2" token="IDENTIFIER"><location loc="21.14--21.15"/></term><nont label="CallEps"/><location loc="21.14--21.15"/></nont><location loc="21.14--21.15"/></nont><nont label="PstfExprRest"/><location loc="21.14--21.15"/></nont><location loc="21.14--21.15"/></nont><nont label="MulExprRest"/><location loc="21.14--21.15"/></nont><nont label="AddExprRest"/><location loc="21.12--21.15"/></nont><location loc="21.10--21.15"/></nont><nont label="RelExprRest"/><location loc="21.10--21.15"/></nont><location loc="21.7--21.15"/></nont><location loc="21.5--21.15"/></nont><nont label="StmtsRest"/><location loc="21.5--21.15"/></nont><location loc="20.3--21.15"/></nont><term lexeme="end" token="END"><location loc="22.3--22.5"/></term><location loc="17.3--22.5"/></nont><nont label="StmtsRest"><term lexeme=";" token="SEMIC"><location loc="22.5--22.6"/></term><nont label="Stmts"><nont label="Stmt"><term lexeme="if" token="IF"><location loc="23.3--23.4"/></term><nont label="RelExpr"><nont label="AddExpr"><nont label="MulExpr"><nont label="PrefExpr"><nont label="PstfExpr"><nont label="Expr"><nont label="AtomExpr"><term lexeme="count" token="IDENTIFIER"><location loc="23.6--23.10"/></term><nont label="CallEps"/><location loc="23.6--23.10"/></nont><location loc="23.6--23.10"/></nont><nont label="PstfExprRest"/><location loc="23.6--23.10"/></nont><location loc="23.6--23.10"/></nont><nont label="MulExprRest"><term lexeme="%" token="MOD"><location loc="23.11--23.12"/></term><nont label="PrefExpr"><nont label="PstfExpr"><nont label="Expr"><nont label="AtomExpr"><term lexeme="2" token="INTCONST"><location loc="23.14--23.14"/></term><location loc="23.14--23.14"/></nont><location loc="23.14--23.14"/></nont><nont label="PstfExprRest"/><location loc="23.14--23.14"/></nont><location loc="23.14--23.14"/></nont><nont label="MulExprRest"/><location loc="23.11--23.14"/></nont><location loc="23.6--23.14"/></nont><nont label="AddExprRest"/><location loc="23.6--23.14"/></nont><nont label="RelExprRest"><term lexeme="==" token="EQU"><location loc="23.15--23.17"/></term><nont label="AddExpr"><nont label="MulExpr"><nont label="PrefExpr"><nont label="PstfExpr"><nont label="Expr"><nont label="AtomExpr"><term lexeme="0" token="INTCONST"><location loc="23.19--23.19"/></term><location loc="23.19--23.19"/></nont><location loc="23.19--23.19"/></nont><nont label="PstfExprRest"/><location loc="23.19--23.19"/></nont><location loc="23.19--23.19"/></nont><nont label="MulExprRest"/><location loc="23.19--23.19"/></nont><nont label="AddExprRest"/><location loc="23.19--23.19"/></nont><location loc="23.15--23.19"/></nont><location loc="23.6--23.19"/></nont><term lexeme="then" token="THEN"><location loc="24.3--24.6"/></term><nont label="Stmts"><nont label="Stmt"><nont label="RelExpr"><nont label="AddExpr"><nont label="MulExpr"><nont label="PrefExpr"><nont label="PstfExpr"><nont label="Expr"><nont label="AtomExpr"><term lexeme="a" token="IDENTIFIER"><location loc="25.5--25.5"/></term><nont label="CallEps"/><location loc="25.5--25.5"/></nont><location loc="25.5--25.5"/></nont><nont label="PstfExprRest"/><location loc="25.5--25.5"/></nont><location loc="25.5--25.5"/></nont><nont label="MulExprRest"/><location loc="25.5--25.5"/></nont><nont label="AddExprRest"/><location loc="25.5--25.5"/></nont><nont label="RelExprRest"/><location loc="25.5--25.5"/></nont><nont label="AssignEps"><term lexeme="=" token="ASSIGN"><location loc="25.6--25.7"/></term><nont label="RelExpr"><nont label="AddExpr"><nont label="MulExpr"><nont label="PrefExpr"><term lexeme="-" token="SUB"><location loc="25.8--25.9"/></term><nont label="PrefExpr"><nont label="PstfExpr"><nont label="Expr"><nont label="AtomExpr"><term lexeme="b" token="IDENTIFIER"><location loc="25.10--25.10"/></term><nont label="CallEps"/><location loc="25.10--25.10"/></nont><location loc="25.10--25.10"/></nont><nont label="PstfExprRest"/><location loc="25.10--25.10"/></nont><location loc="25.10--25.10"/></nont><location loc="25.8--25.10"/></nont><nont label="MulExprRest"/><location loc="25.8--25.10"/></nont><nont label="AddExprRest"/><location loc="25.8--25.10"/></nont><nont label="RelExprRest"/><location loc="25.8--25.10"/></nont><location loc="25.6--25.10"/></nont><location loc="25.5--25.10"/></nont><nont label="StmtsRest"/><location loc="25.5--25.10"/></nont><nont label="ElseEps"/><term lexeme="end" token="END"><location loc="26.3--26.5"/></term><location loc="23.3--26.5"/></nont><nont label="StmtsRest"/><location loc="23.3--26.5"/></nont><location loc="22.5--26.5"/></nont><location loc="17.3--26.5"/></nont><term lexeme="end" token="END"><location loc="27.1--27.3"/></term><location loc="16.28--27.3"/></nont><nont label="StmtsRest"/><location loc="16.28--27.3"/></nont><term lexeme=":" token="COLON"><location loc="27.4--27.5"/></term><nont label="RelExpr"><nont label="AddExpr"><nont label="MulExpr"><nont label="PrefExpr"><nont label="PstfExpr"><nont label="Expr"><nont label="AtomExpr"><term lexeme="x" token="IDENTIFIER"><location loc="27.7--27.7"/></term><nont label="CallEps"/><location loc="27.7--27.7"/></nont><location loc="27.7--27.7"/></nont><nont label="PstfExprRest"/><location loc="27.7--27.7"/></nont><location loc="27.7--27.7"/></nont><nont label="MulExprRest"/><location loc="27.7--27.7"/></nont><nont label="AddExprRest"/><location loc="27.7--27.7"/></nont><nont label="RelExprRest"/><location loc="27.7--27.7"/></nont><nont label="WhereEps"><term lexeme="{" token="LBRACE"><location loc="27.8--27.9"/></term><term lexeme="where" token="WHERE"><location loc="27.12--27.15"/></term><nont label="Decls"><nont label="Decl"><term lexeme="typ" token="TYP"><location loc="27.17--27.19"/></term><term lexeme="x" token="IDENTIFIER"><location loc="27.21--27.21"/></term><term lexeme=":" token="COLON"><location loc="27.21--27.22"/></term><nont label="Type"><term lexeme="x" token="IDENTIFIER"><location loc="27.23--27.23"/></term><location loc="27.23--27.23"/></nont><location loc="27.17--27.23"/></nont><nont label="DeclsRest"/><location loc="27.17--27.23"/></nont><term lexeme="}" token="RBRACE"><location loc="27.24--27.25"/></term><location loc="27.8--27.25"/></nont><location loc="16.24--27.25"/></nont><location loc="16.1--27.25"/></nont><nont label="DeclsRest"><nont label="Decls"><nont label="Decl"><term lexeme="fun" token="FUN"><location loc="28.1--28.3"/></term><term lexeme="inc3" token="IDENTIFIER"><location loc="28.5--28.8"/></term><term lexeme="(" token="LPARENTHESIS"><location loc="28.9--28.10"/></term><nont label="ParDeclsEps"><nont label="ParDecls"><nont label="ParDecl"><term lexeme="n" token="IDENTIFIER"><location loc="28.12--28.12"/></term><term lexeme=":" token="COLON"><location loc="28.13--28.14"/></term><nont label="Type"><term lexeme="int" token="INT"><location loc="28.16--28.18"/></term><location loc="28.16--28.18"/></nont><location loc="28.12--28.18"/></nont><nont label="ParDeclsRest"/><location loc="28.12--28.18"/></nont><location loc="28.12--28.18"/></nont><term lexeme=")" token="RPARENTHESIS"><location loc="28.18--28.19"/></term><term lexeme=":" token="COLON"><location loc="28.20--28.21"/></term><nont label="Type"><term lexeme="int" token="INT"><location loc="28.23--28.25"/></term><location loc="28.23--28.25"/></nont><nont label="BodyEps"><term lexeme="=" token="ASSIGN"><location loc="28.26--28.27"/></term><nont label="Stmts"><nont label="Stmt"><term lexeme="while" token="WHILE"><location loc="28.30--28.33"/></term><nont label="RelExpr"><nont label="AddExpr"><nont label="MulExpr"><nont label="PrefExpr"><nont label="PstfExpr"><nont label="Expr"><nont label="AtomExpr"><term lexeme="true" token="BOOLCONST"><location loc="28.35--28.38"/></term><location loc="28.35--28.38"/></nont><location loc="28.35--28.38"/></nont><nont label="PstfExprRest"/><location loc="28.35--28.38"/></nont><location loc="28.35--28.38"/></nont><nont label="MulExprRest"/><location loc="28.35--28.38"/></nont><nont label="AddExprRest"/><location loc="28.35--28.38"/></nont><nont label="RelExprRest"/><location loc="28.35--28.38"/></nont><term lexeme="do" token="DO"><location loc="28.40--28.41"/></term><nont label="Stmts"><nont label="Stmt"><nont label="RelExpr"><nont label="AddExpr"><nont label="MulExpr"><nont label="PrefExpr"><nont label="PstfExpr"><nont label="Expr"><nont label="AtomExpr"><term lexeme="c" token="IDENTIFIER"><location loc="28.43--28.43"/></term><nont label="CallEps"/><location loc="28.43--28.43"/></nont><location loc="28.43--28.43"/></nont><nont label="PstfExprRest"/><location loc="28.43--28.43"/></nont><location loc="28.43--28.43"/></nont><nont label="MulExprRest"/><location loc="28.43--28.43"/></nont><nont label="AddExprRest"/><location loc="28.43--28.43"/></nont><nont label="RelExprRest"/><location loc="28.43--28.43"/></nont><nont label="AssignEps"><term lexeme="=" token="ASSIGN"><location loc="28.44--28.45"/></term><nont label="RelExpr"><nont label="AddExpr"><nont label="MulExpr"><nont label="PrefExpr"><nont label="PstfExpr"><nont label="Expr"><nont label="AtomExpr"><term lexeme="a" token="IDENTIFIER"><location loc="28.47--28.47"/></term><nont label="CallEps"/><location loc="28.47--28.47"/></nont><location loc="28.47--28.47"/></nont><nont label="PstfExprRest"/><location loc="28.47--28.47"/></nont><location loc="28.47--28.47"/></nont><nont label="MulExprRest"/><location loc="28.47--28.47"/></nont><nont label="AddExprRest"><term lexeme="+" token="ADD"><location loc="28.48--28.49"/></term><nont label="MulExpr"><nont label="PrefExpr"><term lexeme="-" token="SUB"><location loc="28.50--28.51"/></term><nont label="PrefExpr"><nont label="PstfExpr"><nont label="Expr"><nont label="AtomExpr"><term lexeme="b" token="IDENTIFIER"><location loc="28.52--28.52"/></term><nont label="CallEps"/><location loc="28.52--28.52"/></nont><location loc="28.52--28.52"/></nont><nont label="PstfExprRest"/><location loc="28.52--28.52"/></nont><location loc="28.52--28.52"/></nont><location loc="28.50--28.52"/></nont><nont label="MulExprRest"><term lexeme="*" token="MUL"><location loc="28.53--28.54"/></term><nont label="PrefExpr"><nont label="PstfExpr"><nont label="Expr"><nont label="AtomExpr"><term lexeme="a" token="IDENTIFIER"><location loc="28.56--28.56"/></term><nont label="CallEps"/><location loc="28.56--28.56"/></nont><location loc="28.56--28.56"/></nont><nont label="PstfExprRest"><term lexeme="[" token="LBRACKET"><location loc="28.56--28.57"/></term><nont label="RelExpr"><nont label="AddExpr"><nont label="MulExpr"><nont label="PrefExpr"><term lexeme="-" token="SUB"><location loc="28.57--28.58"/></term><nont label="PrefExpr"><nont label="PstfExpr"><nont label="Expr"><nont label="AtomExpr"><term lexeme="5" token="INTCONST"><location loc="28.59--28.59"/></term><location loc="28.59--28.59"/></nont><location loc="28.59--28.59"/></nont><nont label="PstfExprRest"/><location loc="28.59--28.59"/></nont><location loc="28.59--28.59"/></nont><location loc="28.57--28.59"/></nont><nont label="MulExprRest"/><location loc="28.57--28.59"/></nont><nont label="AddExprRest"/><location loc="28.57--28.59"/></nont><nont label="RelExprRest"/><location loc="28.57--28.59"/></nont><term lexeme="]" token="RBRACKET"><location loc="28.59--28.60"/></term><nont label="PstfExprRest"/><location loc="28.56--28.60"/></nont><location loc="28.56--28.60"/></nont><location loc="28.56--28.60"/></nont><nont label="MulExprRest"><term lexeme="*" token="MUL"><location loc="28.61--28.62"/></term><nont label="PrefExpr"><nont label="PstfExpr"><nont label="Expr"><nont label="AtomExpr"><term lexeme="new" token="NEW"><location loc="28.64--28.66"/></term><term lexeme="(" token="LPARENTHESIS"><location loc="28.66--28.67"/></term><nont label="Type"><term lexeme="int" token="INT"><location loc="28.68--28.70"/></term><location loc="28.68--28.70"/></nont><term lexeme=")" token="RPARENTHESIS"><location loc="28.70--28.71"/></term><location loc="28.64--28.71"/></nont><location loc="28.64--28.71"/></nont><nont label="PstfExprRest"/><location loc="28.64--28.71"/></nont><location loc="28.64--28.71"/></nont><nont label="MulExprRest"/><location loc="28.61--28.71"/></nont><location loc="28.53--28.71"/></nont><location loc="28.50--28.71"/></nont><nont label="AddExprRest"><term lexeme="-" token="SUB"><location loc="28.72--28.73"/></term><nont label="MulExpr"><nont label="PrefExpr"><nont label="PstfExpr"><nont label="Expr"><nont label="AtomExpr"><term lexeme="del" token="DEL"><location loc="28.75--28.77"/></term><term lexeme="(" token="LPARENTHESIS"><location loc="28.77--28.78"/></term><nont label="RelExpr"><nont label="AddExpr"><nont label="MulExpr"><nont label="PrefExpr"><term lexeme="-" token="SUB"><location loc="28.78--28.79"/></term><nont label="PrefExpr"><nont label="PstfExpr"><nont label="Expr"><nont label="AtomExpr"><term lexeme="1" token="INTCONST"><location loc="28.80--28.80"/></term><location loc="28.80--28.80"/></nont><location loc="28.80--28.80"/></nont><nont label="PstfExprRest"/><location loc="28.80--28.80"/></nont><location loc="28.80--28.80"/></nont><location loc="28.78--28.80"/></nont><nont label="MulExprRest"/><location loc="28.78--28.80"/></nont><nont label="AddExprRest"/><location loc="28.78--28.80"/></nont><nont label="RelExprRest"/><location loc="28.78--28.80"/></nont><term lexeme=")" token="RPARENTHESIS"><location loc="28.80--28.81"/></term><location loc="28.75--28.81"/></nont><location loc="28.75--28.81"/></nont><nont label="PstfExprRest"/><location loc="28.75--28.81"/></nont><location loc="28.75--28.81"/></nont><nont label="MulExprRest"/><location loc="28.75--28.81"/></nont><nont label="AddExprRest"><term lexeme="-" token="SUB"><location loc="28.82--28.83"/></term><nont label="MulExpr"><nont label="PrefExpr"><nont label="PstfExpr"><nont label="Expr"><nont label="AtomExpr"><term lexeme="5" token="INTCONST"><location loc="28.84--28.84"/></term><location loc="28.84--28.84"/></nont><location loc="28.84--28.84"/></nont><nont label="PstfExprRest"/><location loc="28.84--28.84"/></nont><location loc="28.84--28.84"/></nont><nont label="MulExprRest"><term lexeme="/" token="DIV"><location loc="28.85--28.86"/></term><nont label="PrefExpr"><nont label="PstfExpr"><nont label="Expr"><nont label="AtomExpr"><term lexeme="2" token="INTCONST"><location loc="28.88--28.88"/></term><location loc="28.88--28.88"/></nont><location loc="28.88--28.88"/></nont><nont label="PstfExprRest"/><location loc="28.88--28.88"/></nont><location loc="28.88--28.88"/></nont><nont label="MulExprRest"/><location loc="28.85--28.88"/></nont><location loc="28.84--28.88"/></nont><nont label="AddExprRest"/><location loc="28.82--28.88"/></nont><location loc="28.72--28.88"/></nont><location loc="28.48--28.88"/></nont><location loc="28.47--28.88"/></nont><nont label="RelExprRest"><term lexeme="==" token="EQU"><location loc="28.89--28.91"/></term><nont label="AddExpr"><nont label="MulExpr"><nont label="PrefExpr"><nont label="PstfExpr"><nont label="Expr"><nont label="AtomExpr"><term lexeme="256" token="INTCONST"><location loc="28.93--28.95"/></term><location loc="28.93--28.95"/></nont><location loc="28.93--28.95"/></nont><nont label="PstfExprRest"/><location loc="28.93--28.95"/></nont><location loc="28.93--28.95"/></nont><nont label="MulExprRest"/><location loc="28.93--28.95"/></nont><nont label="AddExprRest"/><location loc="28.93--28.95"/></nont><location loc="28.89--28.95"/></nont><location loc="28.47--28.95"/></nont><location loc="28.44--28.95"/></nont><location loc="28.43--28.95"/></nont><nont label="StmtsRest"/><location loc="28.43--28.95"/></nont><term lexeme="end" token="END"><location loc="28.97--28.99"/></term><location loc="28.30--28.99"/></nont><nont label="StmtsRest"/><location loc="28.30--28.99"/></nont><term lexeme=":" token="COLON"><location loc="28.100--28.101"/></term><nont label="RelExpr"><nont label="AddExpr"><nont label="MulExpr"><nont label="PrefExpr"><nont label="PstfExpr"><nont label="Expr"><nont label="AtomExpr"><term lexeme="c" token="CHARCONST"><location loc="28.104--28.104"/></term><location loc="28.104--28.104"/></nont><location loc="28.104--28.104"/></nont><nont label="PstfExprRest"/><location loc="28.104--28.104"/></nont><location loc="28.104--28.104"/></nont><nont label="MulExprRest"/><location loc="28.104--28.104"/></nont><nont label="AddExprRest"/><location loc="28.104--28.104"/></nont><nont label="RelExprRest"/><location loc="28.104--28.104"/></nont><nont label="WhereEps"/><location loc="28.26--28.104"/></nont><location loc="28.1--28.104"/></nont><nont label="DeclsRest"><nont label="Decls"><nont label="Decl"><term lexeme="var" token="VAR"><location loc="30.1--30.3"/></term><term lexeme="seznam" token="IDENTIFIER"><location loc="30.5--30.10"/></term><term lexeme=":" token="COLON"><location loc="30.10--30.11"/></term><nont label="Type"><term lexeme="arr" token="ARR"><location loc="30.13--30.15"/></term><term lexeme="[" token="LBRACKET"><location loc="30.15--30.16"/></term><nont label="RelExpr"><nont label="AddExpr"><nont label="MulExpr"><nont label="PrefExpr"><nont label="PstfExpr"><nont label="Expr"><term lexeme="(" token="LPARENTHESIS"><location loc="30.16--30.17"/></term><nont label="RelExpr"><nont label="AddExpr"><nont label="MulExpr"><nont label="PrefExpr"><nont label="PstfExpr"><nont label="Expr"><nont label="AtomExpr"><term lexeme="32" token="INTCONST"><location loc="30.18--30.19"/></term><location loc="30.18--30.19"/></nont><location loc="30.18--30.19"/></nont><nont label="PstfExprRest"/><location loc="30.18--30.19"/></nont><location loc="30.18--30.19"/></nont><nont label="MulExprRest"/><location loc="30.18--30.19"/></nont><nont label="AddExprRest"/><location loc="30.18--30.19"/></nont><nont label="RelExprRest"/><location loc="30.18--30.19"/></nont><nont label="CastEps"><term lexeme=":" token="COLON"><location loc="30.20--30.21"/></term><nont label="Type"><term lexeme="(" token="LPARENTHESIS"><location loc="30.22--30.23"/></term><nont label="Type"><term lexeme="ptr" token="PTR"><location loc="30.25--30.27"/></term><nont label="Type"><term lexeme="stevilo2" token="IDENTIFIER"><location loc="30.29--30.36"/></term><location loc="30.29--30.36"/></nont><location loc="30.25--30.36"/></nont><term lexeme=")" token="RPARENTHESIS"><location loc="30.36--30.37"/></term><location loc="30.22--30.37"/></nont><location loc="30.20--30.37"/></nont><term lexeme=")" token="RPARENTHESIS"><location loc="30.37--30.38"/></term><location loc="30.16--30.38"/></nont><nont label="PstfExprRest"><term lexeme="[" token="LBRACKET"><location loc="30.38--30.39"/></term><nont label="RelExpr"><nont label="AddExpr"><nont label="MulExpr"><nont label="PrefExpr"><nont label="PstfExpr"><nont label="Expr"><nont label="AtomExpr"><term lexeme="new" token="NEW"><location loc="30.40--30.42"/></term><term lexeme="(" token="LPARENTHESIS"><location loc="30.43--30.44"/></term><nont label="Type"><term lexeme="arr" token="ARR"><location loc="30.45--30.47"/></term><term lexeme="[" token="LBRACKET"><location loc="30.47--30.48"/></term><nont label="RelExpr"><nont label="AddExpr"><nont label="MulExpr"><nont label="PrefExpr"><nont label="PstfExpr"><nont label="Expr"><nont label="AtomExpr"><term lexeme="polje" token="IDENTIFIER"><location loc="30.50--30.54"/></term><nont label="CallEps"><term lexeme="(" token="LPARENTHESIS"><location loc="30.55--30.56"/></term><nont label="ArgsEps"><nont label="Args"><nont label="RelExpr"><nont label="AddExpr"><nont label="MulExpr"><nont label="PrefExpr"><nont label="PstfExpr"><nont label="Expr"><nont label="AtomExpr"><term lexeme="del" token="DEL"><location loc="30.58--30.60"/></term><term lexeme="(" token="LPARENTHESIS"><location loc="30.61--30.62"/></term><nont label="RelExpr"><nont label="AddExpr"><nont label="MulExpr"><nont label="PrefExpr"><nont label="PstfExpr"><nont label="Expr"><nont label="AtomExpr"><term lexeme="22" token="INTCONST"><location loc="30.63--30.64"/></term><location loc="30.63--30.64"/></nont><location loc="30.63--30.64"/></nont><nont label="PstfExprRest"/><location loc="30.63--30.64"/></nont><location loc="30.63--30.64"/></nont><nont label="MulExprRest"><term lexeme="*" token="MUL"><location loc="30.64--30.65"/></term><nont label="PrefExpr"><nont label="PstfExpr"><nont label="Expr"><nont label="AtomExpr"><term lexeme="22" token="INTCONST"><location loc="30.66--30.67"/></term><location loc="30.66--30.67"/></nont><location loc="30.66--30.67"/></nont><nont label="PstfExprRest"/><location loc="30.66--30.67"/></nont><location loc="30.66--30.67"/></nont><nont label="MulExprRest"/><location loc="30.64--30.67"/></nont><location loc="30.63--30.67"/></nont><nont label="AddExprRest"/><location loc="30.63--30.67"/></nont><nont label="RelExprRest"/><location loc="30.63--30.67"/></nont><term lexeme=")" token="RPARENTHESIS"><location loc="30.67--30.68"/></term><location loc="30.58--30.68"/></nont><location loc="30.58--30.68"/></nont><nont label="PstfExprRest"/><location loc="30.58--30.68"/></nont><location loc="30.58--30.68"/></nont><nont label="MulExprRest"/><location loc="30.58--30.68"/></nont><nont label="AddExprRest"/><location loc="30.58--30.68"/></nont><nont label="RelExprRest"/><location loc="30.58--30.68"/></nont><location loc="30.58--30.68"/></nont><nont label="ArgsRest"><term lexeme="," token="COMMA"><location loc="30.68--30.69"/></term><nont label="Args"><nont label="RelExpr"><nont label="AddExpr"><nont label="MulExpr"><nont label="PrefExpr"><nont label="PstfExpr"><nont label="Expr"><nont label="AtomExpr"><term lexeme="ime" token="IDENTIFIER"><location loc="30.71--30.73"/></term><nont label="CallEps"/><location loc="30.71--30.73"/></nont><location loc="30.71--30.73"/></nont><nont label="PstfExprRest"/><location loc="30.71--30.73"/></nont><location loc="30.71--30.73"/></nont><nont label="MulExprRest"/><location loc="30.71--30.73"/></nont><nont label="AddExprRest"/><location loc="30.71--30.73"/></nont><nont label="RelExprRest"/><location loc="30.71--30.73"/></nont><location loc="30.71--30.73"/></nont><nont label="ArgsRest"><term lexeme="," token="COMMA"><location loc="30.73--30.74"/></term><nont label="Args"><nont label="RelExpr"><nont label="AddExpr"><nont label="MulExpr"><nont label="PrefExpr"><nont label="PstfExpr"><nont label="Expr"><nont label="AtomExpr"><term lexeme="priimek" token="IDENTIFIER"><location loc="30.76--30.82"/></term><nont label="CallEps"/><location loc="30.76--30.82"/></nont><location loc="30.76--30.82"/></nont><nont label="PstfExprRest"/><location loc="30.76--30.82"/></nont><location loc="30.76--30.82"/></nont><nont label="MulExprRest"/><location loc="30.76--30.82"/></nont><nont label="AddExprRest"/><location loc="30.76--30.82"/></nont><nont label="RelExprRest"/><location loc="30.76--30.82"/></nont><location loc="30.76--30.82"/></nont><nont label="ArgsRest"><term lexeme="," token="COMMA"><location loc="30.82--30.83"/></term><nont label="Args"><nont label="RelExpr"><nont label="AddExpr"><nont label="MulExpr"><nont label="PrefExpr"><nont label="PstfExpr"><nont label="Expr"><term lexeme="(" token="LPARENTHESIS"><location loc="30.84--30.85"/></term><nont label="RelExpr"><nont label="AddExpr"><nont label="MulExpr"><nont label="PrefExpr"><term lexeme="+" token="ADD"><location loc="30.85--30.86"/></term><nont label="PrefExpr"><nont label="PstfExpr"><nont label="Expr"><nont label="AtomExpr"><term lexeme="belo" token="IDENTIFIER"><location loc="30.87--30.90"/></term><nont label="CallEps"/><location loc="30.87--30.90"/></nont><location loc="30.87--30.90"/></nont><nont label="PstfExprRest"/><location loc="30.87--30.90"/></nont><location loc="30.87--30.90"/></nont><location loc="30.85--30.90"/></nont><nont label="MulExprRest"/><location loc="30.85--30.90"/></nont><nont label="AddExprRest"/><location loc="30.85--30.90"/></nont><nont label="RelExprRest"/><location loc="30.85--30.90"/></nont><nont label="CastEps"><term lexeme=":" token="COLON"><location loc="30.91--30.92"/></term><nont label="Type"><term lexeme="bool" token="BOOL"><location loc="30.94--30.97"/></term><location loc="30.94--30.97"/></nont><location loc="30.91--30.97"/></nont><term lexeme=")" token="RPARENTHESIS"><location loc="30.97--30.98"/></term><location loc="30.84--30.98"/></nont><nont label="PstfExprRest"/><location loc="30.84--30.98"/></nont><location loc="30.84--30.98"/></nont><nont label="MulExprRest"/><location loc="30.84--30.98"/></nont><nont label="AddExprRest"/><location loc="30.84--30.98"/></nont><nont label="RelExprRest"/><location loc="30.84--30.98"/></nont><location loc="30.84--30.98"/></nont><nont label="ArgsRest"/><location loc="30.82--30.98"/></nont><location loc="30.73--30.98"/></nont><location loc="30.68--30.98"/></nont><location loc="30.58--30.98"/></nont><term lexeme=")" token="RPARENTHESIS"><location loc="30.98--30.99"/></term><location loc="30.55--30.99"/></nont><location loc="30.50--30.99"/></nont><location loc="30.50--30.99"/></nont><nont label="PstfExprRest"/><location loc="30.50--30.99"/></nont><location loc="30.50--30.99"/></nont><nont label="MulExprRest"/><location loc="30.50--30.99"/></nont><nont label="AddExprRest"/><location loc="30.50--30.99"/></nont><nont label="RelExprRest"/><location loc="30.50--30.99"/></nont><term lexeme="]" token="RBRACKET"><location loc="30.99--30.100"/></term><nont label="Type"><term lexeme="void" token="VOID"><location loc="30.102--30.105"/></term><location loc="30.102--30.105"/></nont><location loc="30.45--30.105"/></nont><term lexeme=")" token="RPARENTHESIS"><location loc="30.105--30.106"/></term><location loc="30.40--30.106"/></nont><location loc="30.40--30.106"/></nont><nont label="PstfExprRest"/><location loc="30.40--30.106"/></nont><location loc="30.40--30.106"/></nont><nont label="MulExprRest"/><location loc="30.40--30.106"/></nont><nont label="AddExprRest"/><location loc="30.40--30.106"/></nont><nont label="RelExprRest"/><location loc="30.40--30.106"/></nont><term lexeme="]" token="RBRACKET"><location loc="30.106--30.107"/></term><nont label="PstfExprRest"/><location loc="30.38--30.107"/></nont><location loc="30.16--30.107"/></nont><location loc="30.16--30.107"/></nont><nont label="MulExprRest"/><location loc="30.16--30.107"/></nont><nont label="AddExprRest"/><location loc="30.16--30.107"/></nont><nont label="RelExprRest"/><location loc="30.16--30.107"/></nont><term lexeme="]" token="RBRACKET"><location loc="30.107--30.108"/></term><nont label="Type"><term lexeme="int" token="INT"><location loc="30.110--30.112"/></term><location loc="30.110--30.112"/></nont><location loc="30.13--30.112"/></nont><location loc="30.1--30.112"/></nont><nont label="DeclsRest"><nont label="Decls"><nont label="Decl"><term lexeme="var" token="VAR"><location loc="32.1--32.3"/></term><term lexeme="r1" token="IDENTIFIER"><location loc="32.5--32.6"/></term><term lexeme=":" token="COLON"><location loc="32.6--32.7"/></term><nont label="Type"><term lexeme="int" token="INT"><location loc="32.9--32.11"/></term><location loc="32.9--32.11"/></nont><location loc="32.1--32.11"/></nont><nont label="DeclsRest"><nont label="Decls"><nont label="Decl"><term lexeme="var" token="VAR"><location loc="33.1--33.3"/></term><term lexeme="r2" token="IDENTIFIER"><location loc="33.5--33.6"/></term><term lexeme=":" token="COLON"><location loc="33.6--33.7"/></term><nont label="Type"><term lexeme="int" token="INT"><location loc="33.9--33.11"/></term><location loc="33.9--33.11"/></nont><location loc="33.1--33.11"/></nont><nont label="DeclsRest"><nont label="Decls"><nont label="Decl"><term lexeme="var" token="VAR"><location loc="34.1--34.3"/></term><term lexeme="count" token="IDENTIFIER"><location loc="34.5--34.9"/></term><term lexeme=":" token="COLON"><location loc="34.9--34.10"/></term><nont label="Type"><term lexeme="int" token="INT"><location loc="34.12--34.14"/></term><location loc="34.12--34.14"/></nont><location loc="34.1--34.14"/></nont><nont label="DeclsRest"><nont label="Decls"><nont label="Decl"><term lexeme="fun" token="FUN"><location loc="36.1--36.3"/></term><term lexeme="fibb" token="IDENTIFIER"><location loc="36.5--36.8"/></term><term lexeme="(" token="LPARENTHESIS"><location loc="36.9--36.10"/></term><nont label="ParDeclsEps"><nont label="ParDecls"><nont label="ParDecl"><term lexeme="n" token="IDENTIFIER"><location loc="36.11--36.11"/></term><term lexeme=":" token="COLON"><location loc="36.11--36.12"/></term><nont label="Type"><term lexeme="int" token="INT"><location loc="36.13--36.15"/></term><location loc="36.13--36.15"/></nont><location loc="36.11--36.15"/></nont><nont label="ParDeclsRest"><term lexeme="," token="COMMA"><location loc="36.16--36.17"/></term><nont label="ParDecls"><nont label="ParDecl"><term lexeme="x" token="IDENTIFIER"><location loc="36.19--36.19"/></term><term lexeme=":" token="COLON"><location loc="36.19--36.20"/></term><nont label="Type"><term lexeme="bool" token="BOOL"><location loc="36.22--36.25"/></term><location loc="36.22--36.25"/></nont><location loc="36.19--36.25"/></nont><nont label="ParDeclsRest"/><location loc="36.19--36.25"/></nont><location loc="36.16--36.25"/></nont><location loc="36.11--36.25"/></nont><location loc="36.11--36.25"/></nont><term lexeme=")" token="RPARENTHESIS"><location loc="36.25--36.26"/></term><term lexeme=":" token="COLON"><location loc="36.27--36.28"/></term><nont label="Type"><term lexeme="int" token="INT"><location loc="36.30--36.32"/></term><location loc="36.30--36.32"/></nont><nont label="BodyEps"><term lexeme="=" token="ASSIGN"><location loc="36.33--36.34"/></term><nont label="Stmts"><nont label="Stmt"><nont label="RelExpr"><nont label="AddExpr"><nont label="MulExpr"><nont label="PrefExpr"><nont label="PstfExpr"><nont label="Expr"><nont label="AtomExpr"><term lexeme="count" token="IDENTIFIER"><location loc="37.5--37.9"/></term><nont label="CallEps"/><location loc="37.5--37.9"/></nont><location loc="37.5--37.9"/></nont><nont label="PstfExprRest"/><location loc="37.5--37.9"/></nont><location loc="37.5--37.9"/></nont><nont label="MulExprRest"/><location loc="37.5--37.9"/></nont><nont label="AddExprRest"/><location loc="37.5--37.9"/></nont><nont label="RelExprRest"/><location loc="37.5--37.9"/></nont><nont label="AssignEps"><term lexeme="=" token="ASSIGN"><location loc="37.10--37.11"/></term><nont label="RelExpr"><nont label="AddExpr"><nont label="MulExpr"><nont label="PrefExpr"><nont label="PstfExpr"><nont label="Expr"><nont label="AtomExpr"><term lexeme="n" token="IDENTIFIER"><location loc="37.13--37.13"/></term><nont label="CallEps"/><location loc="37.13--37.13"/></nont><location loc="37.13--37.13"/></nont><nont label="PstfExprRest"/><location loc="37.13--37.13"/></nont><location loc="37.13--37.13"/></nont><nont label="MulExprRest"/><location loc="37.13--37.13"/></nont><nont label="AddExprRest"/><location loc="37.13--37.13"/></nont><nont label="RelExprRest"/><location loc="37.13--37.13"/></nont><location loc="37.10--37.13"/></nont><location loc="37.5--37.13"/></nont><nont label="StmtsRest"><term lexeme=";" token="SEMIC"><location loc="37.13--37.14"/></term><nont label="Stmts"><nont label="Stmt"><nont label="RelExpr"><nont label="AddExpr"><nont label="MulExpr"><nont label="PrefExpr"><nont label="PstfExpr"><nont label="Expr"><nont label="AtomExpr"><term lexeme="res" token="IDENTIFIER"><location loc="38.5--38.7"/></term><nont label="CallEps"/><location loc="38.5--38.7"/></nont><location loc="38.5--38.7"/></nont><nont label="PstfExprRest"/><location loc="38.5--38.7"/></nont><location loc="38.5--38.7"/></nont><nont label="MulExprRest"/><location loc="38.5--38.7"/></nont><nont label="AddExprRest"/><location loc="38.5--38.7"/></nont><nont label="RelExprRest"/><location loc="38.5--38.7"/></nont><nont label="AssignEps"><term lexeme="=" token="ASSIGN"><location loc="38.8--38.9"/></term><nont label="RelExpr"><nont label="AddExpr"><nont label="MulExpr"><nont label="PrefExpr"><term lexeme="-" token="SUB"><location loc="38.10--38.11"/></term><nont label="PrefExpr"><nont label="PstfExpr"><nont label="Expr"><nont label="AtomExpr"><term lexeme="1" token="INTCONST"><location loc="38.12--38.12"/></term><location loc="38.12--38.12"/></nont><location loc="38.12--38.12"/></nont><nont label="PstfExprRest"/><location loc="38.12--38.12"/></nont><location loc="38.12--38.12"/></nont><location loc="38.10--38.12"/></nont><nont label="MulExprRest"/><location loc="38.10--38.12"/></nont><nont label="AddExprRest"><term lexeme="+" token="ADD"><location loc="38.12--38.13"/></term><nont label="MulExpr"><nont label="PrefExpr"><nont label="PstfExpr"><nont label="Expr"><nont label="AtomExpr"><term lexeme="0" token="INTCONST"><location loc="38.14--38.14"/></term><location loc="38.14--38.14"/></nont><location loc="38.14--38.14"/></nont><nont label="PstfExprRest"/><location loc="38.14--38.14"/></nont><location loc="38.14--38.14"/></nont><nont label="MulExprRest"/><location loc="38.14--38.14"/></nont><nont label="AddExprRest"><term lexeme="+" token="ADD"><location loc="38.14--38.15"/></term><nont label="MulExpr"><nont label="PrefExpr"><nont label="PstfExpr"><nont label="Expr"><nont label="AtomExpr"><term lexeme="0" token="INTCONST"><location loc="38.16--38.16"/></term><location loc="38.16--38.16"/></nont><location loc="38.16--38.16"/></nont><nont label="PstfExprRest"/><location loc="38.16--38.16"/></nont><location loc="38.16--38.16"/></nont><nont label="MulExprRest"/><location loc="38.16--38.16"/></nont><nont label="AddExprRest"><term lexeme="+" token="ADD"><location loc="38.16--38.17"/></term><nont label="MulExpr"><nont label="PrefExpr"><nont label="PstfExpr"><nont label="Expr"><nont label="AtomExpr"><term lexeme="0" token="INTCONST"><location loc="38.18--38.18"/></term><location loc="38.18--38.18"/></nont><location loc="38.18--38.18"/></nont><nont label="PstfExprRest"/><location loc="38.18--38.18"/></nont><location loc="38.18--38.18"/></nont><nont label="MulExprRest"/><location loc="38.18--38.18"/></nont><nont label="AddExprRest"><term lexeme="+" token="ADD"><location loc="38.19--38.20"/></term><nont label="MulExpr"><nont label="PrefExpr"><nont label="PstfExpr"><nont label="Expr"><nont label="AtomExpr"><term lexeme="2" token="INTCONST"><location loc="38.22--38.22"/></term><location loc="38.22--38.22"/></nont><location loc="38.22--38.22"/></nont><nont label="PstfExprRest"/><location loc="38.22--38.22"/></nont><location loc="38.22--38.22"/></nont><nont label="MulExprRest"/><location loc="38.22--38.22"/></nont><nont label="AddExprRest"/><location loc="38.19--38.22"/></nont><location loc="38.16--38.22"/></nont><location loc="38.14--38.22"/></nont><location loc="38.12--38.22"/></nont><location loc="38.10--38.22"/></nont><nont label="RelExprRest"/><location loc="38.10--38.22"/></nont><location loc="38.8--38.22"/></nont><location loc="38.5--38.22"/></nont><nont label="StmtsRest"><term lexeme=";" token="SEMIC"><location loc="38.22--38.23"/></term><nont label="Stmts"><nont label="Stmt"><term lexeme="while" token="WHILE"><location loc="39.6--39.9"/></term><nont label="RelExpr"><nont label="AddExpr"><nont label="MulExpr"><nont label="PrefExpr"><nont label="PstfExpr"><nont label="Expr"><nont label="AtomExpr"><term lexeme="count" token="IDENTIFIER"><location loc="39.11--39.15"/></term><nont label="CallEps"/><location loc="39.11--39.15"/></nont><location loc="39.11--39.15"/></nont><nont label="PstfExprRest"/><location loc="39.11--39.15"/></nont><location loc="39.11--39.15"/></nont><nont label="MulExprRest"/><location loc="39.11--39.15"/></nont><nont label="AddExprRest"/><location loc="39.11--39.15"/></nont><nont label="RelExprRest"><term lexeme="&gt;" token="GTH"><location loc="39.16--39.17"/></term><nont label="AddExpr"><nont label="MulExpr"><nont label="PrefExpr"><nont label="PstfExpr"><nont label="Expr"><nont label="AtomExpr"><term lexeme="2" token="INTCONST"><location loc="39.19--39.19"/></term><location loc="39.19--39.19"/></nont><location loc="39.19--39.19"/></nont><nont label="PstfExprRest"/><location loc="39.19--39.19"/></nont><location loc="39.19--39.19"/></nont><nont label="MulExprRest"/><location loc="39.19--39.19"/></nont><nont label="AddExprRest"/><location loc="39.19--39.19"/></nont><location loc="39.16--39.19"/></nont><location loc="39.11--39.19"/></nont><term lexeme="do" token="DO"><location loc="39.21--39.22"/></term><nont label="Stmts"><nont label="Stmt"><term lexeme="if" token="IF"><location loc="40.9--40.10"/></term><nont label="RelExpr"><nont label="AddExpr"><nont label="MulExpr"><nont label="PrefExpr"><nont label="PstfExpr"><nont label="Expr"><nont label="AtomExpr"><term lexeme="count" token="IDENTIFIER"><location loc="40.12--40.16"/></term><nont label="CallEps"/><location loc="40.12--40.16"/></nont><location loc="40.12--40.16"/></nont><nont label="PstfExprRest"/><location loc="40.12--40.16"/></nont><location loc="40.12--40.16"/></nont><nont label="MulExprRest"><term lexeme="%" token="MOD"><location loc="40.17--40.18"/></term><nont label="PrefExpr"><nont label="PstfExpr"><nont label="Expr"><nont label="AtomExpr"><term lexeme="2" token="INTCONST"><location loc="40.20--40.20"/></term><location loc="40.20--40.20"/></nont><location loc="40.20--40.20"/></nont><nont label="PstfExprRest"/><location loc="40.20--40.20"/></nont><location loc="40.20--40.20"/></nont><nont label="MulExprRest"/><location loc="40.17--40.20"/></nont><location loc="40.12--40.20"/></nont><nont label="AddExprRest"/><location loc="40.12--40.20"/></nont><nont label="RelExprRest"><term lexeme="==" token="EQU"><location loc="40.21--40.23"/></term><nont label="AddExpr"><nont label="MulExpr"><nont label="PrefExpr"><nont label="PstfExpr"><nont label="Expr"><nont label="AtomExpr"><term lexeme="0" token="INTCONST"><location loc="40.25--40.25"/></term><location loc="40.25--40.25"/></nont><location loc="40.25--40.25"/></nont><nont label="PstfExprRest"/><location loc="40.25--40.25"/></nont><location loc="40.25--40.25"/></nont><nont label="MulExprRest"/><location loc="40.25--40.25"/></nont><nont label="AddExprRest"/><location loc="40.25--40.25"/></nont><location loc="40.21--40.25"/></nont><location loc="40.12--40.25"/></nont><term lexeme="then" token="THEN"><location loc="41.9--41.12"/></term><nont label="Stmts"><nont label="Stmt"><nont label="RelExpr"><nont label="AddExpr"><nont label="MulExpr"><nont label="PrefExpr"><nont label="PstfExpr"><nont label="Expr"><nont label="AtomExpr"><term lexeme="r1" token="IDENTIFIER"><location loc="42.13--42.14"/></term><nont label="CallEps"/><location loc="42.13--42.14"/></nont><location loc="42.13--42.14"/></nont><nont label="PstfExprRest"/><location loc="42.13--42.14"/></nont><location loc="42.13--42.14"/></nont><nont label="MulExprRest"/><location loc="42.13--42.14"/></nont><nont label="AddExprRest"/><location loc="42.13--42.14"/></nont><nont label="RelExprRest"/><location loc="42.13--42.14"/></nont><nont label="AssignEps"><term lexeme="=" token="ASSIGN"><location loc="42.15--42.16"/></term><nont label="RelExpr"><nont label="AddExpr"><nont label="MulExpr"><nont label="PrefExpr"><nont label="PstfExpr"><nont label="Expr"><nont label="AtomExpr"><term lexeme="r1" token="IDENTIFIER"><location loc="42.18--42.19"/></term><nont label="CallEps"/><location loc="42.18--42.19"/></nont><location loc="42.18--42.19"/></nont><nont label="PstfExprRest"/><location loc="42.18--42.19"/></nont><location loc="42.18--42.19"/></nont><nont label="MulExprRest"/><location loc="42.18--42.19"/></nont><nont label="AddExprRest"><term lexeme="+" token="ADD"><location loc="42.20--42.21"/></term><nont label="MulExpr"><nont label="PrefExpr"><nont label="PstfExpr"><nont label="Expr"><nont label="AtomExpr"><term lexeme="r2" token="IDENTIFIER"><location loc="42.23--42.24"/></term><nont label="CallEps"/><location loc="42.23--42.24"/></nont><location loc="42.23--42.24"/></nont><nont label="PstfExprRest"/><location loc="42.23--42.24"/></nont><location loc="42.23--42.24"/></nont><nont label="MulExprRest"/><location loc="42.23--42.24"/></nont><nont label="AddExprRest"/><location loc="42.20--42.24"/></nont><location loc="42.18--42.24"/></nont><nont label="RelExprRest"/><location loc="42.18--42.24"/></nont><location loc="42.15--42.24"/></nont><location loc="42.13--42.24"/></nont><nont label="StmtsRest"/><location loc="42.13--42.24"/></nont><nont label="ElseEps"><term lexeme="else" token="ELSE"><location loc="43.9--43.12"/></term><nont label="Stmts"><nont label="Stmt"><nont label="RelExpr"><nont label="AddExpr"><nont label="MulExpr"><nont label="PrefExpr"><nont label="PstfExpr"><nont label="Expr"><nont label="AtomExpr"><term lexeme="r2" token="IDENTIFIER"><location loc="44.13--44.14"/></term><nont label="CallEps"/><location loc="44.13--44.14"/></nont><location loc="44.13--44.14"/></nont><nont label="PstfExprRest"/><location loc="44.13--44.14"/></nont><location loc="44.13--44.14"/></nont><nont label="MulExprRest"/><location loc="44.13--44.14"/></nont><nont label="AddExprRest"/><location loc="44.13--44.14"/></nont><nont label="RelExprRest"/><location loc="44.13--44.14"/></nont><nont label="AssignEps"><term lexeme="=" token="ASSIGN"><location loc="44.15--44.16"/></term><nont label="RelExpr"><nont label="AddExpr"><nont label="MulExpr"><nont label="PrefExpr"><nont label="PstfExpr"><nont label="Expr"><nont label="AtomExpr"><term lexeme="r1" token="IDENTIFIER"><location loc="44.18--44.19"/></term><nont label="CallEps"/><location loc="44.18--44.19"/></nont><location loc="44.18--44.19"/></nont><nont label="PstfExprRest"/><location loc="44.18--44.19"/></nont><location loc="44.18--44.19"/></nont><nont label="MulExprRest"/><location loc="44.18--44.19"/></nont><nont label="AddExprRest"><term lexeme="+" token="ADD"><location loc="44.20--44.21"/></term><nont label="MulExpr"><nont label="PrefExpr"><nont label="PstfExpr"><nont label="Expr"><nont label="AtomExpr"><term lexeme="r2" token="IDENTIFIER"><location loc="44.23--44.24"/></term><nont label="CallEps"/><location loc="44.23--44.24"/></nont><location loc="44.23--44.24"/></nont><nont label="PstfExprRest"/><location loc="44.23--44.24"/></nont><location loc="44.23--44.24"/></nont><nont label="MulExprRest"/><location loc="44.23--44.24"/></nont><nont label="AddExprRest"/><location loc="44.20--44.24"/></nont><location loc="44.18--44.24"/></nont><nont label="RelExprRest"/><location loc="44.18--44.24"/></nont><location loc="44.15--44.24"/></nont><location loc="44.13--44.24"/></nont><nont label="StmtsRest"/><location loc="44.13--44.24"/></nont><location loc="43.9--44.24"/></nont><term lexeme="end" token="END"><location loc="45.9--45.11"/></term><location loc="40.9--45.11"/></nont><nont label="StmtsRest"/><location loc="40.9--45.11"/></nont><term lexeme="end" token="END"><location loc="46.5--46.7"/></term><location loc="39.6--46.7"/></nont><nont label="StmtsRest"/><location loc="39.6--46.7"/></nont><location loc="38.22--46.7"/></nont><location loc="38.5--46.7"/></nont><location loc="37.13--46.7"/></nont><location loc="37.5--46.7"/></nont><term lexeme=":" token="COLON"><location loc="47.0--47.1"/></term><nont label="RelExpr"><nont label="AddExpr"><nont label="MulExpr"><nont label="PrefExpr"><nont label="PstfExpr"><nont label="Expr"><nont label="AtomExpr"><term lexeme="x" token="IDENTIFIER"><location loc="47.3--47.3"/></term><nont label="CallEps"/><location loc="47.3--47.3"/></nont><location loc="47.3--47.3"/></nont><nont label="PstfExprRest"/><location loc="47.3--47.3"/></nont><location loc="47.3--47.3"/></nont><nont label="MulExprRest"/><location loc="47.3--47.3"/></nont><nont label="AddExprRest"/><location loc="47.3--47.3"/></nont><nont label="RelExprRest"/><location loc="47.3--47.3"/></nont><nont label="WhereEps"><term lexeme="{" token="LBRACE"><location loc="47.4--47.5"/></term><term lexeme="where" token="WHERE"><location loc="47.8--47.11"/></term><nont label="Decls"><nont label="Decl"><term lexeme="typ" token="TYP"><location loc="47.13--47.15"/></term><term lexeme="x" token="IDENTIFIER"><location loc="47.17--47.17"/></term><term lexeme=":" token="COLON"><location loc="47.18--47.19"/></term><nont label="Type"><term lexeme="x" token="IDENTIFIER"><location loc="47.21--47.21"/></term><location loc="47.21--47.21"/></nont><location loc="47.13--47.21"/></nont><nont label="DeclsRest"/><location loc="47.13--47.21"/></nont><term lexeme="}" token="RBRACE"><location loc="47.22--47.23"/></term><location loc="47.4--47.23"/></nont><location loc="36.33--47.23"/></nont><location loc="36.1--47.23"/></nont><nont label="DeclsRest"/><location loc="36.1--47.23"/></nont><location loc="36.1--47.23"/></nont><location loc="34.1--47.23"/></nont><location loc="34.1--47.23"/></nont><location loc="33.1--47.23"/></nont><location loc="33.1--47.23"/></nont><location loc="32.1--47.23"/></nont><location loc="32.1--47.23"/></nont><location loc="30.1--47.23"/></nont><location loc="30.1--47.23"/></nont><location loc="28.1--47.23"/></nont><location loc="28.1--47.23"/></nont><location loc="16.1--47.23"/></nont><location loc="16.1--47.23"/></nont><location loc="15.1--47.23"/></nont><location loc="15.1--47.23"/></nont><location loc="14.1--47.23"/></nont><location loc="14.1--47.23"/></nont><location loc="11.1--47.23"/></nont><location loc="11.1--47.23"/></nont><location loc="9.1--47.23"/></nont><location loc="9.1--47.23"/></nont><location loc="7.5--47.23"/></nont><location loc="7.5--47.23"/></nont><location loc="6.5--47.23"/></nont><location loc="6.5--47.23"/></nont><location loc="5.5--47.23"/></nont><location loc="5.5--47.23"/></nont><location loc="4.5--47.23"/></nont><location loc="4.5--47.23"/></nont></synan>