<?xml version="1.0" encoding="UTF-8" standalone="no"?><?xml-stylesheet type="text/xsl" href="../../data/lexan.xsl"?><lexan><term lexeme="1" token="INTCONST"><location loc="1.1--1.1"/></term><term lexeme="x" token="IDENTIFIER"><location loc="1.2--1.2"/></term></lexan>