<?xml version="1.0" encoding="UTF-8" standalone="no"?><?xml-stylesheet type="text/xsl" href="abstr.xsl"?><abstr><node label="Source"><node label="Decls"><node label="FunDecl" lexeme="onlyDefLulz"><node label="ParDecls"><node label="ParDecl" lexeme="a"><node label="AtomType" spec="CHAR"><location loc="3.19--3.22"/></node><location loc="3.17--3.22"/></node><node label="ParDecl" lexeme="b"><node label="AtomType" spec="CHAR"><location loc="3.27--3.30"/></node><location loc="3.25--3.30"/></node><location loc="3.17--3.30"/></node><node label="AtomType" spec="BOOL"><location loc="3.35--3.38"/></node><location loc="3.1--3.38"/></node><node label="FunDef" lexeme="kek"><node label="ParDecls"><node label="ParDecl" lexeme="i"><node label="AtomType" spec="INT"><location loc="5.11--5.13"/></node><location loc="5.9--5.13"/></node><node label="ParDecl" lexeme="b"><node label="AtomType" spec="CHAR"><location loc="5.18--5.21"/></node><location loc="5.16--5.21"/></node><location loc="5.9--5.21"/></node><node label="AtomType" spec="INT"><location loc="5.26--5.28"/></node><node label="BlockExpr"><node label="Decls"><node label="VarDecl" lexeme="m"><node label="AtomType" spec="INT"><location loc="7.27--7.29"/></node><location loc="7.21--7.29"/></node><location loc="7.21--0.0"/></node><node label="Stmts"><node label="AssignStmt"><node label="VarName" lexeme="m"><location loc="6.5--6.5"/></node><node label="BinExpr" spec="ADD"><node label="BinExpr" spec="ADD"><node label="VarName" lexeme="i"><location loc="6.9--6.9"/></node><node label="VarName" lexeme="b"><location loc="6.13--6.13"/></node><location loc="6.10--6.17"/></node><node label="AtomExpr" lexeme="1" spec="INT"><location loc="6.17--6.17"/></node><location loc="6.14--6.17"/></node><location loc="6.5--6.17"/></node><location loc="6.5--6.17"/></node><node label="VarName" lexeme="m"><location loc="7.11--7.11"/></node><location loc="5.29--7.31"/></node><location loc="5.1--7.31"/></node><node label="VarDecl" lexeme="a"><node label="AtomType" spec="INT"><location loc="9.8--9.10"/></node><location loc="9.1--9.10"/></node><node label="VarDecl" lexeme="b"><node label="AtomType" spec="CHAR"><location loc="10.8--10.11"/></node><location loc="10.1--10.11"/></node><node label="VarDecl" lexeme="i"><node label="AtomType" spec="INT"><location loc="11.8--11.10"/></node><location loc="11.1--11.10"/></node><node label="FunDef" lexeme="main"><node label="ParDecls"><location loc="0.0--0.0"/></node><node label="AtomType" spec="INT"><location loc="13.14--13.16"/></node><node label="BlockExpr"><node label="Decls"><location loc="13.17--27.3"/></node><node label="Stmts"><node label="AssignStmt"><node label="VarName" lexeme="a"><location loc="14.5--14.5"/></node><node label="AtomExpr" lexeme="5" spec="INT"><location loc="14.9--14.9"/></node><location loc="14.5--14.9"/></node><node label="AssignStmt"><node label="VarName" lexeme="b"><location loc="15.5--15.5"/></node><node label="CastExpr"><node label="VarName" lexeme="a"><location loc="15.10--15.10"/></node><node label="AtomType" spec="CHAR"><location loc="15.14--15.17"/></node><location loc="15.11--15.17"/></node><location loc="15.5--15.18"/></node><node label="AssignStmt"><node label="VarName" lexeme="i"><location loc="16.5--16.5"/></node><node label="AtomExpr" lexeme="0" spec="INT"><location loc="16.9--16.9"/></node><location loc="16.5--16.9"/></node><node label="ExprStmt"><node label="FunName" lexeme="x"><node label="Args"><node label="VarName" lexeme="x"><location loc="17.7--17.7"/></node><node label="VarName" lexeme="z"><location loc="17.11--17.11"/></node><location loc="17.7--17.11"/></node><location loc="17.5--17.12"/></node><location loc="17.5--17.12"/></node><node label="WhileStmt"><node label="BinExpr" spec="LEQ"><node label="VarName" lexeme="i"><location loc="18.11--18.11"/></node><node label="AtomExpr" lexeme="10" spec="INT"><location loc="18.16--18.17"/></node><location loc="18.12--18.17"/></node><node label="Stmts"><node label="AssignStmt"><node label="VarName" lexeme="i"><location loc="19.9--19.9"/></node><node label="BinExpr" spec="ADD"><node label="VarName" lexeme="i"><location loc="19.13--19.13"/></node><node label="AtomExpr" lexeme="1" spec="INT"><location loc="19.17--19.17"/></node><location loc="19.14--19.17"/></node><location loc="19.9--19.17"/></node><node label="IfStmt"><node label="BinExpr" spec="EQU"><node label="VarName" lexeme="i"><location loc="20.12--20.12"/></node><node label="BinExpr" spec="ADD"><node label="AtomExpr" lexeme="3" spec="INT"><location loc="20.18--20.18"/></node><node label="AtomExpr" lexeme="3" spec="INT"><location loc="20.22--20.22"/></node><location loc="20.19--20.22"/></node><location loc="20.13--20.23"/></node><node label="Stmts"><node label="AssignStmt"><node label="VarName" lexeme="b"><location loc="21.13--21.13"/></node><node label="BinExpr" spec="ADD"><node label="VarName" lexeme="b"><location loc="21.17--21.17"/></node><node label="BinExpr" spec="MUL"><node label="AtomExpr" lexeme="3" spec="INT"><location loc="21.21--21.21"/></node><node label="AtomExpr" lexeme="2" spec="INT"><location loc="21.25--21.25"/></node><location loc="21.22--21.25"/></node><location loc="21.18--21.25"/></node><location loc="21.13--21.25"/></node><node label="AssignStmt"><node label="VarName" lexeme="b"><location loc="22.13--22.13"/></node><node label="BinExpr" spec="DIV"><node label="VarName" lexeme="b"><location loc="22.17--22.17"/></node><node label="AtomExpr" lexeme="2" spec="INT"><location loc="22.21--22.21"/></node><location loc="22.18--22.21"/></node><location loc="22.13--22.21"/></node><location loc="21.13--22.21"/></node><node label="Stmts"><node label="ExprStmt"><node label="FunName" lexeme="kek"><node label="Args"><node label="BinExpr" spec="ADD"><node label="VarName" lexeme="i"><location loc="24.17--24.17"/></node><node label="AtomExpr" lexeme="1" spec="INT"><location loc="24.21--24.21"/></node><location loc="24.18--24.21"/></node><node label="VarName" lexeme="b"><location loc="24.24--24.24"/></node><location loc="24.17--24.24"/></node><location loc="24.13--24.25"/></node><location loc="24.13--24.25"/></node><location loc="24.13--24.25"/></node><location loc="20.9--25.11"/></node><location loc="19.9--25.11"/></node><location loc="18.6--26.7"/></node><location loc="14.5--26.7"/></node><node label="VarName" lexeme="j"><location loc="27.3--27.3"/></node><location loc="13.17--27.3"/></node><location loc="13.1--27.3"/></node><location loc="3.1--27.3"/></node><location loc="3.1--27.3"/></node></abstr>